Loading 3222 phenotypes and 43 covariates:
In: 44/3265 (BIN_FC1002306)
In: 45/3265 (INI25908)
In: 46/3265 (INI25909)
In: 47/3265 (INI25906)
In: 48/3265 (INI25907)
In: 49/3265 (INI25904)
In: 50/3265 (BIN_FC30003486)
In: 51/3265 (INI25902)
In: 52/3265 (INI25903)
In: 53/3265 (INI25900)
In: 54/3265 (INI25901)
In: 55/3265 (MED1140860954)
In: 56/3265 (INI4079)
In: 57/3265 (MED1140866738)
In: 58/3265 (MED1140872150)
In: 59/3265 (INI90136)
In: 60/3265 (INI3829)
In: 61/3265 (MED1140884488)
In: 62/3265 (INI25348)
In: 63/3265 (INI25349)
In: 64/3265 (INI25838)
In: 65/3265 (INI25839)
In: 66/3265 (MED1140869176)
In: 67/3265 (QT_FC1001697)
In: 68/3265 (INI25832)
In: 69/3265 (INI25833)
In: 70/3265 (INI25830)
In: 71/3265 (INI25831)
In: 72/3265 (INI25344)
In: 73/3265 (INI25345)
In: 74/3265 (INI25346)
In: 75/3265 (INI25347)
In: 76/3265 (INI25905)
In: 77/3265 (INI90130)
In: 78/3265 (MED1141180212)
In: 79/3265 (FH1286)
In: 80/3265 (MED1000000174)
In: 81/3265 (MED1140911658)
In: 82/3265 (MED1000000176)
In: 83/3265 (MED1141168554)
In: 84/3265 (MED1140875632)
In: 85/3265 (MED1141164828)
In: 86/3265 (INI90151)
In: 87/3265 (INI20412)
In: 88/3265 (BIN4041)
In: 89/3265 (BIN_FC14006155)
In: 90/3265 (MED1140869930)
In: 91/3265 (MED1141164060)
In: 92/3265 (MED1140881472)
In: 93/3265 (INI884)
In: 94/3265 (HC28)
In: 95/3265 (BIN1960)
In: 96/3265 (HC24)
In: 97/3265 (HC27)
In: 98/3265 (HC26)
In: 99/3265 (HC21)
In: 100/3265 (HC22)
In: 101/3265 (MED1140874744)
In: 102/3265 (MED1140864286)
In: 103/3265 (MED1140867818)
In: 104/3265 (BIN2463)
In: 105/3265 (MED1140883748)
In: 106/3265 (INI30800)
In: 107/3265 (MED1140878304)
In: 108/3265 (MED1141157252)
In: 109/3265 (MED1140870956)
In: 110/3265 (MED1140925978)
In: 111/3265 (MED1140911732)
In: 112/3265 (MED1000000569)
In: 113/3265 (HC251)
In: 114/3265 (HC250)
In: 115/3265 (HC253)
In: 116/3265 (HC252)
In: 117/3265 (HC255)
In: 118/3265 (HC254)
In: 119/3265 (HC257)
In: 120/3265 (HC256)
In: 121/3265 (HC259)
In: 122/3265 (MED1000000769)
In: 123/3265 (MED1000000768)
In: 124/3265 (MED1141146606)
In: 125/3265 (INI23210)
In: 126/3265 (BIN5485)
In: 127/3265 (INI23213)
In: 128/3265 (INI23214)
In: 129/3265 (INI23215)
In: 130/3265 (INI23216)
In: 131/3265 (INI90121)
In: 132/3265 (INI21036)
In: 133/3265 (INI21037)
In: 134/3265 (INI21034)
In: 135/3265 (INI21032)
In: 136/3265 (INI21033)
In: 137/3265 (INI21030)
In: 138/3265 (INI21031)
In: 139/3265 (INI21039)
In: 140/3265 (MED1140868170)
In: 141/3265 (MED1140878186)
In: 142/3265 (QT_FC1002080)
In: 143/3265 (INI22402)
In: 144/3265 (BIN2040)
In: 145/3265 (MED1141174032)
In: 146/3265 (INI20090004)
In: 147/3265 (HC355)
In: 148/3265 (MED1140861090)
In: 149/3265 (HC356)
In: 150/3265 (HC105)
In: 151/3265 (HC104)
In: 152/3265 (HC107)
In: 153/3265 (HC106)
In: 154/3265 (BIN_FC10003393)
In: 155/3265 (HC100)
In: 156/3265 (HC103)
In: 157/3265 (HC102)
In: 158/3265 (INI22154)
In: 159/3265 (MED1140879854)
In: 160/3265 (HC109)
In: 161/3265 (MED1141145896)
In: 162/3265 (MED1140929012)
In: 163/3265 (HC351)
In: 164/3265 (BIN_FC8006154)
In: 165/3265 (BIN_FC8006155)
In: 166/3265 (INI25075)
In: 167/3265 (INI22404)
In: 168/3265 (BIN_FC8006152)
In: 169/3265 (BIN_FC8006153)
In: 170/3265 (INI30660)
In: 171/3265 (INI22405)
In: 172/3265 (MED1140879798)
In: 173/3265 (BIN20401)
In: 174/3265 (QT_FC1004570)
In: 175/3265 (INI25836)
In: 176/3265 (MED1140871052)
In: 177/3265 (MED1140865716)
In: 178/3265 (INI25837)
In: 179/3265 (INI25834)
In: 180/3265 (BIN_FC10003731)
In: 181/3265 (INI25835)
In: 182/3265 (MED1000000581)
In: 183/3265 (INI20520)
In: 184/3265 (INI10030635)
In: 185/3265 (INI10030630)
In: 186/3265 (QT_FC1002936)
In: 187/3265 (MED1141180226)
In: 188/3265 (MED1140862944)
In: 189/3265 (INI25009)
In: 190/3265 (INI25008)
In: 191/3265 (INI25007)
In: 192/3265 (INI25006)
In: 193/3265 (INI25005)
In: 194/3265 (INI25004)
In: 195/3265 (INI25003)
In: 196/3265 (INI25002)
In: 197/3265 (INI25001)
In: 198/3265 (INI25000)
In: 199/3265 (BIN_FC10002463)
In: 200/3265 (INI30060)
In: 201/3265 (MED1140882394)
In: 202/3265 (INI5132)
In: 203/3265 (INI10030835)
In: 204/3265 (INI10030830)
In: 205/3265 (INI1160)
In: 206/3265 (INI5134)
In: 207/3265 (INI5106)
In: 208/3265 (BIN_FC50020126)
In: 209/3265 (INI30010)
In: 210/3265 (BIN_FC10005496)
In: 211/3265 (MED1140867490)
In: 212/3265 (MED1140928284)
In: 213/3265 (MED1140882618)
In: 214/3265 (INI25645)
In: 215/3265 (INI25644)
In: 216/3265 (INI25647)
In: 217/3265 (INI25646)
In: 218/3265 (INI25641)
In: 219/3265 (INI25640)
In: 220/3265 (INI25643)
In: 221/3265 (INI25642)
In: 222/3265 (INI25649)
In: 223/3265 (BIN_FC10001797)
In: 224/3265 (MED1140871680)
In: 225/3265 (BIN3081)
In: 226/3265 (INI30110)
In: 227/3265 (MED1141195224)
In: 228/3265 (BIN_FC140020544)
In: 229/3265 (BIN_FC10004631)
In: 230/3265 (MED1140923336)
In: 231/3265 (MED1140871112)
In: 232/3265 (INI30840)
In: 233/3265 (BIN_FC4002395)
In: 234/3265 (RH45)
In: 235/3265 (BIN_FC1002159)
In: 236/3265 (MED1140888512)
In: 237/3265 (MED1140888510)
In: 238/3265 (INI25730)
In: 239/3265 (INI25735)
In: 240/3265 (INI25734)
In: 241/3265 (BIN_FC30020547)
In: 242/3265 (BIN_FC30020546)
In: 243/3265 (BIN_FC30020544)
In: 244/3265 (BIN_FC30020549)
In: 245/3265 (BIN_FC30020548)
In: 246/3265 (INI25911)
In: 247/3265 (INI25910)
In: 248/3265 (INI25913)
In: 249/3265 (INI25912)
In: 250/3265 (INI25915)
In: 251/3265 (INI25914)
In: 252/3265 (INI25917)
In: 253/3265 (INI25916)
In: 254/3265 (BIN_FC3001747)
In: 255/3265 (INI25918)
In: 256/3265 (INI4282)
In: 257/3265 (QT_FC1001687)
In: 258/3265 (MED1140871732)
In: 259/3265 (cancer1048)
In: 260/3265 (MED1140879620)
In: 261/3265 (BIN_FC10002844)
In: 262/3265 (MED1000000075)
In: 263/3265 (INI25359)
In: 264/3265 (INI25358)
In: 265/3265 (INI25829)
In: 266/3265 (INI25828)
In: 267/3265 (MED1000000074)
In: 268/3265 (INI25353)
In: 269/3265 (INI25352)
In: 270/3265 (INI25351)
In: 271/3265 (INI25350)
In: 272/3265 (INI25357)
In: 273/3265 (INI25356)
In: 274/3265 (INI25355)
In: 275/3265 (INI25354)
In: 276/3265 (MED1140909766)
In: 277/3265 (MED1000000076)
In: 278/3265 (MED1141150944)
In: 279/3265 (MED1140865394)
In: 280/3265 (MED1000000071)
In: 281/3265 (MED1140865396)
In: 282/3265 (MED1000000070)
In: 283/3265 (INI3456)
In: 284/3265 (MED1000000073)
In: 285/3265 (MED1000000072)
In: 286/3265 (MED1000000101)
In: 287/3265 (MED1000000100)
In: 288/3265 (MED1000000103)
In: 289/3265 (MED1000000102)
In: 290/3265 (MED1000000105)
In: 291/3265 (MED1000000104)
In: 292/3265 (MED1000000107)
In: 293/3265 (MED1000000106)
In: 294/3265 (MED1000000109)
In: 295/3265 (MED1000000108)
In: 296/3265 (MED1140911640)
In: 297/3265 (MED1000000077)
In: 298/3265 (RH81)
In: 299/3265 (RH86)
In: 300/3265 (RH84)
In: 301/3265 (MED1000000091)
In: 302/3265 (BIN_FC5001747)
In: 303/3265 (RH89)
In: 304/3265 (MED1140871336)
In: 305/3265 (MED1140868772)
In: 306/3265 (BIN1950)
In: 307/3265 (BIN_FC10010105)
In: 308/3265 (HC58)
In: 309/3265 (HC59)
In: 310/3265 (MED1140879428)
In: 311/3265 (INI894)
In: 312/3265 (HC51)
In: 313/3265 (HC52)
In: 314/3265 (HC53)
In: 315/3265 (HC54)
In: 316/3265 (HC55)
In: 317/3265 (HC56)
In: 318/3265 (HC57)
In: 319/3265 (MED1000000618)
In: 320/3265 (MED1000000616)
In: 321/3265 (MED1000000613)
In: 322/3265 (INI25674)
In: 323/3265 (INI25675)
In: 324/3265 (BIN2453)
In: 325/3265 (QT_FC1002178)
In: 326/3265 (INI30270)
In: 327/3265 (MED1141181594)
In: 328/3265 (MED1141184748)
In: 329/3265 (MED1140917034)
In: 330/3265 (MED1141157264)
In: 331/3265 (QT_FC10020459)
In: 332/3265 (INI25672)
In: 333/3265 (MED1000000577)
In: 334/3265 (INI25673)
In: 335/3265 (HC242)
In: 336/3265 (HC243)
In: 337/3265 (HC240)
In: 338/3265 (HC241)
In: 339/3265 (HC246)
In: 340/3265 (HC247)
In: 341/3265 (MED1140874420)
In: 342/3265 (MED1000000809)
In: 343/3265 (HC248)
In: 344/3265 (HC249)
In: 345/3265 (MED1000000778)
In: 346/3265 (MED1000000779)
In: 347/3265 (BIN_FC9006155)
In: 348/3265 (BIN_FC9006154)
In: 349/3265 (INI23209)
In: 350/3265 (INI23208)
In: 351/3265 (BIN_FC9006153)
In: 352/3265 (BIN_FC9006152)
In: 353/3265 (INI23202)
In: 354/3265 (INI23201)
In: 355/3265 (INI23200)
In: 356/3265 (INI23206)
In: 357/3265 (QT_FC1002306)
In: 358/3265 (MED1140916980)
In: 359/3265 (MED1140870862)
In: 360/3265 (BIN_FC10012323)
In: 361/3265 (MED1140862572)
In: 362/3265 (MED1141146188)
In: 363/3265 (MED1140865654)
In: 364/3265 (BIN_FC20020018)
In: 365/3265 (QT_FC10003506)
In: 366/3265 (MED1140870422)
In: 367/3265 (INI6194)
In: 368/3265 (MED1141146508)
In: 369/3265 (INI25598)
In: 370/3265 (BIN21026)
In: 371/3265 (BIN21027)
In: 372/3265 (BIN21024)
In: 373/3265 (MED1140861088)
In: 374/3265 (HC116)
In: 375/3265 (HC117)
In: 376/3265 (HC114)
In: 377/3265 (INI20465)
In: 378/3265 (BIN_FC10003414)
In: 379/3265 (HC113)
In: 380/3265 (HC110)
In: 381/3265 (BIN_FC10012187)
In: 382/3265 (BIN_FC10006179)
In: 383/3265 (RH140)
In: 384/3265 (RH141)
In: 385/3265 (RH146)
In: 386/3265 (MED1140879866)
In: 387/3265 (HC118)
In: 388/3265 (HC119)
In: 389/3265 (HC25)
In: 390/3265 (INI30610)
In: 391/3265 (INI25811)
In: 392/3265 (MED1140883568)
In: 393/3265 (INI4418)
In: 394/3265 (MED1141180150)
In: 395/3265 (INI20512)
In: 396/3265 (INI20513)
In: 397/3265 (INI20510)
In: 398/3265 (INI20511)
In: 399/3265 (INI20516)
In: 400/3265 (INI20517)
In: 401/3265 (INI20514)
In: 402/3265 (INI20515)
In: 403/3265 (INI21021)
In: 404/3265 (INI20518)
In: 405/3265 (INI20519)
In: 406/3265 (INI21025)
In: 407/3265 (MED1000000591)
In: 408/3265 (HC2)
In: 409/3265 (INI5097)
In: 410/3265 (INI5096)
In: 411/3265 (MED1141168944)
In: 412/3265 (INI26417)
In: 413/3265 (MED1141168946)
In: 414/3265 (HC3)
In: 415/3265 (MED1141168948)
In: 416/3265 (INI5099)
In: 417/3265 (HC420)
In: 418/3265 (BIN_FC7006179)
In: 419/3265 (INI25033)
In: 420/3265 (INI25030)
In: 421/3265 (HC421)
In: 422/3265 (INI25036)
In: 423/3265 (INI25037)
In: 424/3265 (INI25034)
In: 425/3265 (INI25035)
In: 426/3265 (INI23269)
In: 427/3265 (INI25038)
In: 428/3265 (INI25039)
In: 429/3265 (HC7)
In: 430/3265 (INI30720)
In: 431/3265 (INI30050)
In: 432/3265 (HC424)
In: 433/3265 (BIN_FC10002473)
In: 434/3265 (INI20508)
In: 435/3265 (INI10030800)
In: 436/3265 (INI90148)
In: 437/3265 (INI90149)
In: 438/3265 (INI90146)
In: 439/3265 (INI90147)
In: 440/3265 (INI90144)
In: 441/3265 (INI90145)
In: 442/3265 (INI90142)
In: 443/3265 (HC8)
In: 444/3265 (INI90140)
In: 445/3265 (INI90141)
In: 446/3265 (HC429)
In: 447/3265 (INI5274)
In: 448/3265 (INI5276)
In: 449/3265 (RH74)
In: 450/3265 (cancer1041)
In: 451/3265 (INI23260)
In: 452/3265 (BIN_FC10005485)
In: 453/3265 (MED1140882626)
In: 454/3265 (INI10030790)
In: 455/3265 (MED1140879464)
In: 456/3265 (INI10030795)
In: 457/3265 (MED1140922174)
In: 458/3265 (INI25102)
In: 459/3265 (INI25103)
In: 460/3265 (INI25100)
In: 461/3265 (INI25101)
In: 462/3265 (MED1140871692)
In: 463/3265 (MED1141145660)
In: 464/3265 (MED1141195232)
In: 465/3265 (INI30120)
In: 466/3265 (INI5160)
In: 467/3265 (INI4700)
In: 468/3265 (MED1140860750)
In: 469/3265 (MED1000000379)
In: 470/3265 (INI25698)
In: 471/3265 (INI25699)
In: 472/3265 (INI25696)
In: 473/3265 (INI25697)
In: 474/3265 (INI25694)
In: 475/3265 (INI25695)
In: 476/3265 (INI25692)
In: 477/3265 (BIN_FC10002100)
In: 478/3265 (INI25690)
In: 479/3265 (INI25691)
In: 480/3265 (BIN_FC7001747)
In: 481/3265 (BIN_FC10001259)
In: 482/3265 (INI25495)
In: 483/3265 (INI25853)
In: 484/3265 (MED1140873548)
In: 485/3265 (INI25744)
In: 486/3265 (MED1140866280)
In: 487/3265 (INI25741)
In: 488/3265 (INI25742)
In: 489/3265 (INI25588)
In: 490/3265 (INI25589)
In: 491/3265 (BIN_FC10001920)
In: 492/3265 (INI25582)
In: 493/3265 (INI25583)
In: 494/3265 (INI25580)
In: 495/3265 (INI25581)
In: 496/3265 (INI25586)
In: 497/3265 (INI25587)
In: 498/3265 (BIN_FC10020459)
In: 499/3265 (BIN_FC10020458)
In: 500/3265 (INI3849)
In: 501/3265 (QT_FC1002070)
In: 502/3265 (BIN_FC10004041)
In: 503/3265 (MED1140909578)
In: 504/3265 (MED1141179992)
In: 505/3265 (MED1140860976)
In: 506/3265 (MED1141194224)
In: 507/3265 (INI4056)
In: 508/3265 (MED1000000196)
In: 509/3265 (MED1140882800)
In: 510/3265 (INI4451)
In: 511/3265 (INI25368)
In: 512/3265 (INI25369)
In: 513/3265 (INI25366)
In: 514/3265 (INI25367)
In: 515/3265 (INI25364)
In: 516/3265 (INI25365)
In: 517/3265 (INI25362)
In: 518/3265 (INI25363)
In: 519/3265 (INI25360)
In: 520/3265 (INI25361)
In: 521/3265 (cancer1045)
In: 522/3265 (BIN23065)
In: 523/3265 (QT_FC1001180)
In: 524/3265 (INI30730)
In: 525/3265 (INI25857)
In: 526/3265 (INI30040)
In: 527/3265 (MED1000000112)
In: 528/3265 (MED1000000113)
In: 529/3265 (MED1000000110)
In: 530/3265 (MED1000000111)
In: 531/3265 (MED1000000116)
In: 532/3265 (MED1000000117)
In: 533/3265 (MED1000000114)
In: 534/3265 (MED1000000115)
In: 535/3265 (MED1140875486)
In: 536/3265 (MED1000000118)
In: 537/3265 (BIN23063)
In: 538/3265 (MED1140909806)
In: 539/3265 (RH99)
In: 540/3265 (RH95)
In: 541/3265 (BIN4067)
In: 542/3265 (INI2867)
In: 543/3265 (RH91)
In: 544/3265 (MED1140862060)
In: 545/3265 (BIN1940)
In: 546/3265 (BIN_FC10010114)
In: 547/3265 (MED1140883504)
In: 548/3265 (MED1140865588)
In: 549/3265 (INI2887)
In: 550/3265 (HC49)
In: 551/3265 (HC48)
In: 552/3265 (HC43)
In: 553/3265 (HC42)
In: 554/3265 (HC41)
In: 555/3265 (HC40)
In: 556/3265 (HC47)
In: 557/3265 (HC46)
In: 558/3265 (HC45)
In: 559/3265 (HC44)
In: 560/3265 (INI90098)
In: 561/3265 (BIN2443)
In: 562/3265 (MED1000000606)
In: 563/3265 (MED1000000607)
In: 564/3265 (MED1140880086)
In: 565/3265 (MED1000000603)
In: 566/3265 (INI90152)
In: 567/3265 (MED1140888092)
In: 568/3265 (cancer1017)
In: 569/3265 (MED1201)
In: 570/3265 (cancer1018)
In: 571/3265 (cancer1019)
In: 572/3265 (FH1019)
In: 573/3265 (MED1140888098)
In: 574/3265 (MED1140864472)
In: 575/3265 (MED1140878324)
In: 576/3265 (INI90157)
In: 577/3265 (INI25471)
In: 578/3265 (BIN22126)
In: 579/3265 (BIN22127)
In: 580/3265 (MED1000000814)
In: 581/3265 (INI90158)
In: 582/3265 (BIN_FC18006155)
In: 583/3265 (BIN22128)
In: 584/3265 (BIN22129)
In: 585/3265 (MED1000000747)
In: 586/3265 (HC278)
In: 587/3265 (HC277)
In: 588/3265 (HC276)
In: 589/3265 (HC275)
In: 590/3265 (HC274)
In: 591/3265 (HC273)
In: 592/3265 (HC271)
In: 593/3265 (HC270)
In: 594/3265 (MED1140861778)
In: 595/3265 (HC295)
In: 596/3265 (HC294)
In: 597/3265 (HC296)
In: 598/3265 (HC291)
In: 599/3265 (HC290)
In: 600/3265 (HC293)
In: 601/3265 (HC292)
In: 602/3265 (HC299)
In: 603/3265 (HC298)
In: 604/3265 (MED1141151288)
In: 605/3265 (INI914)
In: 606/3265 (MED1000000909)
In: 607/3265 (INI6183)
In: 608/3265 (MED1140884412)
In: 609/3265 (RH60)
In: 610/3265 (BIN21035)
In: 611/3265 (BIN21038)
In: 612/3265 (HC123)
In: 613/3265 (HC122)
In: 614/3265 (HC121)
In: 615/3265 (HC126)
In: 616/3265 (HC125)
In: 617/3265 (HC124)
In: 618/3265 (HC129)
In: 619/3265 (HC128)
In: 620/3265 (INI23298)
In: 621/3265 (INI5263)
In: 622/3265 (MED1140868408)
In: 623/3265 (QT_FC10020536)
In: 624/3265 (INI23212)
In: 625/3265 (RH110)
In: 626/3265 (INI30600)
In: 627/3265 (INI26425)
In: 628/3265 (MED1141180148)
In: 629/3265 (MED1141180140)
In: 630/3265 (QT_FC1004559)
In: 631/3265 (INI20505)
In: 632/3265 (INI20507)
In: 633/3265 (INI20506)
In: 634/3265 (INI21058)
In: 635/3265 (INI21059)
In: 636/3265 (MED1141194794)
In: 637/3265 (INI21054)
In: 638/3265 (INI21055)
In: 639/3265 (INI21056)
In: 640/3265 (MED1140852948)
In: 641/3265 (INI20509)
In: 642/3265 (INI21051)
In: 643/3265 (INI21052)
In: 644/3265 (INI21053)
In: 645/3265 (BIN_FC10002040)
In: 646/3265 (MED1141192740)
In: 647/3265 (INI5086)
In: 648/3265 (INI5087)
In: 649/3265 (INI5084)
In: 650/3265 (INI5085)
In: 651/3265 (INI5088)
In: 652/3265 (INI5089)
In: 653/3265 (INI25025)
In: 654/3265 (INI25024)
In: 655/3265 (INI25027)
In: 656/3265 (INI25026)
In: 657/3265 (INI25021)
In: 658/3265 (INI25020)
In: 659/3265 (INI25023)
In: 660/3265 (INI25022)
In: 661/3265 (MED1140888758)
In: 662/3265 (INI25029)
In: 663/3265 (INI25028)
In: 664/3265 (BIN3393)
In: 665/3265 (MED1140868364)
In: 666/3265 (BIN20541)
In: 667/3265 (HC370)
In: 668/3265 (BIN_FC10002443)
In: 669/3265 (BIN3404)
In: 670/3265 (BIN2030)
In: 671/3265 (INI20479)
In: 672/3265 (INI90150)
In: 673/3265 (INI90153)
In: 674/3265 (INI10030815)
In: 675/3265 (INI90155)
In: 676/3265 (INI90154)
In: 677/3265 (INI10030810)
In: 678/3265 (INI90156)
In: 679/3265 (INI20470)
In: 680/3265 (INI20473)
In: 681/3265 (BIN_FC10003404)
In: 682/3265 (INI20476)
In: 683/3265 (INI25502)
In: 684/3265 (RH65)
In: 685/3265 (INI5264)
In: 686/3265 (INI5265)
In: 687/3265 (INI5262)
In: 688/3265 (INI25052)
In: 689/3265 (MED1140871462)
In: 690/3265 (BIN20542)
In: 691/3265 (INI25506)
In: 692/3265 (BIN20540)
In: 693/3265 (INI10030785)
In: 694/3265 (INI10030780)
In: 695/3265 (MED1141167708)
In: 696/3265 (MED1140857636)
In: 697/3265 (MED1140871666)
In: 698/3265 (INI25504)
In: 699/3265 (MED1140865786)
In: 700/3265 (INI30130)
In: 701/3265 (BIN20466)
In: 702/3265 (MED1140883968)
In: 703/3265 (MED1141146198)
In: 704/3265 (BIN20468)
In: 705/3265 (INI1528)
In: 706/3265 (INI25681)
In: 707/3265 (INI25680)
In: 708/3265 (INI25683)
In: 709/3265 (INI25682)
In: 710/3265 (INI25685)
In: 711/3265 (INI25684)
In: 712/3265 (INI25687)
In: 713/3265 (INI25686)
In: 714/3265 (INI25689)
In: 715/3265 (INI25688)
In: 716/3265 (MED1000000348)
In: 717/3265 (BIN3571)
In: 718/3265 (MED1141182632)
In: 719/3265 (INI25599)
In: 720/3265 (BIN_FC10001930)
In: 721/3265 (HC95)
In: 722/3265 (INI25595)
In: 723/3265 (INI25594)
In: 724/3265 (INI25597)
In: 725/3265 (BIN_FC10004728)
In: 726/3265 (INI25591)
In: 727/3265 (FH1113)
In: 728/3265 (INI25593)
In: 729/3265 (INI25592)
In: 730/3265 (QT_FC10003496)
In: 731/3265 (BIN_FC10004501)
In: 732/3265 (INI40009)
In: 733/3265 (MED1141200708)
In: 734/3265 (MED1140870164)
In: 735/3265 (MED1140874370)
In: 736/3265 (INI4022)
In: 737/3265 (MED1140864184)
In: 738/3265 (MED1141152848)
In: 739/3265 (MED1000000293)
In: 740/3265 (MED1000000298)
In: 741/3265 (FH1220)
In: 742/3265 (INI25371)
In: 743/3265 (INI25370)
In: 744/3265 (INI25373)
In: 745/3265 (INI25372)
In: 746/3265 (BIN_FC6006149)
In: 747/3265 (INI25374)
In: 748/3265 (BIN_FC40020126)
In: 749/3265 (BIN_FC30012323)
In: 750/3265 (INI25379)
In: 751/3265 (INI25378)
In: 752/3265 (MED1140909702)
In: 753/3265 (MED1140909708)
In: 754/3265 (QT_FC1001408)
In: 755/3265 (MED1140927320)
In: 756/3265 (MED1000000129)
In: 757/3265 (MED1000000128)
In: 758/3265 (MED1000000127)
In: 759/3265 (MED1000000126)
In: 760/3265 (MED1000000125)
In: 761/3265 (MED1000000124)
In: 762/3265 (MED1000000123)
In: 763/3265 (MED1000000122)
In: 764/3265 (MED1000000121)
In: 765/3265 (MED1000000120)
In: 766/3265 (INI4119)
In: 767/3265 (MED1000000148)
In: 768/3265 (MED1141174520)
In: 769/3265 (BIN_FC40020548)
In: 770/3265 (BIN_FC40020549)
In: 771/3265 (BIN_FC40020546)
In: 772/3265 (BIN_FC40020544)
In: 773/3265 (INI30090004)
In: 774/3265 (HC76)
In: 775/3265 (HC77)
In: 776/3265 (HC74)
In: 777/3265 (HC72)
In: 778/3265 (BIN4728)
In: 779/3265 (MED1140911682)
In: 780/3265 (HC78)
In: 781/3265 (HC79)
In: 782/3265 (INI2897)
In: 783/3265 (MED1000000144)
In: 784/3265 (BIN_FC20022506)
In: 785/3265 (INI874)
In: 786/3265 (MED1140875990)
In: 787/3265 (MED1000000630)
In: 788/3265 (MED1000000636)
In: 789/3265 (cancer1001)
In: 790/3265 (FH1002)
In: 791/3265 (FH1001)
In: 792/3265 (cancer1002)
In: 793/3265 (cancer1005)
In: 794/3265 (MED1141157458)
In: 795/3265 (BIN4653)
In: 796/3265 (cancer1006)
In: 797/3265 (INI20453)
In: 798/3265 (BIN22130)
In: 799/3265 (BIN22133)
In: 800/3265 (MED1141184726)
In: 801/3265 (BIN22134)
In: 802/3265 (BIN22137)
In: 803/3265 (MED1140871266)
In: 804/3265 (MED1140869180)
In: 805/3265 (MED1000000754)
In: 806/3265 (HC101)
In: 807/3265 (MED1141153032)
In: 808/3265 (HC268)
In: 809/3265 (HC269)
In: 810/3265 (MED1140863302)
In: 811/3265 (HC260)
In: 812/3265 (HC261)
In: 813/3265 (HC262)
In: 814/3265 (INI20454)
In: 815/3265 (HC264)
In: 816/3265 (INI23021)
In: 817/3265 (HC267)
In: 818/3265 (INI23221)
In: 819/3265 (INI23220)
In: 820/3265 (INI23223)
In: 821/3265 (INI23222)
In: 822/3265 (INI23225)
In: 823/3265 (INI23224)
In: 824/3265 (RH150)
In: 825/3265 (MED99999)
In: 826/3265 (BIN_FC9006179)
In: 827/3265 (INI23026)
In: 828/3265 (HC286)
In: 829/3265 (HC287)
In: 830/3265 (HC284)
In: 831/3265 (HC285)
In: 832/3265 (HC282)
In: 833/3265 (HC283)
In: 834/3265 (HC280)
In: 835/3265 (HC281)
In: 836/3265 (INI5237)
In: 837/3265 (HC288)
In: 838/3265 (HC289)
In: 839/3265 (INI904)
In: 840/3265 (RH157)
In: 841/3265 (MED1140865670)
In: 842/3265 (RH156)
In: 843/3265 (MED1140916288)
In: 844/3265 (INI23268)
In: 845/3265 (MED1140927730)
In: 846/3265 (MED1000000917)
In: 847/3265 (BIN2090)
In: 848/3265 (MED1140917056)
In: 849/3265 (MED1140879802)
In: 850/3265 (HC139)
In: 851/3265 (MED1140879806)
In: 852/3265 (HC134)
In: 853/3265 (HC135)
In: 854/3265 (HC136)
In: 855/3265 (HC130)
In: 856/3265 (HC131)
In: 857/3265 (HC132)
In: 858/3265 (HC133)
In: 859/3265 (INI30630)
In: 860/3265 (MED1140928274)
In: 861/3265 (MED1141175684)
In: 862/3265 (MED1000000810)
In: 863/3265 (MED1141172436)
In: 864/3265 (INI90012)
In: 865/3265 (INI90013)
In: 866/3265 (INI90019)
In: 867/3265 (INI21049)
In: 868/3265 (INI21048)
In: 869/3265 (INI21047)
In: 870/3265 (INI30250)
In: 871/3265 (INI21045)
In: 872/3265 (INI21044)
In: 873/3265 (INI21043)
In: 874/3265 (INI21042)
In: 875/3265 (INI21041)
In: 876/3265 (INI21040)
In: 877/3265 (INI5079)
In: 878/3265 (INI5078)
In: 879/3265 (BIN_FC30012187)
In: 880/3265 (INI25611)
In: 881/3265 (MED1140868588)
In: 882/3265 (BIN_FC7006155)
In: 883/3265 (BIN_FC7006154)
In: 884/3265 (BIN_FC7006153)
In: 885/3265 (BIN_FC7006152)
In: 886/3265 (BIN_FC100020544)
In: 887/3265 (INI4609)
In: 888/3265 (BIN_FC10002453)
In: 889/3265 (INI25596)
In: 890/3265 (INI30700)
In: 891/3265 (BIN3414)
In: 892/3265 (INI25590)
In: 893/3265 (INI90124)
In: 894/3265 (INI90125)
In: 895/3265 (INI90126)
In: 896/3265 (INI90127)
In: 897/3265 (INI20408)
In: 898/3265 (INI20409)
In: 899/3265 (INI90122)
In: 900/3265 (INI23267)
In: 901/3265 (INI20405)
In: 902/3265 (INI20407)
In: 903/3265 (INI90128)
In: 904/3265 (INI90129)
In: 905/3265 (MED1140861998)
In: 906/3265 (INI20403)
In: 907/3265 (MED1140881446)
In: 908/3265 (MED1141151284)
In: 909/3265 (MED1140923670)
In: 910/3265 (INI30090)
In: 911/3265 (MED1141200384)
In: 912/3265 (BIN_FC3006177)
In: 913/3265 (INI10030770)
In: 914/3265 (MED1140871050)
In: 915/3265 (INI10030775)
In: 916/3265 (BIN_FC4001747)
In: 917/3265 (BIN_FC10001835)
In: 918/3265 (MED1140860840)
In: 919/3265 (INI30140)
In: 920/3265 (MED1140879644)
In: 921/3265 (HC173)
In: 922/3265 (MED1140927086)
In: 923/3265 (MED1000000190)
In: 924/3265 (MED1140916282)
In: 925/3265 (INI30897)
In: 926/3265 (MED1000000352)
In: 927/3265 (MED1140922562)
In: 928/3265 (INI30890)
In: 929/3265 (INI4104)
In: 930/3265 (INI4105)
In: 931/3265 (HC324)
In: 932/3265 (INI4100)
In: 933/3265 (INI4101)
In: 934/3265 (INI4103)
In: 935/3265 (HC178)
In: 936/3265 (BIN_FC10002907)
In: 937/3265 (INI10030510)
In: 938/3265 (MED1141177600)
In: 939/3265 (MED1140869324)
In: 940/3265 (INI25762)
In: 941/3265 (INI25763)
In: 942/3265 (INI10030685)
In: 943/3265 (INI25761)
In: 944/3265 (INI25766)
In: 945/3265 (INI25767)
In: 946/3265 (INI25764)
In: 947/3265 (INI10030680)
In: 948/3265 (INI25768)
In: 949/3265 (INI25560)
In: 950/3265 (INI25561)
In: 951/3265 (INI25562)
In: 952/3265 (INI25563)
In: 953/3265 (INI25564)
In: 954/3265 (INI25565)
In: 955/3265 (INI25566)
In: 956/3265 (BIN_FC70020544)
In: 957/3265 (INI25568)
In: 958/3265 (INI25569)
In: 959/3265 (QT_FC1003476)
In: 960/3265 (BIN_FC70020548)
In: 961/3265 (INI25788)
In: 962/3265 (INI25789)
In: 963/3265 (BIN_FC10004067)
In: 964/3265 (MED1141176732)
In: 965/3265 (INI25780)
In: 966/3265 (INI25781)
In: 967/3265 (INI25782)
In: 968/3265 (INI25783)
In: 969/3265 (INI25784)
In: 970/3265 (INI25785)
In: 971/3265 (INI25786)
In: 972/3265 (INI25787)
In: 973/3265 (INI3680)
In: 974/3265 (MED1140872112)
In: 975/3265 (MED1000000281)
In: 976/3265 (BIN_FC10002834)
In: 977/3265 (MED1000000288)
In: 978/3265 (MED1140923348)
In: 979/3265 (BIN_FC6006154)
In: 980/3265 (BIN_FC6006155)
In: 981/3265 (BIN_FC6006152)
In: 982/3265 (BIN_FC6006153)
In: 983/3265 (MED1141162764)
In: 984/3265 (MED1140928878)
In: 985/3265 (MED1141181700)
In: 986/3265 (INI2405)
In: 987/3265 (BIN_FC10021072)
In: 988/3265 (INI25478)
In: 989/3265 (MED1000000138)
In: 990/3265 (MED1000000139)
In: 991/3265 (MED1189)
In: 992/3265 (INI25479)
In: 993/3265 (MED1140879540)
In: 994/3265 (MED1000000130)
In: 995/3265 (MED1000000131)
In: 996/3265 (MED1000000132)
In: 997/3265 (MED1000000133)
In: 998/3265 (MED1000000134)
In: 999/3265 (MED1000000135)
In: 1000/3265 (MED1000000136)
In: 1001/3265 (MED1000000137)
In: 1002/3265 (MED1141187810)
In: 1003/3265 (MED1141187814)
In: 1004/3265 (MED1141187818)
In: 1005/3265 (MED1140862086)
In: 1006/3265 (QT_FC1002050)
In: 1007/3265 (MED1140882498)
In: 1008/3265 (HC61)
In: 1009/3265 (HC60)
In: 1010/3265 (HC63)
In: 1011/3265 (HC62)
In: 1012/3265 (HC64)
In: 1013/3265 (HC67)
In: 1014/3265 (HC69)
In: 1015/3265 (HC68)
In: 1016/3265 (MED1140923018)
In: 1017/3265 (MED1140884308)
In: 1018/3265 (BIN_FC10001767)
In: 1019/3265 (MED1141152998)
In: 1020/3265 (MED1000000625)
In: 1021/3265 (MED1140873642)
In: 1022/3265 (QT_FC10003466)
In: 1023/3265 (MED1000000628)
In: 1024/3265 (BIN4642)
In: 1025/3265 (INI23031)
In: 1026/3265 (INI23032)
In: 1027/3265 (INI23033)
In: 1028/3265 (INI23034)
In: 1029/3265 (INI23035)
In: 1030/3265 (INI23036)
In: 1031/3265 (INI23037)
In: 1032/3265 (INI23038)
In: 1033/3265 (INI23039)
In: 1034/3265 (MED1141193272)
In: 1035/3265 (MED1140868372)
In: 1036/3265 (cancer1038)
In: 1037/3265 (cancer1039)
In: 1038/3265 (BIN_FC10020189)
In: 1039/3265 (MED1141157294)
In: 1040/3265 (INI90042)
In: 1041/3265 (INI25377)
In: 1042/3265 (BIN_FC10020181)
In: 1043/3265 (BIN_FC10020183)
In: 1044/3265 (INI25376)
In: 1045/3265 (BIN22140)
In: 1046/3265 (BIN_FC10020187)
In: 1047/3265 (MED1140910498)
In: 1048/3265 (MED1140923350)
In: 1049/3265 (MED1000000721)
In: 1050/3265 (MED1000000720)
In: 1051/3265 (MED1141153006)
In: 1052/3265 (MED1140856342)
In: 1053/3265 (MED1140873394)
In: 1054/3265 (MED1141179914)
In: 1055/3265 (INI23254)
In: 1056/3265 (INI23255)
In: 1057/3265 (INI23256)
In: 1058/3265 (INI23257)
In: 1059/3265 (INI23250)
In: 1060/3265 (INI23251)
In: 1061/3265 (INI23252)
In: 1062/3265 (INI23253)
In: 1063/3265 (INI23258)
In: 1064/3265 (INI23259)
In: 1065/3265 (RH9)
In: 1066/3265 (RH8)
In: 1067/3265 (MED1140865564)
In: 1068/3265 (RH3)
In: 1069/3265 (RH7)
In: 1070/3265 (RH77)
In: 1071/3265 (MED1140865668)
In: 1072/3265 (MED1140883656)
In: 1073/3265 (MED1141180342)
In: 1074/3265 (MED1000000438)
In: 1075/3265 (INI2139)
In: 1076/3265 (MED1140910548)
In: 1077/3265 (MED1141190158)
In: 1078/3265 (BIN2774)
In: 1079/3265 (HC149)
In: 1080/3265 (INI22679)
In: 1081/3265 (INI22678)
In: 1082/3265 (INI22675)
In: 1083/3265 (HC140)
In: 1084/3265 (HC143)
In: 1085/3265 (HC142)
In: 1086/3265 (INI22671)
In: 1087/3265 (HC144)
In: 1088/3265 (INI22673)
In: 1089/3265 (HC146)
In: 1090/3265 (MED1140861120)
In: 1091/3265 (INI30620)
In: 1092/3265 (INI5133)
In: 1093/3265 (MED1141175690)
In: 1094/3265 (MED1140879424)
In: 1095/3265 (MED1140916790)
In: 1096/3265 (MED1140884622)
In: 1097/3265 (MED1140869034)
In: 1098/3265 (INI5135)
In: 1099/3265 (BIN20499)
In: 1100/3265 (INI26418)
In: 1101/3265 (MED1140861832)
In: 1102/3265 (MED1140927328)
In: 1103/3265 (BIN_FC3002247)
In: 1104/3265 (INI30710)
In: 1105/3265 (BIN_FC120020544)
In: 1106/3265 (MED1000000429)
In: 1107/3265 (RH76)
In: 1108/3265 (INI90137)
In: 1109/3265 (BIN_FC50020544)
In: 1110/3265 (INI90135)
In: 1111/3265 (INI90134)
In: 1112/3265 (INI90133)
In: 1113/3265 (INI90132)
In: 1114/3265 (INI90131)
In: 1115/3265 (INI20418)
In: 1116/3265 (INI20416)
In: 1117/3265 (INI20414)
In: 1118/3265 (INI20413)
In: 1119/3265 (BIN_FC50020548)
In: 1120/3265 (INI20411)
In: 1121/3265 (INI20410)
In: 1122/3265 (INI5208)
In: 1123/3265 (INI30080)
In: 1124/3265 (BIN_FC10002335)
In: 1125/3265 (BIN_FC10005452)
In: 1126/3265 (MED1140881474)
In: 1127/3265 (INI5201)
In: 1128/3265 (INI5206)
In: 1129/3265 (INI10030760)
In: 1130/3265 (INI5199)
In: 1131/3265 (MED1140879494)
In: 1132/3265 (INI10030765)
In: 1133/3265 (MED1141169844)
In: 1134/3265 (BIN3773)
In: 1135/3265 (BIN_FC10020536)
In: 1136/3265 (MED1140879658)
In: 1137/3265 (INI102)
In: 1138/3265 (MED1141188146)
In: 1139/3265 (BIN_FC10002020)
In: 1140/3265 (HC357)
In: 1141/3265 (INI4139)
In: 1142/3265 (INI4138)
In: 1143/3265 (MED1141178052)
In: 1144/3265 (MED1140923572)
In: 1145/3265 (BIN_FC10002159)
In: 1146/3265 (INI10030500)
In: 1147/3265 (INI20121)
In: 1148/3265 (INI25375)
In: 1149/3265 (INI20127)
In: 1150/3265 (INI10030695)
In: 1151/3265 (INI10030690)
In: 1152/3265 (MED1140882782)
In: 1153/3265 (MED1140862476)
In: 1154/3265 (BIN3591)
In: 1155/3265 (INI25573)
In: 1156/3265 (INI25572)
In: 1157/3265 (INI25571)
In: 1158/3265 (INI25570)
In: 1159/3265 (INI25577)
In: 1160/3265 (INI25576)
In: 1161/3265 (INI25575)
In: 1162/3265 (INI25574)
In: 1163/3265 (BIN3606)
In: 1164/3265 (INI25579)
In: 1165/3265 (INI25578)
In: 1166/3265 (INI4620)
In: 1167/3265 (INI2976)
In: 1168/3265 (BIN_FC20003486)
In: 1169/3265 (INI25799)
In: 1170/3265 (INI25798)
In: 1171/3265 (INI25793)
In: 1172/3265 (INI25792)
In: 1173/3265 (INI25791)
In: 1174/3265 (INI25790)
In: 1175/3265 (INI25797)
In: 1176/3265 (INI25796)
In: 1177/3265 (INI25795)
In: 1178/3265 (INI25794)
In: 1179/3265 (MED1140909368)
In: 1180/3265 (INI30280)
In: 1181/3265 (MED1140923484)
In: 1182/3265 (INI25528)
In: 1183/3265 (MED1140876136)
In: 1184/3265 (MED1140871688)
In: 1185/3265 (INI30880)
In: 1186/3265 (INI25526)
In: 1187/3265 (MED1141176832)
In: 1188/3265 (BIN_FC1002247)
In: 1189/3265 (INI12654)
In: 1190/3265 (MED1141166294)
In: 1191/3265 (MED1203)
In: 1192/3265 (MED1205)
In: 1193/3265 (INI25521)
In: 1194/3265 (MED1199)
In: 1195/3265 (MED1140860834)
In: 1196/3265 (INI25522)
In: 1197/3265 (MED1140862380)
In: 1198/3265 (MED1193)
In: 1199/3265 (MED1000000287)
In: 1200/3265 (MED1195)
In: 1201/3265 (MED1197)
In: 1202/3265 (MED1140928004)
In: 1203/3265 (MED1140888688)
In: 1204/3265 (INI3786)
In: 1205/3265 (INI3894)
In: 1206/3265 (MED1141156644)
In: 1207/3265 (HC98)
In: 1208/3265 (BIN1990)
In: 1209/3265 (HC96)
In: 1210/3265 (HC90)
In: 1211/3265 (HC91)
In: 1212/3265 (HC92)
In: 1213/3265 (HC93)
In: 1214/3265 (MED1140928916)
In: 1215/3265 (INI3526)
In: 1216/3265 (MED1140911680)
In: 1217/3265 (cancer1077)
In: 1218/3265 (BIN_FC1005164)
In: 1219/3265 (MED1141153026)
In: 1220/3265 (BIN_FC10001777)
In: 1221/3265 (MED1140916682)
In: 1222/3265 (MED1141193346)
In: 1223/3265 (MED1000000651)
In: 1224/3265 (MED1000000650)
In: 1225/3265 (MED1000000653)
In: 1226/3265 (BIN2415)
In: 1227/3265 (cancer1022)
In: 1228/3265 (cancer1020)
In: 1229/3265 (cancer1026)
In: 1230/3265 (cancer1025)
In: 1231/3265 (cancer1024)
In: 1232/3265 (INI23023)
In: 1233/3265 (INI23022)
In: 1234/3265 (INI1003064)
In: 1235/3265 (INI23020)
In: 1236/3265 (INI23027)
In: 1237/3265 (INI1003063)
In: 1238/3265 (INI23025)
In: 1239/3265 (INI23024)
In: 1240/3265 (INI23029)
In: 1241/3265 (INI23028)
In: 1242/3265 (MED1140909726)
In: 1243/3265 (INI78)
In: 1244/3265 (MED1140879818)
In: 1245/3265 (INI77)
In: 1246/3265 (MED1140864950)
In: 1247/3265 (MED1140864952)
In: 1248/3265 (MED1140851088)
In: 1249/3265 (MED1000000733)
In: 1250/3265 (QT_FC1001359)
In: 1251/3265 (MED1000000736)
In: 1252/3265 (HC444)
In: 1253/3265 (HC445)
In: 1254/3265 (HC440)
In: 1255/3265 (HC441)
In: 1256/3265 (HC442)
In: 1257/3265 (HC443)
In: 1258/3265 (MED1140865336)
In: 1259/3265 (MED1141179974)
In: 1260/3265 (INI23247)
In: 1261/3265 (INI23246)
In: 1262/3265 (INI23245)
In: 1263/3265 (INI23244)
In: 1264/3265 (INI23249)
In: 1265/3265 (INI23248)
In: 1266/3265 (INI5945)
In: 1267/3265 (INI3700)
In: 1268/3265 (MED1141164872)
In: 1269/3265 (INI924)
In: 1270/3265 (MED1000000931)
In: 1271/3265 (BIN21068)
In: 1272/3265 (MED1140884444)
In: 1273/3265 (BIN21062)
In: 1274/3265 (BIN21063)
In: 1275/3265 (MED1140869036)
In: 1276/3265 (BIN21066)
In: 1277/3265 (BIN21067)
In: 1278/3265 (BIN21065)
In: 1279/3265 (MED1140862266)
In: 1280/3265 (MED1000000358)
In: 1281/3265 (INI22680)
In: 1282/3265 (INI22681)
In: 1283/3265 (HC158)
In: 1284/3265 (QT_FC10003476)
In: 1285/3265 (HC152)
In: 1286/3265 (HC153)
In: 1287/3265 (HC150)
In: 1288/3265 (HC151)
In: 1289/3265 (HC156)
In: 1290/3265 (HC157)
In: 1291/3265 (HC154)
In: 1292/3265 (HC155)
In: 1293/3265 (RH130)
In: 1294/3265 (MED1140871024)
In: 1295/3265 (INI90036)
In: 1296/3265 (INI90037)
In: 1297/3265 (INI90034)
In: 1298/3265 (INI90035)
In: 1299/3265 (INI90032)
In: 1300/3265 (INI90033)
In: 1301/3265 (INI90030)
In: 1302/3265 (INI90031)
In: 1303/3265 (RH134)
In: 1304/3265 (cancer1003)
In: 1305/3265 (INI90038)
In: 1306/3265 (INI90039)
In: 1307/3265 (INI21061)
In: 1308/3265 (INI21060)
In: 1309/3265 (BIN2188)
In: 1310/3265 (MED1140881882)
In: 1311/3265 (cancer1004)
In: 1312/3265 (QT_FC1004581)
In: 1313/3265 (BIN20486)
In: 1314/3265 (BIN20483)
In: 1315/3265 (BIN20481)
In: 1316/3265 (BIN20480)
In: 1317/3265 (INI5057)
In: 1318/3265 (MED1141168684)
In: 1319/3265 (INI30760)
In: 1320/3265 (INI90095)
In: 1321/3265 (INI90108)
In: 1322/3265 (INI90109)
In: 1323/3265 (INI90102)
In: 1324/3265 (INI90103)
In: 1325/3265 (INI90100)
In: 1326/3265 (INI90101)
In: 1327/3265 (INI90106)
In: 1328/3265 (INI90107)
In: 1329/3265 (INI90104)
In: 1330/3265 (INI90105)
In: 1331/3265 (INI20420)
In: 1332/3265 (BIN4792)
In: 1333/3265 (INI90028)
In: 1334/3265 (MED1140879392)
In: 1335/3265 (INI22153)
In: 1336/3265 (MED1141192000)
In: 1337/3265 (BIN_FC10002492)
In: 1338/3265 (MED1000000595)
In: 1339/3265 (INI10030755)
In: 1340/3265 (BIN_FC3006152)
In: 1341/3265 (BIN_FC5002395)
In: 1342/3265 (BIN_FC3006150)
In: 1343/3265 (INI10030750)
In: 1344/3265 (BIN_FC3006155)
In: 1345/3265 (MED1141151946)
In: 1346/3265 (MED1141171940)
In: 1347/3265 (INI4140)
In: 1348/3265 (INI30160)
In: 1349/3265 (MED1140868080)
In: 1350/3265 (INI4141)
In: 1351/3265 (MED1140879628)
In: 1352/3265 (INI134)
In: 1353/3265 (INI135)
In: 1354/3265 (INI137)
In: 1355/3265 (INI4143)
In: 1356/3265 (BIN_FC10020193)
In: 1357/3265 (BIN_FC10002030)
In: 1358/3265 (INI4145)
In: 1359/3265 (MED1141192916)
In: 1360/3265 (INI25636)
In: 1361/3265 (INI5306)
In: 1362/3265 (INI30180)
In: 1363/3265 (INI10030530)
In: 1364/3265 (INI4147)
In: 1365/3265 (BIN5529)
In: 1366/3265 (BIN_FC10001960)
In: 1367/3265 (INI25094)
In: 1368/3265 (INI25095)
In: 1369/3265 (INI25096)
In: 1370/3265 (INI25097)
In: 1371/3265 (INI25090)
In: 1372/3265 (INI25091)
In: 1373/3265 (INI25092)
In: 1374/3265 (INI25093)
In: 1375/3265 (BIN3616)
In: 1376/3265 (INI25098)
In: 1377/3265 (INI25099)
In: 1378/3265 (INI25548)
In: 1379/3265 (INI25549)
In: 1380/3265 (INI4012)
In: 1381/3265 (QT_FC1002060)
In: 1382/3265 (BIN_FC1006155)
In: 1383/3265 (BIN_FC1006154)
In: 1384/3265 (BIN_FC1006150)
In: 1385/3265 (BIN_FC1006153)
In: 1386/3265 (BIN_FC1006152)
In: 1387/3265 (BIN_FC10004792)
In: 1388/3265 (INI3669)
In: 1389/3265 (BIN_FC10002814)
In: 1390/3265 (MED1140862952)
In: 1391/3265 (INI25898)
In: 1392/3265 (INI25899)
In: 1393/3265 (MED1140873474)
In: 1394/3265 (INI25894)
In: 1395/3265 (INI1807)
In: 1396/3265 (INI25896)
In: 1397/3265 (INI25897)
In: 1398/3265 (INI25890)
In: 1399/3265 (INI25891)
In: 1400/3265 (INI25892)
In: 1401/3265 (INI25893)
In: 1402/3265 (INI25919)
In: 1403/3265 (INI4124)
In: 1404/3265 (BIN_FC6006177)
In: 1405/3265 (INI4122)
In: 1406/3265 (INI4123)
In: 1407/3265 (BIN_FC10004642)
In: 1408/3265 (INI30210)
In: 1409/3265 (BIN_FC6006179)
In: 1410/3265 (BIN_FC10021057)
In: 1411/3265 (BIN_FC10021050)
In: 1412/3265 (MED1140870196)
In: 1413/3265 (MED1140860802)
In: 1414/3265 (MED1140910814)
In: 1415/3265 (MED1140860806)
In: 1416/3265 (INI25648)
In: 1417/3265 (INI23302)
In: 1418/3265 (INI23300)
In: 1419/3265 (INI23307)
In: 1420/3265 (INI23304)
In: 1421/3265 (INI23305)
In: 1422/3265 (INI23309)
In: 1423/3265 (cancer1032)
In: 1424/3265 (MED2038459814)
In: 1425/3265 (MED1140882694)
In: 1426/3265 (INI3882)
In: 1427/3265 (HC263)
In: 1428/3265 (INI10696)
In: 1429/3265 (HC89)
In: 1430/3265 (INI10695)
In: 1431/3265 (HC87)
In: 1432/3265 (HC86)
In: 1433/3265 (HC85)
In: 1434/3265 (HC84)
In: 1435/3265 (HC83)
In: 1436/3265 (HC82)
In: 1437/3265 (HC81)
In: 1438/3265 (MED1140869346)
In: 1439/3265 (BIN_FC10001787)
In: 1440/3265 (INI3536)
In: 1441/3265 (MED1141153242)
In: 1442/3265 (MED1140851812)
In: 1443/3265 (INI3084)
In: 1444/3265 (INI3085)
In: 1445/3265 (INI3086)
In: 1446/3265 (MED1000000644)
In: 1447/3265 (INI3083)
In: 1448/3265 (cancer1056)
In: 1449/3265 (MED1140926606)
In: 1450/3265 (cancer1055)
In: 1451/3265 (cancer1052)
In: 1452/3265 (cancer1053)
In: 1453/3265 (cancer1050)
In: 1454/3265 (INI23016)
In: 1455/3265 (INI23017)
In: 1456/3265 (INI23014)
In: 1457/3265 (INI23015)
In: 1458/3265 (INI23012)
In: 1459/3265 (INI23013)
In: 1460/3265 (INI23010)
In: 1461/3265 (INI23011)
In: 1462/3265 (INI23018)
In: 1463/3265 (INI23019)
In: 1464/3265 (QT_FC1001369)
In: 1465/3265 (MED1000000705)
In: 1466/3265 (INI25512)
In: 1467/3265 (HC431)
In: 1468/3265 (BIN_FC3006153)
In: 1469/3265 (INI23278)
In: 1470/3265 (INI23279)
In: 1471/3265 (HC435)
In: 1472/3265 (HC434)
In: 1473/3265 (HC437)
In: 1474/3265 (HC436)
In: 1475/3265 (INI23272)
In: 1476/3265 (HC438)
In: 1477/3265 (INI23270)
In: 1478/3265 (INI23271)
In: 1479/3265 (INI23276)
In: 1480/3265 (INI23277)
In: 1481/3265 (INI23274)
In: 1482/3265 (INI23275)
In: 1483/3265 (BIN1980)
In: 1484/3265 (MED1141189090)
In: 1485/3265 (MED1141171948)
In: 1486/3265 (MED1140874126)
In: 1487/3265 (MED1141146138)
In: 1488/3265 (RH32)
In: 1489/3265 (BIN22504)
In: 1490/3265 (BIN20432)
In: 1491/3265 (BIN22502)
In: 1492/3265 (RH30)
In: 1493/3265 (BIN_FC15006155)
In: 1494/3265 (MED1000000412)
In: 1495/3265 (MED1000000411)
In: 1496/3265 (INI25062)
In: 1497/3265 (HC389)
In: 1498/3265 (HC388)
In: 1499/3265 (BIN21075)
In: 1500/3265 (BIN21074)
In: 1501/3265 (HC385)
In: 1502/3265 (HC384)
In: 1503/3265 (BIN21071)
In: 1504/3265 (HC382)
In: 1505/3265 (BIN21073)
In: 1506/3265 (BIN20437)
In: 1507/3265 (INI47)
In: 1508/3265 (INI46)
In: 1509/3265 (INI25066)
In: 1510/3265 (MED1140878226)
In: 1511/3265 (INI49)
In: 1512/3265 (INI4440)
In: 1513/3265 (HC364)
In: 1514/3265 (HC366)
In: 1515/3265 (HC361)
In: 1516/3265 (HC363)
In: 1517/3265 (HC362)
In: 1518/3265 (HC325)
In: 1519/3265 (MED1141156836)
In: 1520/3265 (HC369)
In: 1521/3265 (MED1141171932)
In: 1522/3265 (INI22410)
In: 1523/3265 (INI90029)
In: 1524/3265 (INI25825)
In: 1525/3265 (BIN2000)
In: 1526/3265 (QT_FC1002296)
In: 1527/3265 (INI25824)
In: 1528/3265 (INI90021)
In: 1529/3265 (INI90020)
In: 1530/3265 (INI90023)
In: 1531/3265 (INI90022)
In: 1532/3265 (INI90025)
In: 1533/3265 (INI25827)
In: 1534/3265 (INI90027)
In: 1535/3265 (INI25826)
In: 1536/3265 (INI25821)
In: 1537/3265 (INI25820)
In: 1538/3265 (INI25823)
In: 1539/3265 (MED1141171152)
In: 1540/3265 (INI25822)
In: 1541/3265 (MED1141200004)
In: 1542/3265 (MED2038460150)
In: 1543/3265 (MED1140868482)
In: 1544/3265 (INI30770)
In: 1545/3265 (INI90119)
In: 1546/3265 (INI1498)
In: 1547/3265 (INI90115)
In: 1548/3265 (INI90114)
In: 1549/3265 (INI90117)
In: 1550/3265 (INI90116)
In: 1551/3265 (INI90111)
In: 1552/3265 (INI90110)
In: 1553/3265 (INI90113)
In: 1554/3265 (INI90112)
In: 1555/3265 (HC167)
In: 1556/3265 (INI20434)
In: 1557/3265 (HC165)
In: 1558/3265 (INI20436)
In: 1559/3265 (INI1309)
In: 1560/3265 (BIN_FC6001747)
In: 1561/3265 (HC161)
In: 1562/3265 (HC160)
In: 1563/3265 (INI26420)
In: 1564/3265 (INI26421)
In: 1565/3265 (INI26422)
In: 1566/3265 (INI26423)
In: 1567/3265 (INI20439)
In: 1568/3265 (INI20438)
In: 1569/3265 (HC169)
In: 1570/3265 (HC168)
In: 1571/3265 (MED1140884516)
In: 1572/3265 (BIN_FC3006148)
In: 1573/3265 (BIN_FC3006149)
In: 1574/3265 (BIN_FC10002316)
In: 1575/3265 (BIN_FC3006144)
In: 1576/3265 (INI10030740)
In: 1577/3265 (MED1141145638)
In: 1578/3265 (cancer1034)
In: 1579/3265 (MED1140865426)
In: 1580/3265 (BIN_FC13006155)
In: 1581/3265 (BIN_FC10020552)
In: 1582/3265 (BIN_FC10020550)
In: 1583/3265 (BIN_FC10020551)
In: 1584/3265 (HC371)
In: 1585/3265 (MED1140879630)
In: 1586/3265 (INI30170)
In: 1587/3265 (MED1140871472)
In: 1588/3265 (MED1140873608)
In: 1589/3265 (BIN_FC10002000)
In: 1590/3265 (MED1000000586)
In: 1591/3265 (BIN_FC10002774)
In: 1592/3265 (INI30190)
In: 1593/3265 (BIN_FC10002956)
In: 1594/3265 (INI10030520)
In: 1595/3265 (INI25559)
In: 1596/3265 (INI25558)
In: 1597/3265 (BIN20450)
In: 1598/3265 (BIN_FC10001970)
In: 1599/3265 (INI25553)
In: 1600/3265 (INI25552)
In: 1601/3265 (INI25555)
In: 1602/3265 (INI25554)
In: 1603/3265 (BIN_FC30021072)
In: 1604/3265 (INI25556)
In: 1605/3265 (INI25087)
In: 1606/3265 (INI25086)
In: 1607/3265 (INI25085)
In: 1608/3265 (INI25084)
In: 1609/3265 (INI25083)
In: 1610/3265 (INI25082)
In: 1611/3265 (INI25081)
In: 1612/3265 (INI25080)
In: 1613/3265 (BIN2316)
In: 1614/3265 (INI1279)
In: 1615/3265 (INI25089)
In: 1616/3265 (INI25088)
In: 1617/3265 (MED1000000097)
In: 1618/3265 (MED1000000096)
In: 1619/3265 (MED1000000095)
In: 1620/3265 (MED1000000094)
In: 1621/3265 (MED1000000093)
In: 1622/3265 (MED1000000092)
In: 1623/3265 (BIN_FC1006148)
In: 1624/3265 (BIN_FC1006149)
In: 1625/3265 (BIN_FC1006144)
In: 1626/3265 (MED1000000854)
In: 1627/3265 (MED1000000099)
In: 1628/3265 (MED1000000098)
In: 1629/3265 (INI3659)
In: 1630/3265 (MED1000000254)
In: 1631/3265 (MED1140881320)
In: 1632/3265 (MED1000000253)
In: 1633/3265 (MED1140921600)
In: 1634/3265 (INI25889)
In: 1635/3265 (INI25888)
In: 1636/3265 (INI1873)
In: 1637/3265 (INI25886)
In: 1638/3265 (INI25885)
In: 1639/3265 (INI25884)
In: 1640/3265 (INI25883)
In: 1641/3265 (INI25882)
In: 1642/3265 (INI25881)
In: 1643/3265 (INI25880)
In: 1644/3265 (BIN_FC10004653)
In: 1645/3265 (MED1140911642)
In: 1646/3265 (MED1000000582)
In: 1647/3265 (MED1000000023)
In: 1648/3265 (MED1140888646)
In: 1649/3265 (MED1140922806)
In: 1650/3265 (MED1140922804)
In: 1651/3265 (INI30200)
In: 1652/3265 (INI30520)
In: 1653/3265 (INI3436)
In: 1654/3265 (INI2926)
In: 1655/3265 (BIN1020483)
In: 1656/3265 (INI23315)
In: 1657/3265 (INI23314)
In: 1658/3265 (INI23317)
In: 1659/3265 (INI23316)
In: 1660/3265 (INI23311)
In: 1661/3265 (INI23313)
In: 1662/3265 (RH24)
In: 1663/3265 (MED1140861780)
In: 1664/3265 (INI23318)
In: 1665/3265 (MED1140876592)
In: 1666/3265 (MED1141156846)
In: 1667/3265 (INI25500)
In: 1668/3265 (BIN_FC1002395)
In: 1669/3265 (MED1140923738)
In: 1670/3265 (MED1140888594)
In: 1671/3265 (MED1141157132)
In: 1672/3265 (MED1140888172)
In: 1673/3265 (MED1140909674)
In: 1674/3265 (BIN_FC1005149)
In: 1675/3265 (MED1000000679)
In: 1676/3265 (MED1140875392)
In: 1677/3265 (MED1000000671)
In: 1678/3265 (INI23009)
In: 1679/3265 (INI23008)
In: 1680/3265 (MED1000000079)
In: 1681/3265 (MED1000000078)
In: 1682/3265 (INI23001)
In: 1683/3265 (INI23000)
In: 1684/3265 (INI23003)
In: 1685/3265 (INI23002)
In: 1686/3265 (INI23005)
In: 1687/3265 (INI23004)
In: 1688/3265 (INI23007)
In: 1689/3265 (INI23006)
In: 1690/3265 (QT_FC1001190)
In: 1691/3265 (BIN5181)
In: 1692/3265 (MED1141176662)
In: 1693/3265 (INI25665)
In: 1694/3265 (QT_FC1001379)
In: 1695/3265 (INI25663)
In: 1696/3265 (MED1140870390)
In: 1697/3265 (INI25662)
In: 1698/3265 (INI2744)
In: 1699/3265 (MED1000000712)
In: 1700/3265 (INI2217)
In: 1701/3265 (MED1000000716)
In: 1702/3265 (MED1000000718)
In: 1703/3265 (INI25660)
In: 1704/3265 (QT_FC1001170)
In: 1705/3265 (HC422)
In: 1706/3265 (HC423)
In: 1707/3265 (HC0)
In: 1708/3265 (HC1)
In: 1709/3265 (HC6)
In: 1710/3265 (HC427)
In: 1711/3265 (HC4)
In: 1712/3265 (HC5)
In: 1713/3265 (INI23265)
In: 1714/3265 (INI23264)
In: 1715/3265 (HC428)
In: 1716/3265 (INI23266)
In: 1717/3265 (INI23261)
In: 1718/3265 (BIN_FC10110005)
In: 1719/3265 (INI23263)
In: 1720/3265 (INI23262)
In: 1721/3265 (INI25545)
In: 1722/3265 (MED1141157486)
In: 1723/3265 (INI25542)
In: 1724/3265 (INI25543)
In: 1725/3265 (INI25540)
In: 1726/3265 (MED1140864752)
In: 1727/3265 (MED1140874138)
In: 1728/3265 (INI25505)
In: 1729/3265 (MED1140926922)
In: 1730/3265 (MED1140883664)
In: 1731/3265 (cancer1044)
In: 1732/3265 (MED1140875840)
In: 1733/3265 (MED1140884464)
In: 1734/3265 (MED1000000400)
In: 1735/3265 (HC398)
In: 1736/3265 (HC390)
In: 1737/3265 (HC391)
In: 1738/3265 (HC392)
In: 1739/3265 (MED1140921822)
In: 1740/3265 (HC394)
In: 1741/3265 (HC395)
In: 1742/3265 (HC396)
In: 1743/3265 (HC397)
In: 1744/3265 (INI50)
In: 1745/3265 (MED1140910512)
In: 1746/3265 (cancer1047)
In: 1747/3265 (QT_FC1004548)
In: 1748/3265 (QT_FC21057)
In: 1749/3265 (QT_FC21050)
In: 1750/3265 (MED1141146234)
In: 1751/3265 (HC376)
In: 1752/3265 (HC374)
In: 1753/3265 (HC375)
In: 1754/3265 (HC373)
In: 1755/3265 (BIN_FC20020546)
In: 1756/3265 (BIN_FC20020547)
In: 1757/3265 (BIN_FC20020548)
In: 1758/3265 (BIN_FC20020549)
In: 1759/3265 (HC379)
In: 1760/3265 (INI22424)
In: 1761/3265 (INI22425)
In: 1762/3265 (INI22426)
In: 1763/3265 (INI22427)
In: 1764/3265 (INI22420)
In: 1765/3265 (INI22421)
In: 1766/3265 (INI22422)
In: 1767/3265 (INI22423)
In: 1768/3265 (MED1141185326)
In: 1769/3265 (INI90050)
In: 1770/3265 (BIN_FC10020179)
In: 1771/3265 (MED1140883066)
In: 1772/3265 (BIN_FC10020171)
In: 1773/3265 (BIN_FC10020173)
In: 1774/3265 (BIN_FC10020175)
In: 1775/3265 (BIN_FC10020177)
In: 1776/3265 (INI3062)
In: 1777/3265 (INI3063)
In: 1778/3265 (BIN12188)
In: 1779/3265 (MED1141168122)
In: 1780/3265 (MED1140861806)
In: 1781/3265 (BIN_FC16006155)
In: 1782/3265 (cancer1040)
In: 1783/3265 (QT_FC10020458)
In: 1784/3265 (MED1140870856)
In: 1785/3265 (INI30740)
In: 1786/3265 (INI3064)
In: 1787/3265 (MED1140876404)
In: 1788/3265 (INI1488)
In: 1789/3265 (BIN_FC60020548)
In: 1790/3265 (HC419)
In: 1791/3265 (BIN_FC60020544)
In: 1792/3265 (cancer1043)
In: 1793/3265 (HC170)
In: 1794/3265 (HC171)
In: 1795/3265 (HC172)
In: 1796/3265 (INI1319)
In: 1797/3265 (HC176)
In: 1798/3265 (HC177)
In: 1799/3265 (BIN_FC20006157)
In: 1800/3265 (HC179)
In: 1801/3265 (INI26431)
In: 1802/3265 (INI26430)
In: 1803/3265 (INI26434)
In: 1804/3265 (MED1141176288)
In: 1805/3265 (INI10030880)
In: 1806/3265 (INI10030735)
In: 1807/3265 (MED1141176284)
In: 1808/3265 (INI10030730)
In: 1809/3265 (BIN_FC10020549)
In: 1810/3265 (BIN_FC10020548)
In: 1811/3265 (INI1438)
In: 1812/3265 (BIN_FC10003942)
In: 1813/3265 (MED1141200108)
In: 1814/3265 (BIN_FC10020544)
In: 1815/3265 (BIN_FC10020547)
In: 1816/3265 (BIN_FC10020546)
In: 1817/3265 (MED1140910766)
In: 1818/3265 (MED1141194386)
In: 1819/3265 (MED1140868580)
In: 1820/3265 (BIN_FC10002784)
In: 1821/3265 (BIN_FC40003486)
In: 1822/3265 (BIN3741)
In: 1823/3265 (INI4814)
In: 1824/3265 (BIN_FC10002010)
In: 1825/3265 (INI30690)
In: 1826/3265 (INI1001)
In: 1827/3265 (MED1000000332)
In: 1828/3265 (MED1000000182)
In: 1829/3265 (MED1140876146)
In: 1830/3265 (MED1140888538)
In: 1831/3265 (QT_FC1002110)
In: 1832/3265 (INI5364)
In: 1833/3265 (INI10030640)
In: 1834/3265 (INI10030645)
In: 1835/3265 (MED1140873476)
In: 1836/3265 (BIN20449)
In: 1837/3265 (BIN20448)
In: 1838/3265 (BIN_FC10001940)
In: 1839/3265 (INI25529)
In: 1840/3265 (INI25524)
In: 1841/3265 (INI25525)
In: 1842/3265 (BIN20441)
In: 1843/3265 (INI25527)
In: 1844/3265 (BIN20447)
In: 1845/3265 (BIN20446)
In: 1846/3265 (BIN_FC1002724)
In: 1847/3265 (INI25523)
In: 1848/3265 (MED1141180314)
In: 1849/3265 (INI25895)
In: 1850/3265 (INI1269)
In: 1851/3265 (BIN_FC10005463)
In: 1852/3265 (MED1000000080)
In: 1853/3265 (MED1000000081)
In: 1854/3265 (BIN_FC1006179)
In: 1855/3265 (MED1000000083)
In: 1856/3265 (MED1000000084)
In: 1857/3265 (MED1000000085)
In: 1858/3265 (MED1000000086)
In: 1859/3265 (MED1000000087)
In: 1860/3265 (MED1000000088)
In: 1861/3265 (MED1000000089)
In: 1862/3265 (BIN_FC1006177)
In: 1863/3265 (BIN_FC17006155)
In: 1864/3265 (MED1000000244)
In: 1865/3265 (BIN1677)
In: 1866/3265 (MED1141176668)
In: 1867/3265 (MED1140863182)
In: 1868/3265 (MED1141172924)
In: 1869/3265 (BIN_FC12006179)
In: 1870/3265 (MED1141172928)
In: 1871/3265 (MED1141169520)
In: 1872/3265 (INI25630)
In: 1873/3265 (INI25631)
In: 1874/3265 (INI25632)
In: 1875/3265 (INI25633)
In: 1876/3265 (INI25634)
In: 1877/3265 (INI25635)
In: 1878/3265 (BIN_FC20012323)
In: 1879/3265 (INI25637)
In: 1880/3265 (INI25638)
In: 1881/3265 (INI25639)
In: 1882/3265 (INI30230)
In: 1883/3265 (INI25858)
In: 1884/3265 (INI25859)
In: 1885/3265 (INI4120)
In: 1886/3265 (INI25850)
In: 1887/3265 (INI25851)
In: 1888/3265 (INI25852)
In: 1889/3265 (INI25714)
In: 1890/3265 (INI25854)
In: 1891/3265 (INI25855)
In: 1892/3265 (INI25856)
In: 1893/3265 (BIN2335)
In: 1894/3265 (QT_FC10021050)
In: 1895/3265 (INI30830)
In: 1896/3265 (QT_FC10021057)
In: 1897/3265 (BIN4598)
In: 1898/3265 (MED1140923402)
In: 1899/3265 (MED1141192736)
In: 1900/3265 (RH37)
In: 1901/3265 (RH36)
In: 1902/3265 (BIN_FC4006177)
In: 1903/3265 (INI4080)
In: 1904/3265 (INI25454)
In: 1905/3265 (INI25455)
In: 1906/3265 (INI25456)
In: 1907/3265 (INI25457)
In: 1908/3265 (INI25450)
In: 1909/3265 (INI25451)
In: 1910/3265 (INI25452)
In: 1911/3265 (INI25453)
In: 1912/3265 (INI25458)
In: 1913/3265 (INI25459)
In: 1914/3265 (MED1140884696)
In: 1915/3265 (QT_FC1001339)
In: 1916/3265 (BIN_FC1005155)
In: 1917/3265 (BIN_FC1005152)
In: 1918/3265 (MED1141177532)
In: 1919/3265 (RH160)
In: 1920/3265 (cancer1074)
In: 1921/3265 (MED1000000068)
In: 1922/3265 (MED1000000069)
In: 1923/3265 (MED1000000066)
In: 1924/3265 (MED1000000067)
In: 1925/3265 (MED1000000064)
In: 1926/3265 (MED1000000065)
In: 1927/3265 (MED1000000062)
In: 1928/3265 (MED1000000063)
In: 1929/3265 (MED1000000060)
In: 1930/3265 (MED1000000061)
In: 1931/3265 (BIN826)
In: 1932/3265 (MED1140888762)
In: 1933/3265 (INI90120)
In: 1934/3265 (INI30240)
In: 1935/3265 (MED1140910698)
In: 1936/3265 (INI90123)
In: 1937/3265 (QT_FC1001389)
In: 1938/3265 (MED1140883476)
In: 1939/3265 (INI25661)
In: 1940/3265 (MED1140872290)
In: 1941/3265 (MED1140879792)
In: 1942/3265 (INI23290)
In: 1943/3265 (INI23291)
In: 1944/3265 (INI23292)
In: 1945/3265 (INI23293)
In: 1946/3265 (INI23295)
In: 1947/3265 (INI23296)
In: 1948/3265 (HC418)
In: 1949/3265 (HC417)
In: 1950/3265 (INI23299)
In: 1951/3265 (HC415)
In: 1952/3265 (HC414)
In: 1953/3265 (HC413)
In: 1954/3265 (HC412)
In: 1955/3265 (HC410)
In: 1956/3265 (INI23100)
In: 1957/3265 (INI23101)
In: 1958/3265 (INI23102)
In: 1959/3265 (INI23104)
In: 1960/3265 (INI23105)
In: 1961/3265 (INI23106)
In: 1962/3265 (INI23107)
In: 1963/3265 (INI23108)
In: 1964/3265 (INI23109)
In: 1965/3265 (MED1141157126)
In: 1966/3265 (INI22503)
In: 1967/3265 (MED1141176670)
In: 1968/3265 (MED1140877630)
In: 1969/3265 (INI971)
In: 1970/3265 (INI22505)
In: 1971/3265 (cancer1059)
In: 1972/3265 (MED1140926934)
In: 1973/3265 (BIN10030500)
In: 1974/3265 (MED1141146612)
In: 1975/3265 (MED1141164086)
In: 1976/3265 (MED1141200564)
In: 1977/3265 (MED1140869362)
In: 1978/3265 (MED1000000475)
In: 1979/3265 (RH94)
In: 1980/3265 (MED1000000014)
In: 1981/3265 (MED1140884672)
In: 1982/3265 (BIN10030820)
In: 1983/3265 (MED1140865016)
In: 1984/3265 (BIN2207)
In: 1985/3265 (INI5923)
In: 1986/3265 (HC342)
In: 1987/3265 (HC341)
In: 1988/3265 (HC340)
In: 1989/3265 (BIN2020)
In: 1990/3265 (HC346)
In: 1991/3265 (HC344)
In: 1992/3265 (MED1140878036)
In: 1993/3265 (HC348)
In: 1994/3265 (MED1140868172)
In: 1995/3265 (INI5215)
In: 1996/3265 (INI90049)
In: 1997/3265 (INI90048)
In: 1998/3265 (INI90047)
In: 1999/3265 (INI90046)
In: 2000/3265 (INI90045)
In: 2001/3265 (INI90044)
In: 2002/3265 (INI90043)
In: 2003/3265 (BIN5496)
In: 2004/3265 (INI90041)
In: 2005/3265 (INI90040)
In: 2006/3265 (BIN_FC10020167)
In: 2007/3265 (BIN_FC10020165)
In: 2008/3265 (MED1140926430)
In: 2009/3265 (MED1000000500)
In: 2010/3265 (MED1140870954)
In: 2011/3265 (BIN_FC10020169)
In: 2012/3265 (MED1140917428)
In: 2013/3265 (MED1000000876)
In: 2014/3265 (MED2038459704)
In: 2015/3265 (BIN_FC10003799)
In: 2016/3265 (MED1140860904)
In: 2017/3265 (INI3581)
In: 2018/3265 (MED1141179920)
In: 2019/3265 (INI30750)
In: 2020/3265 (HC347)
In: 2021/3265 (MED1140883524)
In: 2022/3265 (MED1141200322)
In: 2023/3265 (MED1141145812)
In: 2024/3265 (HC188)
In: 2025/3265 (HC185)
In: 2026/3265 (HC184)
In: 2027/3265 (HC187)
In: 2028/3265 (HC181)
In: 2029/3265 (HC180)
In: 2030/3265 (BIN_FC20020551)
In: 2031/3265 (BIN_FC20020550)
In: 2032/3265 (INI5158)
In: 2033/3265 (INI5159)
In: 2034/3265 (INI25042)
In: 2035/3265 (INI1458)
In: 2036/3265 (INI5156)
In: 2037/3265 (INI10030895)
In: 2038/3265 (INI10030720)
In: 2039/3265 (MED1140872200)
In: 2040/3265 (INI10030890)
In: 2041/3265 (BIN_FC10003486)
In: 2042/3265 (INI25516)
In: 2043/3265 (MED1140879616)
In: 2044/3265 (INI25510)
In: 2045/3265 (MED1140865578)
In: 2046/3265 (MED1140865010)
In: 2047/3265 (MED1140862144)
In: 2048/3265 (QT_FC1001329)
In: 2049/3265 (INI1588)
In: 2050/3265 (QT_FC10001478)
In: 2051/3265 (INI30680)
In: 2052/3265 (QT_FC1004803)
In: 2053/3265 (BIN_FC10003005)
In: 2054/3265 (BIN_FC10002207)
In: 2055/3265 (cancer1015)
In: 2056/3265 (BIN3799)
In: 2057/3265 (INI5375)
In: 2058/3265 (MED1140882236)
In: 2059/3265 (BIN_FC10005529)
In: 2060/3265 (INI10030650)
In: 2061/3265 (MED1141168936)
In: 2062/3265 (INI10030655)
In: 2063/3265 (BIN_FC10001950)
In: 2064/3265 (INI10694)
In: 2065/3265 (INI25539)
In: 2066/3265 (INI25538)
In: 2067/3265 (INI25537)
In: 2068/3265 (BIN20477)
In: 2069/3265 (BIN20474)
In: 2070/3265 (HC88)
In: 2071/3265 (INI25533)
In: 2072/3265 (INI25532)
In: 2073/3265 (INI25531)
In: 2074/3265 (BIN20471)
In: 2075/3265 (MED1140860696)
In: 2076/3265 (INI1299)
In: 2077/3265 (MED1140864196)
In: 2078/3265 (MED1140922714)
In: 2079/3265 (MED1140888266)
In: 2080/3265 (INI3982)
In: 2081/3265 (MED1000000272)
In: 2082/3265 (INI20019)
In: 2083/3265 (MED1000000270)
In: 2084/3265 (MED1000000277)
In: 2085/3265 (MED1000000274)
In: 2086/3265 (INI20016)
In: 2087/3265 (INI20015)
In: 2088/3265 (MED1140866122)
In: 2089/3265 (INI25623)
In: 2090/3265 (INI25622)
In: 2091/3265 (INI25621)
In: 2092/3265 (INI25620)
In: 2093/3265 (INI25627)
In: 2094/3265 (INI25626)
In: 2095/3265 (INI25625)
In: 2096/3265 (INI25624)
In: 2097/3265 (INI25629)
In: 2098/3265 (INI25628)
In: 2099/3265 (INI25849)
In: 2100/3265 (INI25848)
In: 2101/3265 (QT_FC10001239)
In: 2102/3265 (MED1000000351)
In: 2103/3265 (INI25843)
In: 2104/3265 (INI25842)
In: 2105/3265 (INI25841)
In: 2106/3265 (INI25840)
In: 2107/3265 (INI25847)
In: 2108/3265 (INI25846)
In: 2109/3265 (INI25845)
In: 2110/3265 (INI25844)
In: 2111/3265 (INI4196)
In: 2112/3265 (INI4195)
In: 2113/3265 (INI4194)
In: 2114/3265 (INI30820)
In: 2115/3265 (INI4199)
In: 2116/3265 (INI4198)
In: 2117/3265 (MED1140909872)
In: 2118/3265 (BIN_FC4006144)
In: 2119/3265 (BIN_FC11006179)
In: 2120/3265 (MED1140863202)
In: 2121/3265 (MED1140872072)
In: 2122/3265 (MED1140888648)
In: 2123/3265 (BIN_FC4006149)
In: 2124/3265 (BIN_FC4006148)
In: 2125/3265 (INI25447)
In: 2126/3265 (INI25446)
In: 2127/3265 (INI25445)
In: 2128/3265 (INI25444)
In: 2129/3265 (INI25443)
In: 2130/3265 (INI25442)
In: 2131/3265 (INI25441)
In: 2132/3265 (INI25440)
In: 2133/3265 (INI4106)
In: 2134/3265 (INI25449)
In: 2135/3265 (INI25448)
In: 2136/3265 (MED1000000642)
In: 2137/3265 (MED1000000643)
In: 2138/3265 (MED1140888390)
In: 2139/3265 (MED1000000695)
In: 2140/3265 (MED1000000694)
In: 2141/3265 (MED1140867888)
In: 2142/3265 (MED1000000696)
In: 2143/3265 (MED1000000691)
In: 2144/3265 (MED1141190160)
In: 2145/3265 (MED1141177526)
In: 2146/3265 (MED1140861276)
In: 2147/3265 (MED1140874930)
In: 2148/3265 (MED1000000699)
In: 2149/3265 (MED1000000059)
In: 2150/3265 (MED1000000058)
In: 2151/3265 (INI5105)
In: 2152/3265 (cancer1060)
In: 2153/3265 (MED1000000053)
In: 2154/3265 (MED1000000052)
In: 2155/3265 (MED1000000051)
In: 2156/3265 (MED1000000050)
In: 2157/3265 (MED1000000057)
In: 2158/3265 (MED1000000056)
In: 2159/3265 (MED1000000055)
In: 2160/3265 (MED1000000054)
In: 2161/3265 (INI24004)
In: 2162/3265 (INI24005)
In: 2163/3265 (INI24006)
In: 2164/3265 (INI24007)
In: 2165/3265 (MED1140852756)
In: 2166/3265 (BIN816)
In: 2167/3265 (INI24003)
In: 2168/3265 (INI24008)
In: 2169/3265 (INI24009)
In: 2170/3265 (MED1141180392)
In: 2171/3265 (MED1140911754)
In: 2172/3265 (INI20467)
In: 2173/3265 (cancer1085)
In: 2174/3265 (cancer1084)
In: 2175/3265 (HC115)
In: 2176/3265 (HC112)
In: 2177/3265 (MED1141168326)
In: 2178/3265 (MED1140883468)
In: 2179/3265 (INI23283)
In: 2180/3265 (INI23282)
In: 2181/3265 (INI23281)
In: 2182/3265 (INI23280)
In: 2183/3265 (INI23287)
In: 2184/3265 (INI23286)
In: 2185/3265 (INI23285)
In: 2186/3265 (INI23284)
In: 2187/3265 (HC400)
In: 2188/3265 (HC401)
In: 2189/3265 (HC402)
In: 2190/3265 (INI20461)
In: 2191/3265 (HC404)
In: 2192/3265 (HC405)
In: 2193/3265 (HC406)
In: 2194/3265 (INI23113)
In: 2195/3265 (INI23112)
In: 2196/3265 (INI23111)
In: 2197/3265 (INI23110)
In: 2198/3265 (INI23117)
In: 2199/3265 (INI23116)
In: 2200/3265 (INI23115)
In: 2201/3265 (INI23114)
In: 2202/3265 (MED1140872694)
In: 2203/3265 (INI23119)
In: 2204/3265 (INI23118)
In: 2205/3265 (INI25514)
In: 2206/3265 (MED1140871196)
In: 2207/3265 (BIN_FC1004803)
In: 2208/3265 (BIN10030515)
In: 2209/3265 (BIN_FC2006149)
In: 2210/3265 (BIN_FC2006148)
In: 2211/3265 (INI25389)
In: 2212/3265 (BIN1930)
In: 2213/3265 (MED1000000463)
In: 2214/3265 (BIN_FC40006157)
In: 2215/3265 (RH145)
In: 2216/3265 (BIN_FC2006144)
In: 2217/3265 (INI25765)
In: 2218/3265 (INI4142)
In: 2219/3265 (INI22157)
In: 2220/3265 (MED1140858452)
In: 2221/3265 (MED1140868460)
In: 2222/3265 (BIN2010)
In: 2223/3265 (INI22408)
In: 2224/3265 (INI22409)
In: 2225/3265 (HC358)
In: 2226/3265 (HC359)
In: 2227/3265 (MED1140911734)
In: 2228/3265 (INI22150)
In: 2229/3265 (INI22403)
In: 2230/3265 (INI22400)
In: 2231/3265 (INI22401)
In: 2232/3265 (INI22406)
In: 2233/3265 (INI22407)
In: 2234/3265 (HC352)
In: 2235/3265 (HC353)
In: 2236/3265 (cancer1023)
In: 2237/3265 (MED1000000513)
In: 2238/3265 (MED1141167932)
In: 2239/3265 (MED1000000518)
In: 2240/3265 (INI4144)
In: 2241/3265 (MED1000000862)
In: 2242/3265 (MED1000000863)
In: 2243/3265 (MED1141157402)
In: 2244/3265 (MED1141168108)
In: 2245/3265 (BIN_FC60020126)
In: 2246/3265 (INI25567)
In: 2247/3265 (BIN_FC110020544)
In: 2248/3265 (MED1140868472)
In: 2249/3265 (BIN_FC90020544)
In: 2250/3265 (BIN_FC90020548)
In: 2251/3265 (INI4146)
In: 2252/3265 (INI26411)
In: 2253/3265 (INI26410)
In: 2254/3265 (INI26413)
In: 2255/3265 (INI26412)
In: 2256/3265 (INI26415)
In: 2257/3265 (INI26414)
In: 2258/3265 (HC198)
In: 2259/3265 (INI26416)
In: 2260/3265 (HC196)
In: 2261/3265 (HC197)
In: 2262/3265 (HC194)
In: 2263/3265 (HC195)
In: 2264/3265 (HC193)
In: 2265/3265 (HC191)
In: 2266/3265 (INI10030710)
In: 2267/3265 (INI10030860)
In: 2268/3265 (INI10030715)
In: 2269/3265 (INI10030865)
In: 2270/3265 (INI5161)
In: 2271/3265 (INI30500)
In: 2272/3265 (INI5163)
In: 2273/3265 (INI5162)
In: 2274/3265 (MED1141145668)
In: 2275/3265 (INI20485)
In: 2276/3265 (INI25862)
In: 2277/3265 (INI20482)
In: 2278/3265 (MED1141166200)
In: 2279/3265 (BIN_FC20020126)
In: 2280/3265 (BIN23066)
In: 2281/3265 (BIN23067)
In: 2282/3265 (INI4407)
In: 2283/3265 (BIN23062)
In: 2284/3265 (INI21028)
In: 2285/3265 (INI1598)
In: 2286/3265 (BIN23068)
In: 2287/3265 (BIN23069)
In: 2288/3265 (INI1060)
In: 2289/3265 (INI90099)
In: 2290/3265 (MED1141192410)
In: 2291/3265 (INI90092)
In: 2292/3265 (INI90093)
In: 2293/3265 (INI90094)
In: 2294/3265 (INI25520)
In: 2295/3265 (INI90096)
In: 2296/3265 (INI90097)
In: 2297/3265 (MED1000000598)
In: 2298/3265 (HC430)
In: 2299/3265 (BIN_FC10003616)
In: 2300/3265 (INI20153)
In: 2301/3265 (INI20150)
In: 2302/3265 (INI20151)
In: 2303/3265 (HC433)
In: 2304/3265 (INI20154)
In: 2305/3265 (INI10030665)
In: 2306/3265 (HC432)
In: 2307/3265 (INI10030660)
In: 2308/3265 (MED1140871506)
In: 2309/3265 (INI25050)
In: 2310/3265 (INI25503)
In: 2311/3265 (BIN20463)
In: 2312/3265 (INI25501)
In: 2313/3265 (INI25054)
In: 2314/3265 (INI25507)
In: 2315/3265 (INI25056)
In: 2316/3265 (INI25057)
In: 2317/3265 (INI25058)
In: 2318/3265 (INI25059)
In: 2319/3265 (INI25508)
In: 2320/3265 (INI25509)
In: 2321/3265 (BIN_FC10002694)
In: 2322/3265 (BIN_FC20020552)
In: 2323/3265 (INI30030)
In: 2324/3265 (INI1289)
In: 2325/3265 (INI40008)
In: 2326/3265 (INI23273)
In: 2327/3265 (INI40007)
In: 2328/3265 (INI5901)
In: 2329/3265 (HC182)
In: 2330/3265 (BIN_FC10002365)
In: 2331/3265 (INI30780)
In: 2332/3265 (MED1000000320)
In: 2333/3265 (INI3992)
In: 2334/3265 (INI3627)
In: 2335/3265 (BIN_FC10001980)
In: 2336/3265 (INI10030910)
In: 2337/3265 (QT_FC1002385)
In: 2338/3265 (INI10030915)
In: 2339/3265 (MED1141168318)
In: 2340/3265 (HC9)
In: 2341/3265 (INI1845)
In: 2342/3265 (MED1140866116)
In: 2343/3265 (INI20022)
In: 2344/3265 (INI20021)
In: 2345/3265 (MED1141166006)
In: 2346/3265 (MED1140923852)
In: 2347/3265 (MED1140879404)
In: 2348/3265 (BIN_FC12006152)
In: 2349/3265 (MED1140879406)
In: 2350/3265 (BIN_FC12006154)
In: 2351/3265 (BIN_FC12006155)
In: 2352/3265 (INI25616)
In: 2353/3265 (INI25617)
In: 2354/3265 (INI25614)
In: 2355/3265 (INI25615)
In: 2356/3265 (INI25612)
In: 2357/3265 (INI25613)
In: 2358/3265 (INI25610)
In: 2359/3265 (INI10030725)
In: 2360/3265 (BIN_FC10002188)
In: 2361/3265 (INI25618)
In: 2362/3265 (INI25619)
In: 2363/3265 (MED1000000198)
In: 2364/3265 (INI5157)
In: 2365/3265 (INI26419)
In: 2366/3265 (INI25878)
In: 2367/3265 (INI25879)
In: 2368/3265 (INI25876)
In: 2369/3265 (INI25877)
In: 2370/3265 (INI25874)
In: 2371/3265 (INI25875)
In: 2372/3265 (INI25872)
In: 2373/3265 (INI25873)
In: 2374/3265 (INI25870)
In: 2375/3265 (INI25871)
In: 2376/3265 (MED1140909954)
In: 2377/3265 (INI20460)
In: 2378/3265 (INI30810)
In: 2379/3265 (INI25468)
In: 2380/3265 (BIN_FC4006150)
In: 2381/3265 (INI25032)
In: 2382/3265 (BIN_FC4006152)
In: 2383/3265 (BIN_FC4006153)
In: 2384/3265 (BIN_FC4006155)
In: 2385/3265 (MED1140888366)
In: 2386/3265 (INI25472)
In: 2387/3265 (INI25473)
In: 2388/3265 (INI25470)
In: 2389/3265 (BIN_FC10002986)
In: 2390/3265 (INI25476)
In: 2391/3265 (INI25477)
In: 2392/3265 (INI25474)
In: 2393/3265 (INI25475)
In: 2394/3265 (MED1140882946)
In: 2395/3265 (INI25031)
In: 2396/3265 (MED1140888560)
In: 2397/3265 (MED1140862772)
In: 2398/3265 (BIN_FC10004598)
In: 2399/3265 (MED1140862776)
In: 2400/3265 (MED1141182800)
In: 2401/3265 (MED1140867726)
In: 2402/3265 (MED1140916356)
In: 2403/3265 (MED1140888386)
In: 2404/3265 (MED1140866078)
In: 2405/3265 (MED1000000685)
In: 2406/3265 (MED1140923276)
In: 2407/3265 (INI4233)
In: 2408/3265 (INI4230)
In: 2409/3265 (MED1000000689)
In: 2410/3265 (MED1000000044)
In: 2411/3265 (MED1000000045)
In: 2412/3265 (MED1000000046)
In: 2413/3265 (MED1000000047)
In: 2414/3265 (MED1000000040)
In: 2415/3265 (MED1000000041)
In: 2416/3265 (MED1000000042)
In: 2417/3265 (MED1000000043)
In: 2418/3265 (MED1140909790)
In: 2419/3265 (MED1141189094)
In: 2420/3265 (MED1000000048)
In: 2421/3265 (MED1000000049)
In: 2422/3265 (MED1141180036)
In: 2423/3265 (INI24017)
In: 2424/3265 (INI24016)
In: 2425/3265 (INI24015)
In: 2426/3265 (INI24013)
In: 2427/3265 (INI24012)
In: 2428/3265 (INI24011)
In: 2429/3265 (INI24010)
In: 2430/3265 (BIN806)
In: 2431/3265 (MED1140872198)
In: 2432/3265 (INI5292)
In: 2433/3265 (INI24019)
In: 2434/3265 (INI24018)
In: 2435/3265 (INI5108)
In: 2436/3265 (MED1141193282)
In: 2437/3265 (INI2714)
In: 2438/3265 (INI30260)
In: 2439/3265 (MED1140923346)
In: 2440/3265 (MED1140926732)
In: 2441/3265 (MED1141168590)
In: 2442/3265 (INI23126)
In: 2443/3265 (INI23127)
In: 2444/3265 (INI23124)
In: 2445/3265 (INI23125)
In: 2446/3265 (INI23122)
In: 2447/3265 (INI23123)
In: 2448/3265 (INI23120)
In: 2449/3265 (INI23121)
In: 2450/3265 (BIN12139)
In: 2451/3265 (INI23128)
In: 2452/3265 (INI23129)
In: 2453/3265 (MED1140871188)
In: 2454/3265 (INI991)
In: 2455/3265 (MED1000000456)
In: 2456/3265 (BIN1920)
In: 2457/3265 (MED1000000450)
In: 2458/3265 (BIN_FC2006152)
In: 2459/3265 (BIN_FC2006153)
In: 2460/3265 (BIN_FC2006150)
In: 2461/3265 (BIN_FC2006154)
In: 2462/3265 (BIN_FC2006155)
In: 2463/3265 (MED1140884654)
In: 2464/3265 (MED1141167594)
In: 2465/3265 (INI87)
In: 2466/3265 (INI84)
In: 2467/3265 (HC329)
In: 2468/3265 (HC328)
In: 2469/3265 (INI22149)
In: 2470/3265 (INI22148)
In: 2471/3265 (HC321)
In: 2472/3265 (HC320)
In: 2473/3265 (HC323)
In: 2474/3265 (HC322)
In: 2475/3265 (INI22147)
In: 2476/3265 (INI22146)
In: 2477/3265 (HC327)
In: 2478/3265 (HC326)
In: 2479/3265 (MED1141185316)
In: 2480/3265 (MED1000000527)
In: 2481/3265 (MED1000000424)
In: 2482/3265 (MED1000000524)
In: 2483/3265 (QT_FC1005663)
In: 2484/3265 (MED1140875420)
In: 2485/3265 (MED1000000202)
In: 2486/3265 (INI90143)
In: 2487/3265 (MED1000000850)
In: 2488/3265 (HC219)
In: 2489/3265 (HC218)
In: 2490/3265 (HC386)
In: 2491/3265 (HC215)
In: 2492/3265 (HC217)
In: 2493/3265 (HC216)
In: 2494/3265 (HC210)
In: 2495/3265 (HC213)
In: 2496/3265 (HC212)
In: 2497/3265 (BIN21076)
In: 2498/3265 (BIN_FC10003773)
In: 2499/3265 (MED1141171336)
In: 2500/3265 (HC383)
In: 2501/3265 (BIN21070)
In: 2502/3265 (MED1140910832)
In: 2503/3265 (HC380)
In: 2504/3265 (BIN_FC6002395)
In: 2505/3265 (MED1140871168)
In: 2506/3265 (MED1140874014)
In: 2507/3265 (MED1187)
In: 2508/3265 (MED1140921828)
In: 2509/3265 (cancer1068)
In: 2510/3265 (INI10030870)
In: 2511/3265 (INI10030705)
In: 2512/3265 (INI10030875)
In: 2513/3265 (INI10030700)
In: 2514/3265 (MED1000000030)
In: 2515/3265 (MED1140868226)
In: 2516/3265 (RH119)
In: 2517/3265 (MED1140909788)
In: 2518/3265 (MED1140861924)
In: 2519/3265 (INI20497)
In: 2520/3265 (INI20496)
In: 2521/3265 (INI20495)
In: 2522/3265 (INI20494)
In: 2523/3265 (MED1000000035)
In: 2524/3265 (INI20498)
In: 2525/3265 (MED1140866236)
In: 2526/3265 (BIN23075)
In: 2527/3265 (BIN23074)
In: 2528/3265 (BIN23073)
In: 2529/3265 (MED1000000037)
In: 2530/3265 (BIN23071)
In: 2531/3265 (BIN23070)
In: 2532/3265 (INI767)
In: 2533/3265 (MED1000000036)
In: 2534/3265 (MED1000000039)
In: 2535/3265 (BIN_FC10003571)
In: 2536/3265 (QT_FC1004537)
In: 2537/3265 (MED1140865752)
In: 2538/3265 (MED1000000038)
In: 2539/3265 (INI48)
In: 2540/3265 (INI1050)
In: 2541/3265 (MED1140868518)
In: 2542/3265 (MED1140860728)
In: 2543/3265 (BIN_FC10002227)
In: 2544/3265 (INI10030670)
In: 2545/3265 (INI10030675)
In: 2546/3265 (MED1140868532)
In: 2547/3265 (BIN_FC10003591)
In: 2548/3265 (MED1140882728)
In: 2549/3265 (INI25515)
In: 2550/3265 (BIN20415)
In: 2551/3265 (INI25517)
In: 2552/3265 (INI25040)
In: 2553/3265 (INI25511)
In: 2554/3265 (INI25046)
In: 2555/3265 (INI25513)
In: 2556/3265 (INI25044)
In: 2557/3265 (INI25048)
In: 2558/3265 (INI25519)
In: 2559/3265 (INI25518)
In: 2560/3265 (INI30790)
In: 2561/3265 (INI30020)
In: 2562/3265 (BIN_FC19006155)
In: 2563/3265 (BIN_FC30022506)
In: 2564/3265 (MED1000000219)
In: 2565/3265 (QT_FC1002375)
In: 2566/3265 (MED1141167940)
In: 2567/3265 (MED1141187776)
In: 2568/3265 (BIN_FC10001990)
In: 2569/3265 (BIN_FC10002644)
In: 2570/3265 (MED1000000216)
In: 2571/3265 (MED1141172918)
In: 2572/3265 (MED1140873480)
In: 2573/3265 (INI40090004)
In: 2574/3265 (INI25609)
In: 2575/3265 (INI25608)
In: 2576/3265 (MED1140872338)
In: 2577/3265 (INI25557)
In: 2578/3265 (INI25601)
In: 2579/3265 (INI25600)
In: 2580/3265 (INI25603)
In: 2581/3265 (INI25602)
In: 2582/3265 (INI25605)
In: 2583/3265 (INI25604)
In: 2584/3265 (INI25607)
In: 2585/3265 (INI25606)
In: 2586/3265 (MED1140862438)
In: 2587/3265 (MED1141188658)
In: 2588/3265 (BIN_FC30020126)
In: 2589/3265 (INI25536)
In: 2590/3265 (INI189)
In: 2591/3265 (INI25535)
In: 2592/3265 (MED1140857620)
In: 2593/3265 (INI25861)
In: 2594/3265 (INI25860)
In: 2595/3265 (INI25863)
In: 2596/3265 (INI25534)
In: 2597/3265 (INI25865)
In: 2598/3265 (INI25864)
In: 2599/3265 (INI25867)
In: 2600/3265 (INI25866)
In: 2601/3265 (INI25869)
In: 2602/3265 (INI25868)
In: 2603/3265 (MED1140862168)
In: 2604/3265 (INI30530)
In: 2605/3265 (BIN4093)
In: 2606/3265 (BIN4092)
In: 2607/3265 (MED1140881702)
In: 2608/3265 (BIN4096)
In: 2609/3265 (BIN4095)
In: 2610/3265 (RH67)
In: 2611/3265 (INI3761)
In: 2612/3265 (INI25530)
In: 2613/3265 (QT_FC10020018)
In: 2614/3265 (BIN_FC11006155)
In: 2615/3265 (BIN_FC11006154)
In: 2616/3265 (INI25469)
In: 2617/3265 (BIN_FC11006152)
In: 2618/3265 (INI25465)
In: 2619/3265 (INI25464)
In: 2620/3265 (INI25467)
In: 2621/3265 (INI25466)
In: 2622/3265 (INI25461)
In: 2623/3265 (INI25460)
In: 2624/3265 (INI25463)
In: 2625/3265 (INI25462)
In: 2626/3265 (MED1140888552)
In: 2627/3265 (MED1140888556)
In: 2628/3265 (MED1140869276)
In: 2629/3265 (INI3546)
In: 2630/3265 (MED1140860690)
In: 2631/3265 (MED1140869278)
In: 2632/3265 (MED1140881856)
In: 2633/3265 (INI4241)
In: 2634/3265 (INI4244)
In: 2635/3265 (MED1000000031)
In: 2636/3265 (INI23044)
In: 2637/3265 (MED1000000033)
In: 2638/3265 (MED1000000032)
In: 2639/3265 (INI23041)
In: 2640/3265 (INI23040)
In: 2641/3265 (INI23043)
In: 2642/3265 (INI23042)
In: 2643/3265 (INI24022)
In: 2644/3265 (INI24023)
In: 2645/3265 (INI24020)
In: 2646/3265 (INI24021)
In: 2647/3265 (MED1140909786)
In: 2648/3265 (QT_FC1001558)
In: 2649/3265 (INI24024)
In: 2650/3265 (INI2966)
In: 2651/3265 (MED1140877892)
In: 2652/3265 (QT_FC1001717)
In: 2653/3265 (FH1065)
In: 2654/3265 (MED1140911730)
In: 2655/3265 (BIN_FC40021072)
In: 2656/3265 (MED1140911736)
In: 2657/3265 (BIN4631)
In: 2658/3265 (MED1140867998)
In: 2659/3265 (MED1140865350)
In: 2660/3265 (MED1140865354)
In: 2661/3265 (MED1000000484)
In: 2662/3265 (BIN1970)
In: 2663/3265 (BIN5326)
In: 2664/3265 (BIN5327)
In: 2665/3265 (BIN5324)
In: 2666/3265 (BIN5325)
In: 2667/3265 (MED1000000145)
In: 2668/3265 (INI23130)
In: 2669/3265 (BIN5328)
In: 2670/3265 (MED1000000146)
In: 2671/3265 (MED1000000141)
In: 2672/3265 (BIN2814)
In: 2673/3265 (MED1000000143)
In: 2674/3265 (MED1000000142)
In: 2675/3265 (INI5107)
In: 2676/3265 (MED1141173348)
In: 2677/3265 (MED1140875336)
In: 2678/3265 (MED1000000376)
In: 2679/3265 (BIN5452)
In: 2680/3265 (INI981)
In: 2681/3265 (INI3143)
In: 2682/3265 (INI25693)
In: 2683/3265 (HC14)
In: 2684/3265 (HC15)
In: 2685/3265 (HC16)
In: 2686/3265 (HC17)
In: 2687/3265 (HC10)
In: 2688/3265 (HC11)
In: 2689/3265 (HC12)
In: 2690/3265 (HC13)
In: 2691/3265 (MED1000000149)
In: 2692/3265 (INI2149)
In: 2693/3265 (INI3144)
In: 2694/3265 (INI94)
In: 2695/3265 (INI95)
In: 2696/3265 (MED1000000894)
In: 2697/3265 (BIN2257)
In: 2698/3265 (INI3147)
In: 2699/3265 (INI93)
In: 2700/3265 (INI3146)
In: 2701/3265 (INI4689)
In: 2702/3265 (MED1141168680)
In: 2703/3265 (MED1140910640)
In: 2704/3265 (INI3148)
In: 2705/3265 (MED1000000147)
In: 2706/3265 (MED1140874686)
In: 2707/3265 (HC338)
In: 2708/3265 (BIN_FC150020544)
In: 2709/3265 (HC332)
In: 2710/3265 (MED1140861202)
In: 2711/3265 (HC330)
In: 2712/3265 (HC331)
In: 2713/3265 (HC337)
In: 2714/3265 (HC334)
In: 2715/3265 (MED1000000140)
In: 2716/3265 (BIN_FC10006155)
In: 2717/3265 (MED1000000538)
In: 2718/3265 (MED1000000539)
In: 2719/3265 (RH128)
In: 2720/3265 (RH129)
In: 2721/3265 (INI23030)
In: 2722/3265 (cancer1035)
In: 2723/3265 (MED1000000845)
In: 2724/3265 (INI5098)
In: 2725/3265 (RH143)
In: 2726/3265 (cancer1037)
In: 2727/3265 (HC208)
In: 2728/3265 (HC209)
In: 2729/3265 (HC206)
In: 2730/3265 (cancer1030)
In: 2731/3265 (HC204)
In: 2732/3265 (HC205)
In: 2733/3265 (HC202)
In: 2734/3265 (HC203)
In: 2735/3265 (HC200)
In: 2736/3265 (HC201)
In: 2737/3265 (BIN_FC10003741)
In: 2738/3265 (MED1140879774)
In: 2739/3265 (MED1140868458)
In: 2740/3265 (MED1141200072)
In: 2741/3265 (BIN2100)
In: 2742/3265 (INI2794)
In: 2743/3265 (MED1140888502)
In: 2744/3265 (MED1140879778)
In: 2745/3265 (MED1141182628)
In: 2746/3265 (INI1608)
In: 2747/3265 (INI4125)
In: 2748/3265 (INI90024)
In: 2749/3265 (MED1141157178)
In: 2750/3265 (RH107)
In: 2751/3265 (MED1140861936)
In: 2752/3265 (MED1140923688)
In: 2753/3265 (INI10030840)
In: 2754/3265 (RH108)
In: 2755/3265 (INI30650)
In: 2756/3265 (BIN_FC5006153)
In: 2757/3265 (BIN_FC5006152)
In: 2758/3265 (BIN_FC5006155)
In: 2759/3265 (INI30220)
In: 2760/3265 (MED2038460076)
In: 2761/3265 (QT_FC1004526)
In: 2762/3265 (BIN_FC80020548)
In: 2763/3265 (INI1737)
In: 2764/3265 (BIN_FC80020544)
In: 2765/3265 (MED1141195044)
In: 2766/3265 (BIN_FC10020185)
In: 2767/3265 (INI10030605)
In: 2768/3265 (INI10030600)
In: 2769/3265 (MED1141191748)
In: 2770/3265 (INI90118)
In: 2771/3265 (INI25076)
In: 2772/3265 (BIN20406)
In: 2773/3265 (INI25074)
In: 2774/3265 (BIN20404)
In: 2775/3265 (INI25072)
In: 2776/3265 (INI25073)
In: 2777/3265 (INI25070)
In: 2778/3265 (INI25071)
In: 2779/3265 (MED1141151016)
In: 2780/3265 (MED1000000442)
In: 2781/3265 (INI25078)
In: 2782/3265 (INI25079)
In: 2783/3265 (INI5103)
In: 2784/3265 (INI5102)
In: 2785/3265 (INI5101)
In: 2786/3265 (INI5100)
In: 2787/3265 (BIN19)
In: 2788/3265 (INI25584)
In: 2789/3265 (BIN_FC10002345)
In: 2790/3265 (INI5104)
In: 2791/3265 (INI5109)
In: 2792/3265 (INI25585)
In: 2793/3265 (INI10030935)
In: 2794/3265 (INI10030930)
In: 2795/3265 (INI3972)
In: 2796/3265 (MED1140910494)
In: 2797/3265 (INI25388)
In: 2798/3265 (BIN_FC10022506)
In: 2799/3265 (QT_FC1001349)
In: 2800/3265 (INI25384)
In: 2801/3265 (INI25385)
In: 2802/3265 (INI25386)
In: 2803/3265 (INI25387)
In: 2804/3265 (INI25380)
In: 2805/3265 (INI25381)
In: 2806/3265 (INI25382)
In: 2807/3265 (INI25383)
In: 2808/3265 (INI26428)
In: 2809/3265 (BIN20538)
In: 2810/3265 (INI25678)
In: 2811/3265 (INI25679)
In: 2812/3265 (MED1140867444)
In: 2813/3265 (HC166)
In: 2814/3265 (BIN20533)
In: 2815/3265 (BIN20532)
In: 2816/3265 (INI25676)
In: 2817/3265 (INI25677)
In: 2818/3265 (INI25670)
In: 2819/3265 (INI25671)
In: 2820/3265 (BIN20535)
In: 2821/3265 (BIN20534)
In: 2822/3265 (MED1140862574)
In: 2823/3265 (HC164)
In: 2824/3265 (MED1140870788)
In: 2825/3265 (INI10090004)
In: 2826/3265 (HC163)
In: 2827/3265 (QT_FC1001220)
In: 2828/3265 (HC162)
In: 2829/3265 (INI25814)
In: 2830/3265 (INI25815)
In: 2831/3265 (INI25816)
In: 2832/3265 (INI25817)
In: 2833/3265 (INI25810)
In: 2834/3265 (INI20433)
In: 2835/3265 (INI25812)
In: 2836/3265 (INI25813)
In: 2837/3265 (MED1000000185)
In: 2838/3265 (INI25818)
In: 2839/3265 (INI25819)
In: 2840/3265 (MED1000000336)
In: 2841/3265 (MED1140867504)
In: 2842/3265 (INI30870)
In: 2843/3265 (INI4429)
In: 2844/3265 (INI5430)
In: 2845/3265 (MED1140874866)
In: 2846/3265 (INI30150)
In: 2847/3265 (INI25490)
In: 2848/3265 (INI25491)
In: 2849/3265 (BIN_FC20012187)
In: 2850/3265 (INI25493)
In: 2851/3265 (INI25494)
In: 2852/3265 (BIN_FC2001747)
In: 2853/3265 (INI25496)
In: 2854/3265 (INI25497)
In: 2855/3265 (INI25498)
In: 2856/3265 (INI25499)
In: 2857/3265 (MED1141152590)
In: 2858/3265 (HC408)
In: 2859/3265 (INI25700)
In: 2860/3265 (INI25701)
In: 2861/3265 (INI25702)
In: 2862/3265 (INI25703)
In: 2863/3265 (INI25704)
In: 2864/3265 (INI25705)
In: 2865/3265 (INI25706)
In: 2866/3265 (INI25707)
In: 2867/3265 (INI25708)
In: 2868/3265 (INI25709)
In: 2869/3265 (INI26427)
In: 2870/3265 (MED1141188442)
In: 2871/3265 (INI25920)
In: 2872/3265 (INI2824)
In: 2873/3265 (RH159)
In: 2874/3265 (INI25546)
In: 2875/3265 (BIN_FC10005474)
In: 2876/3265 (MED1000000022)
In: 2877/3265 (INI26433)
In: 2878/3265 (MED1000000020)
In: 2879/3265 (MED1000000021)
In: 2880/3265 (MED1000000026)
In: 2881/3265 (MED1000000027)
In: 2882/3265 (MED1000000024)
In: 2883/3265 (MED1000000025)
In: 2884/3265 (MED1000000028)
In: 2885/3265 (MED1000000029)
In: 2886/3265 (INI25547)
In: 2887/3265 (MED1140909936)
In: 2888/3265 (MED1140862628)
In: 2889/3265 (MED1000000119)
In: 2890/3265 (INI26432)
In: 2891/3265 (INI2734)
In: 2892/3265 (INI23098)
In: 2893/3265 (INI23099)
In: 2894/3265 (MED1141150620)
In: 2895/3265 (INI25544)
In: 2896/3265 (MED1141150624)
In: 2897/3265 (MED1140865800)
In: 2898/3265 (MED1140923022)
In: 2899/3265 (MED1140874852)
In: 2900/3265 (MED1140884700)
In: 2901/3265 (MED1140909874)
In: 2902/3265 (MED1141168574)
In: 2903/3265 (BIN_FC10001677)
In: 2904/3265 (MED1000000159)
In: 2905/3265 (MED1000000154)
In: 2906/3265 (MED1000000155)
In: 2907/3265 (MED1000000152)
In: 2908/3265 (MED1000000153)
In: 2909/3265 (MED1000000150)
In: 2910/3265 (MED1000000151)
In: 2911/3265 (MED1140926592)
In: 2912/3265 (MED1140911638)
In: 2913/3265 (BIN20428)
In: 2914/3265 (BIN20425)
In: 2915/3265 (HC339)
In: 2916/3265 (MED1141150750)
In: 2917/3265 (BIN_FC2006177)
In: 2918/3265 (INI10612)
In: 2919/3265 (BIN_FC2006179)
In: 2920/3265 (MED1141168752)
In: 2921/3265 (MED1140883548)
In: 2922/3265 (MED1000000762)
In: 2923/3265 (INI25492)
In: 2924/3265 (MED1141199858)
In: 2925/3265 (INI25010)
In: 2926/3265 (BIN_FC130020544)
In: 2927/3265 (MED1140867878)
In: 2928/3265 (BIN_FC10006154)
In: 2929/3265 (MED1140867876)
In: 2930/3265 (MED1140888570)
In: 2931/3265 (INI22160)
In: 2932/3265 (MED1140876076)
In: 2933/3265 (MED1141162824)
In: 2934/3265 (MED1141166086)
In: 2935/3265 (MED1000000542)
In: 2936/3265 (BIN_FC10020126)
In: 2937/3265 (MED1000000546)
In: 2938/3265 (INI25541)
In: 2939/3265 (MED1140879634)
In: 2940/3265 (MED1140870306)
In: 2941/3265 (MED1000000833)
In: 2942/3265 (MED1140861128)
In: 2943/3265 (MED1000000783)
In: 2944/3265 (BIN_FC1001747)
In: 2945/3265 (HC239)
In: 2946/3265 (BIN5463)
In: 2947/3265 (HC233)
In: 2948/3265 (HC232)
In: 2949/3265 (HC231)
In: 2950/3265 (HC230)
In: 2951/3265 (HC237)
In: 2952/3265 (HC234)
In: 2953/3265 (MED1140879760)
In: 2954/3265 (MED1140868426)
In: 2955/3265 (MED1000000659)
In: 2956/3265 (MED1140869848)
In: 2957/3265 (MED1141151718)
In: 2958/3265 (MED1140864734)
In: 2959/3265 (MED1141191044)
In: 2960/3265 (BIN_FC10020018)
In: 2961/3265 (HC307)
In: 2962/3265 (HC306)
In: 2963/3265 (HC305)
In: 2964/3265 (HC304)
In: 2965/3265 (HC303)
In: 2966/3265 (HC302)
In: 2967/3265 (HC301)
In: 2968/3265 (HC300)
In: 2969/3265 (MED1000000497)
In: 2970/3265 (MED1000000496)
In: 2971/3265 (HC309)
In: 2972/3265 (HC308)
In: 2973/3265 (RH131)
In: 2974/3265 (INI21029)
In: 2975/3265 (MED1140875408)
In: 2976/3265 (BIN_FC10003912)
In: 2977/3265 (MED1141157494)
In: 2978/3265 (BIN23059)
In: 2979/3265 (BIN23058)
In: 2980/3265 (BIN_FC8006179)
In: 2981/3265 (BIN23055)
In: 2982/3265 (BIN23054)
In: 2983/3265 (BIN23057)
In: 2984/3265 (BIN23056)
In: 2985/3265 (BIN23051)
In: 2986/3265 (BIN23050)
In: 2987/3265 (BIN23053)
In: 2988/3265 (BIN23052)
In: 2989/3265 (INI30640)
In: 2990/3265 (MED1140870570)
In: 2991/3265 (BIN_FC5006148)
In: 2992/3265 (BIN_FC5006149)
In: 2993/3265 (MED2038460068)
In: 2994/3265 (MED1140909482)
In: 2995/3265 (MED1140865414)
In: 2996/3265 (MED1141171100)
In: 2997/3265 (MED1141171646)
In: 2998/3265 (INI1568)
In: 2999/3265 (INI10030610)
In: 3000/3265 (INI25069)
In: 3001/3265 (INI25068)
In: 3002/3265 (INI5254)
In: 3003/3265 (INI25061)
In: 3004/3265 (INI25060)
In: 3005/3265 (INI25063)
In: 3006/3265 (BIN20431)
In: 3007/3265 (INI25065)
In: 3008/3265 (INI25064)
In: 3009/3265 (INI25067)
In: 3010/3265 (BIN20435)
In: 3011/3265 (MED1140863152)
In: 3012/3265 (INI30000)
In: 3013/3265 (INI5110)
In: 3014/3265 (INI5111)
In: 3015/3265 (INI5112)
In: 3016/3265 (INI5113)
In: 3017/3265 (INI5114)
In: 3018/3265 (INI5115)
In: 3019/3265 (INI5116)
In: 3020/3265 (INI5117)
In: 3021/3265 (INI5118)
In: 3022/3265 (INI5119)
In: 3023/3265 (INI10030850)
In: 3024/3265 (MED1140865872)
In: 3025/3265 (INI26429)
In: 3026/3265 (INI10030855)
In: 3027/3265 (MED1000000233)
In: 3028/3265 (cancer1065)
In: 3029/3265 (MED1140863144)
In: 3030/3265 (cancer1064)
In: 3031/3265 (cancer1063)
In: 3032/3265 (INI25391)
In: 3033/3265 (INI25390)
In: 3034/3265 (MED1140879430)
In: 3035/3265 (INI25669)
In: 3036/3265 (INI25668)
In: 3037/3265 (INI25667)
In: 3038/3265 (INI25666)
In: 3039/3265 (BIN20504)
In: 3040/3265 (INI25664)
In: 3041/3265 (BIN20502)
In: 3042/3265 (BIN20503)
In: 3043/3265 (BIN20500)
In: 3044/3265 (BIN20501)
In: 3045/3265 (MED1141181868)
In: 3046/3265 (INI25807)
In: 3047/3265 (INI25806)
In: 3048/3265 (INI25805)
In: 3049/3265 (INI25804)
In: 3050/3265 (INI25803)
In: 3051/3265 (INI25802)
In: 3052/3265 (INI25801)
In: 3053/3265 (INI25800)
In: 3054/3265 (INI4462)
In: 3055/3265 (MED1140862382)
In: 3056/3265 (INI25809)
In: 3057/3265 (INI25808)
In: 3058/3265 (MED1000000302)
In: 3059/3265 (MED1140874896)
In: 3060/3265 (RH48)
In: 3061/3265 (INI30860)
In: 3062/3265 (MED1141192414)
In: 3063/3265 (MED1140872036)
In: 3064/3265 (INI25483)
In: 3065/3265 (INI25482)
In: 3066/3265 (BIN_FC30006157)
In: 3067/3265 (INI25489)
In: 3068/3265 (INI25488)
In: 3069/3265 (INI25713)
In: 3070/3265 (INI25712)
In: 3071/3265 (INI25711)
In: 3072/3265 (INI25710)
In: 3073/3265 (INI25717)
In: 3074/3265 (INI25716)
In: 3075/3265 (INI25715)
In: 3076/3265 (INI22674)
In: 3077/3265 (INI25719)
In: 3078/3265 (INI25718)
In: 3079/3265 (INI22677)
In: 3080/3265 (INI30290)
In: 3081/3265 (INI22676)
In: 3082/3265 (INI3839)
In: 3083/3265 (INI22670)
In: 3084/3265 (MED1000000019)
In: 3085/3265 (MED1000000018)
In: 3086/3265 (MED1000000017)
In: 3087/3265 (MED1000000016)
In: 3088/3265 (MED1000000015)
In: 3089/3265 (INI22672)
In: 3090/3265 (FH1263)
In: 3091/3265 (FH1262)
In: 3092/3265 (MED1140862148)
In: 3093/3265 (INI25551)
In: 3094/3265 (INI25550)
In: 3095/3265 (INI2946)
In: 3096/3265 (FH1044)
In: 3097/3265 (MED1140865580)
In: 3098/3265 (BIN20456)
In: 3099/3265 (MED1140911698)
In: 3100/3265 (MED1140872492)
In: 3101/3265 (MED1000000162)
In: 3102/3265 (MED1140864992)
In: 3103/3265 (MED1140874790)
In: 3104/3265 (MED1140871310)
In: 3105/3265 (INI30510)
In: 3106/3265 (MED1140926780)
In: 3107/3265 (HC32)
In: 3108/3265 (HC33)
In: 3109/3265 (HC31)
In: 3110/3265 (HC36)
In: 3111/3265 (QT_FC1001200)
In: 3112/3265 (HC34)
In: 3113/3265 (HC35)
In: 3114/3265 (HC38)
In: 3115/3265 (HC39)
In: 3116/3265 (MED1140884600)
In: 3117/3265 (MED1140866800)
In: 3118/3265 (MED1000000034)
In: 3119/3265 (INI12144)
In: 3120/3265 (BIN2473)
In: 3121/3265 (MED1141164276)
In: 3122/3265 (INI26424)
In: 3123/3265 (MED1000000558)
In: 3124/3265 (MED1140861138)
In: 3125/3265 (MED1140862236)
In: 3126/3265 (MED1000000550)
In: 3127/3265 (MED1000000551)
In: 3128/3265 (INI864)
In: 3129/3265 (HC224)
In: 3130/3265 (HC225)
In: 3131/3265 (HC226)
In: 3132/3265 (HC227)
In: 3133/3265 (HC220)
In: 3134/3265 (HC221)
In: 3135/3265 (HC222)
In: 3136/3265 (HC223)
In: 3137/3265 (MED1000000790)
In: 3138/3265 (MED1000000090)
In: 3139/3265 (HC229)
In: 3140/3265 (MED1141168322)
In: 3141/3265 (BIN5474)
In: 3142/3265 (BIN10030800)
In: 3143/3265 (MED1140852976)
In: 3144/3265 (MED1000000316)
In: 3145/3265 (MED1140926940)
In: 3146/3265 (INI21002)
In: 3147/3265 (INI21001)
In: 3148/3265 (INI26426)
In: 3149/3265 (MED1141146428)
In: 3150/3265 (MED1141171496)
In: 3151/3265 (MED1140925800)
In: 3152/3265 (MED1140921814)
In: 3153/3265 (MED1140865634)
In: 3154/3265 (INI3160)
In: 3155/3265 (MED1140868550)
In: 3156/3265 (HC310)
In: 3157/3265 (HC311)
In: 3158/3265 (HC312)
In: 3159/3265 (HC313)
In: 3160/3265 (HC314)
In: 3161/3265 (HC315)
In: 3162/3265 (HC316)
In: 3163/3265 (HC317)
In: 3164/3265 (HC318)
In: 3165/3265 (INI23289)
In: 3166/3265 (BIN_FC10005959)
In: 3167/3265 (INI20440)
In: 3168/3265 (BIN_FC10006157)
In: 3169/3265 (INI20442)
In: 3170/3265 (INI23288)
In: 3171/3265 (BIN_FC10006152)
In: 3172/3265 (BIN_FC10006153)
In: 3173/3265 (MED1140861954)
In: 3174/3265 (MED1140861958)
In: 3175/3265 (RH122)
In: 3176/3265 (MED1140879842)
In: 3177/3265 (RH50)
In: 3178/3265 (BIN_FC5006177)
In: 3179/3265 (BIN_FC50006157)
In: 3180/3265 (INI30670)
In: 3181/3265 (MED1141180936)
In: 3182/3265 (RH126)
In: 3183/3265 (cancer1011)
In: 3184/3265 (BIN_FC10003720)
In: 3185/3265 (INI25077)
In: 3186/3265 (INI10030620)
In: 3187/3265 (INI10030625)
In: 3188/3265 (INI1578)
In: 3189/3265 (INI20191)
In: 3190/3265 (BIN_FC10002090)
In: 3191/3265 (MED1140882776)
In: 3192/3265 (MED1140871542)
In: 3193/3265 (INI25018)
In: 3194/3265 (INI25019)
In: 3195/3265 (INI25014)
In: 3196/3265 (INI25015)
In: 3197/3265 (INI25016)
In: 3198/3265 (INI25017)
In: 3199/3265 (BIN20421)
In: 3200/3265 (INI25011)
In: 3201/3265 (INI25012)
In: 3202/3265 (INI25013)
In: 3203/3265 (MED1141190960)
In: 3204/3265 (BIN_FC10002415)
In: 3205/3265 (INI30070)
In: 3206/3265 (INI25887)
In: 3207/3265 (MED1140865416)
In: 3208/3265 (INI10030820)
In: 3209/3265 (INI5257)
In: 3210/3265 (INI5256)
In: 3211/3265 (INI5255)
In: 3212/3265 (BIN_FC10002674)
In: 3213/3265 (MED1000000224)
In: 3214/3265 (INI1883)
In: 3215/3265 (INI5251)
In: 3216/3265 (INI10030950)
In: 3217/3265 (MED1140873966)
In: 3218/3265 (MED1141167334)
In: 3219/3265 (INI90139)
In: 3220/3265 (INI25652)
In: 3221/3265 (INI25653)
In: 3222/3265 (INI25650)
In: 3223/3265 (INI25651)
In: 3224/3265 (INI25656)
In: 3225/3265 (INI25657)
In: 3226/3265 (INI25654)
In: 3227/3265 (INI25655)
In: 3228/3265 (INI25658)
In: 3229/3265 (INI25659)
In: 3230/3265 (INI30100)
In: 3231/3265 (MED1141152732)
In: 3232/3265 (INI90138)
In: 3233/3265 (BIN_FC10002257)
In: 3234/3265 (INI5386)
In: 3235/3265 (INI3710)
In: 3236/3265 (MED1000000318)
In: 3237/3265 (MED1000000319)
In: 3238/3265 (MED1000000315)
In: 3239/3265 (INI30850)
In: 3240/3265 (MED1141173328)
In: 3241/3265 (INI30300)
In: 3242/3265 (MED1140872228)
In: 3243/3265 (BIN_FC170020544)
In: 3244/3265 (MED1000000082)
In: 3245/3265 (RH51)
In: 3246/3265 (MED1140866026)
In: 3247/3265 (MED1141176570)
In: 3248/3265 (RH56)
In: 3249/3265 (MED1140882910)
In: 3250/3265 (MED1140861166)
In: 3251/3265 (BIN1210)
In: 3252/3265 (INI25726)
In: 3253/3265 (INI25727)
In: 3254/3265 (INI25724)
In: 3255/3265 (INI25725)
In: 3256/3265 (INI25722)
In: 3257/3265 (INI25723)
In: 3258/3265 (INI25720)
In: 3259/3265 (INI25721)
In: 3260/3265 (BIN_FC30020550)
In: 3261/3265 (BIN_FC30020551)
In: 3262/3265 (MED1141168584)
In: 3263/3265 (BIN_FC10004717)
In: 3264/3265 (INI25728)
In: 3265/3265 (INI25729)
writing to file...
