2019-04-07 01:10:29,827 create_phe_file INFO     number_of_measurements: 3
2019-04-07 01:10:29,838 create_phe_file INFO     measurement_names: f.23109.0.0;f.23109.1.0;f.23109.2.0
2019-04-07 01:10:29,842 create_phe_file INFO     number_of_nans: 10197;482498;474372
/home/groups/mrivas/software/anaconda2_sherlock2/lib/python2.7/site-packages/numpy/lib/function_base.py:4016: RuntimeWarning: All-NaN slice encountered
  r = func(a, **kwargs)
2019-04-07 01:10:30,115 create_phe_file INFO     final_number_of_nan: 9631
Namespace(case=['13'], control=['14'], desc=['2'], exclude=['11'], expand_control=False, field=['6'], input=['../tables/ukb_20171113.tsv'], name=['3'], new_table=False, noheader=False, onlyone=['15'], order=['12'], table=['4'], table_id=['24614'])
('INI23109', {'case': '', 'control': '', 'qt_order': '', 'field_id': '23109', 'table_id': '11140', 'exclude': '', 'desc': 'Impedance_of_arm_(right)'})
('/oak/stanford/groups/mrivas/private_data/ukbb/24983/phenotypedata/11139/24614/download/ukb24614.tab', '/oak/stanford/groups/mrivas/private_data/ukbb/24983/phenotypedata/11139/24614/phe/INI23109.phe')
(502543, 3)
INI23109	Impedance_of_arm_(right)	23109	11140	11139	24983	492912	331636	6308	2029	7195	ukb_20171113.tsv	2019-04-07	/oak/stanford/groups/mrivas/private_data/ukbb/24983/phenotypedata/11139/24614/phe/INI23109.phe
Namespace(basket='11139', no_gwas=True, no_table=True, no_update=False, old_table='11140', table='24614')
Analyzing new table for basket 11139:
 /oak/stanford/groups/mrivas/ukbb24983/phenotypedata/11139/24614/download/ukb24614.tab...

New fields:

Updated fields: 
(['f.23109.0.0', 'f.23109.1.0', 'f.23109.2.0'], ['f.23109.0.0', 'f.23109.1.0'])
23109
['23109']
/oak/stanford/groups/mrivas/ukbb24983/phenotypedata/11139/24614/phe/INI23109.phe
