tmp_dir = /lscratch/ytanigaw/tmp-slurm_script-20191015-102646-Nfr5ihDSgF
processing /oak/stanford/groups/mrivas/ukbb24983/cal/pgen/ukb24983_cal_cALL_v2_hg19.pvar
Loading required package: tidyverse
── Attaching packages ─────────────────────────────────────── tidyverse 1.2.1 ──
✔ ggplot2 3.1.0       ✔ purrr   0.3.1  
✔ tibble  2.0.1       ✔ dplyr   0.8.0.1
✔ tidyr   0.8.3       ✔ stringr 1.4.0  
✔ readr   1.3.1       ✔ forcats 0.4.0  
── Conflicts ────────────────────────────────────────── tidyverse_conflicts() ──
✖ dplyr::filter() masks stats::filter()
✖ dplyr::lag()    masks stats::lag()
Loading required package: data.table

Attaching package: ‘data.table’

The following objects are masked from ‘package:dplyr’:

    between, first, last

The following object is masked from ‘package:purrr’:

    transpose

processing /oak/stanford/groups/mrivas/ukbb24983/hla/pgen/ukb_hla_v3.pvar
Loading required package: tidyverse
── Attaching packages ─────────────────────────────────────── tidyverse 1.2.1 ──
✔ ggplot2 3.1.0       ✔ purrr   0.3.1  
✔ tibble  2.0.1       ✔ dplyr   0.8.0.1
✔ tidyr   0.8.3       ✔ stringr 1.4.0  
✔ readr   1.3.1       ✔ forcats 0.4.0  
── Conflicts ────────────────────────────────────────── tidyverse_conflicts() ──
✖ dplyr::filter() masks stats::filter()
✖ dplyr::lag()    masks stats::lag()
Loading required package: data.table

Attaching package: ‘data.table’

The following objects are masked from ‘package:dplyr’:

    between, first, last

The following object is masked from ‘package:purrr’:

    transpose

processing /oak/stanford/groups/mrivas/ukbb24983/cnv/pgen/cnv.pvar
Loading required package: tidyverse
── Attaching packages ─────────────────────────────────────── tidyverse 1.2.1 ──
✔ ggplot2 3.1.0       ✔ purrr   0.3.1  
✔ tibble  2.0.1       ✔ dplyr   0.8.0.1
✔ tidyr   0.8.3       ✔ stringr 1.4.0  
✔ readr   1.3.1       ✔ forcats 0.4.0  
── Conflicts ────────────────────────────────────────── tidyverse_conflicts() ──
✖ dplyr::filter() masks stats::filter()
✖ dplyr::lag()    masks stats::lag()
Loading required package: data.table

Attaching package: ‘data.table’

The following objects are masked from ‘package:dplyr’:

    between, first, last

The following object is masked from ‘package:purrr’:

    transpose

processing /oak/stanford/groups/mrivas/ukbb24983/imp/pgen/var_QC/ukb24983_imp_chr1_v3_QC.pvar.zst
Loading required package: tidyverse
── Attaching packages ─────────────────────────────────────── tidyverse 1.2.1 ──
✔ ggplot2 3.1.0       ✔ purrr   0.3.1  
✔ tibble  2.0.1       ✔ dplyr   0.8.0.1
✔ tidyr   0.8.3       ✔ stringr 1.4.0  
✔ readr   1.3.1       ✔ forcats 0.4.0  
── Conflicts ────────────────────────────────────────── tidyverse_conflicts() ──
✖ dplyr::filter() masks stats::filter()
✖ dplyr::lag()    masks stats::lag()
Loading required package: data.table

Attaching package: ‘data.table’

The following objects are masked from ‘package:dplyr’:

    between, first, last

The following object is masked from ‘package:purrr’:

    transpose

processing /oak/stanford/groups/mrivas/ukbb24983/imp/pgen/var_QC/ukb24983_imp_chr2_v3_QC.pvar.zst
Loading required package: tidyverse
── Attaching packages ─────────────────────────────────────── tidyverse 1.2.1 ──
✔ ggplot2 3.1.0       ✔ purrr   0.3.1  
✔ tibble  2.0.1       ✔ dplyr   0.8.0.1
✔ tidyr   0.8.3       ✔ stringr 1.4.0  
✔ readr   1.3.1       ✔ forcats 0.4.0  
── Conflicts ────────────────────────────────────────── tidyverse_conflicts() ──
✖ dplyr::filter() masks stats::filter()
✖ dplyr::lag()    masks stats::lag()
Loading required package: data.table

Attaching package: ‘data.table’

The following objects are masked from ‘package:dplyr’:

    between, first, last

The following object is masked from ‘package:purrr’:

    transpose

processing /oak/stanford/groups/mrivas/ukbb24983/imp/pgen/var_QC/ukb24983_imp_chr3_v3_QC.pvar.zst
Loading required package: tidyverse
── Attaching packages ─────────────────────────────────────── tidyverse 1.2.1 ──
✔ ggplot2 3.1.0       ✔ purrr   0.3.1  
✔ tibble  2.0.1       ✔ dplyr   0.8.0.1
✔ tidyr   0.8.3       ✔ stringr 1.4.0  
✔ readr   1.3.1       ✔ forcats 0.4.0  
── Conflicts ────────────────────────────────────────── tidyverse_conflicts() ──
✖ dplyr::filter() masks stats::filter()
✖ dplyr::lag()    masks stats::lag()
Loading required package: data.table

Attaching package: ‘data.table’

The following objects are masked from ‘package:dplyr’:

    between, first, last

The following object is masked from ‘package:purrr’:

    transpose

processing /oak/stanford/groups/mrivas/ukbb24983/imp/pgen/var_QC/ukb24983_imp_chr4_v3_QC.pvar.zst
Loading required package: tidyverse
── Attaching packages ─────────────────────────────────────── tidyverse 1.2.1 ──
✔ ggplot2 3.1.0       ✔ purrr   0.3.1  
✔ tibble  2.0.1       ✔ dplyr   0.8.0.1
✔ tidyr   0.8.3       ✔ stringr 1.4.0  
✔ readr   1.3.1       ✔ forcats 0.4.0  
── Conflicts ────────────────────────────────────────── tidyverse_conflicts() ──
✖ dplyr::filter() masks stats::filter()
✖ dplyr::lag()    masks stats::lag()
Loading required package: data.table

Attaching package: ‘data.table’

The following objects are masked from ‘package:dplyr’:

    between, first, last

The following object is masked from ‘package:purrr’:

    transpose

processing /oak/stanford/groups/mrivas/ukbb24983/imp/pgen/var_QC/ukb24983_imp_chr5_v3_QC.pvar.zst
Loading required package: tidyverse
── Attaching packages ─────────────────────────────────────── tidyverse 1.2.1 ──
✔ ggplot2 3.1.0       ✔ purrr   0.3.1  
✔ tibble  2.0.1       ✔ dplyr   0.8.0.1
✔ tidyr   0.8.3       ✔ stringr 1.4.0  
✔ readr   1.3.1       ✔ forcats 0.4.0  
── Conflicts ────────────────────────────────────────── tidyverse_conflicts() ──
✖ dplyr::filter() masks stats::filter()
✖ dplyr::lag()    masks stats::lag()
Loading required package: data.table

Attaching package: ‘data.table’

The following objects are masked from ‘package:dplyr’:

    between, first, last

The following object is masked from ‘package:purrr’:

    transpose

processing /oak/stanford/groups/mrivas/ukbb24983/imp/pgen/var_QC/ukb24983_imp_chr6_v3_QC.pvar.zst
Loading required package: tidyverse
── Attaching packages ─────────────────────────────────────── tidyverse 1.2.1 ──
✔ ggplot2 3.1.0       ✔ purrr   0.3.1  
✔ tibble  2.0.1       ✔ dplyr   0.8.0.1
✔ tidyr   0.8.3       ✔ stringr 1.4.0  
✔ readr   1.3.1       ✔ forcats 0.4.0  
── Conflicts ────────────────────────────────────────── tidyverse_conflicts() ──
✖ dplyr::filter() masks stats::filter()
✖ dplyr::lag()    masks stats::lag()
Loading required package: data.table

Attaching package: ‘data.table’

The following objects are masked from ‘package:dplyr’:

    between, first, last

The following object is masked from ‘package:purrr’:

    transpose

processing /oak/stanford/groups/mrivas/ukbb24983/imp/pgen/var_QC/ukb24983_imp_chr7_v3_QC.pvar.zst
Loading required package: tidyverse
── Attaching packages ─────────────────────────────────────── tidyverse 1.2.1 ──
✔ ggplot2 3.1.0       ✔ purrr   0.3.1  
✔ tibble  2.0.1       ✔ dplyr   0.8.0.1
✔ tidyr   0.8.3       ✔ stringr 1.4.0  
✔ readr   1.3.1       ✔ forcats 0.4.0  
── Conflicts ────────────────────────────────────────── tidyverse_conflicts() ──
✖ dplyr::filter() masks stats::filter()
✖ dplyr::lag()    masks stats::lag()
Loading required package: data.table

Attaching package: ‘data.table’

The following objects are masked from ‘package:dplyr’:

    between, first, last

The following object is masked from ‘package:purrr’:

    transpose

processing /oak/stanford/groups/mrivas/ukbb24983/imp/pgen/var_QC/ukb24983_imp_chr8_v3_QC.pvar.zst
Loading required package: tidyverse
── Attaching packages ─────────────────────────────────────── tidyverse 1.2.1 ──
✔ ggplot2 3.1.0       ✔ purrr   0.3.1  
✔ tibble  2.0.1       ✔ dplyr   0.8.0.1
✔ tidyr   0.8.3       ✔ stringr 1.4.0  
✔ readr   1.3.1       ✔ forcats 0.4.0  
── Conflicts ────────────────────────────────────────── tidyverse_conflicts() ──
✖ dplyr::filter() masks stats::filter()
✖ dplyr::lag()    masks stats::lag()
Loading required package: data.table

Attaching package: ‘data.table’

The following objects are masked from ‘package:dplyr’:

    between, first, last

The following object is masked from ‘package:purrr’:

    transpose

processing /oak/stanford/groups/mrivas/ukbb24983/imp/pgen/var_QC/ukb24983_imp_chr9_v3_QC.pvar.zst
Loading required package: tidyverse
── Attaching packages ─────────────────────────────────────── tidyverse 1.2.1 ──
✔ ggplot2 3.1.0       ✔ purrr   0.3.1  
✔ tibble  2.0.1       ✔ dplyr   0.8.0.1
✔ tidyr   0.8.3       ✔ stringr 1.4.0  
✔ readr   1.3.1       ✔ forcats 0.4.0  
── Conflicts ────────────────────────────────────────── tidyverse_conflicts() ──
✖ dplyr::filter() masks stats::filter()
✖ dplyr::lag()    masks stats::lag()
Loading required package: data.table

Attaching package: ‘data.table’

The following objects are masked from ‘package:dplyr’:

    between, first, last

The following object is masked from ‘package:purrr’:

    transpose

processing /oak/stanford/groups/mrivas/ukbb24983/imp/pgen/var_QC/ukb24983_imp_chr10_v3_QC.pvar.zst
Loading required package: tidyverse
── Attaching packages ─────────────────────────────────────── tidyverse 1.2.1 ──
✔ ggplot2 3.1.0       ✔ purrr   0.3.1  
✔ tibble  2.0.1       ✔ dplyr   0.8.0.1
✔ tidyr   0.8.3       ✔ stringr 1.4.0  
✔ readr   1.3.1       ✔ forcats 0.4.0  
── Conflicts ────────────────────────────────────────── tidyverse_conflicts() ──
✖ dplyr::filter() masks stats::filter()
✖ dplyr::lag()    masks stats::lag()
Loading required package: data.table

Attaching package: ‘data.table’

The following objects are masked from ‘package:dplyr’:

    between, first, last

The following object is masked from ‘package:purrr’:

    transpose

processing /oak/stanford/groups/mrivas/ukbb24983/imp/pgen/var_QC/ukb24983_imp_chr11_v3_QC.pvar.zst
Loading required package: tidyverse
── Attaching packages ─────────────────────────────────────── tidyverse 1.2.1 ──
✔ ggplot2 3.1.0       ✔ purrr   0.3.1  
✔ tibble  2.0.1       ✔ dplyr   0.8.0.1
✔ tidyr   0.8.3       ✔ stringr 1.4.0  
✔ readr   1.3.1       ✔ forcats 0.4.0  
── Conflicts ────────────────────────────────────────── tidyverse_conflicts() ──
✖ dplyr::filter() masks stats::filter()
✖ dplyr::lag()    masks stats::lag()
Loading required package: data.table

Attaching package: ‘data.table’

The following objects are masked from ‘package:dplyr’:

    between, first, last

The following object is masked from ‘package:purrr’:

    transpose

processing /oak/stanford/groups/mrivas/ukbb24983/imp/pgen/var_QC/ukb24983_imp_chr12_v3_QC.pvar.zst
Loading required package: tidyverse
── Attaching packages ─────────────────────────────────────── tidyverse 1.2.1 ──
✔ ggplot2 3.1.0       ✔ purrr   0.3.1  
✔ tibble  2.0.1       ✔ dplyr   0.8.0.1
✔ tidyr   0.8.3       ✔ stringr 1.4.0  
✔ readr   1.3.1       ✔ forcats 0.4.0  
── Conflicts ────────────────────────────────────────── tidyverse_conflicts() ──
✖ dplyr::filter() masks stats::filter()
✖ dplyr::lag()    masks stats::lag()
Loading required package: data.table

Attaching package: ‘data.table’

The following objects are masked from ‘package:dplyr’:

    between, first, last

The following object is masked from ‘package:purrr’:

    transpose

processing /oak/stanford/groups/mrivas/ukbb24983/imp/pgen/var_QC/ukb24983_imp_chr13_v3_QC.pvar.zst
Loading required package: tidyverse
── Attaching packages ─────────────────────────────────────── tidyverse 1.2.1 ──
✔ ggplot2 3.1.0       ✔ purrr   0.3.1  
✔ tibble  2.0.1       ✔ dplyr   0.8.0.1
✔ tidyr   0.8.3       ✔ stringr 1.4.0  
✔ readr   1.3.1       ✔ forcats 0.4.0  
── Conflicts ────────────────────────────────────────── tidyverse_conflicts() ──
✖ dplyr::filter() masks stats::filter()
✖ dplyr::lag()    masks stats::lag()
Loading required package: data.table

Attaching package: ‘data.table’

The following objects are masked from ‘package:dplyr’:

    between, first, last

The following object is masked from ‘package:purrr’:

    transpose

processing /oak/stanford/groups/mrivas/ukbb24983/imp/pgen/var_QC/ukb24983_imp_chr14_v3_QC.pvar.zst
Loading required package: tidyverse
── Attaching packages ─────────────────────────────────────── tidyverse 1.2.1 ──
✔ ggplot2 3.1.0       ✔ purrr   0.3.1  
✔ tibble  2.0.1       ✔ dplyr   0.8.0.1
✔ tidyr   0.8.3       ✔ stringr 1.4.0  
✔ readr   1.3.1       ✔ forcats 0.4.0  
── Conflicts ────────────────────────────────────────── tidyverse_conflicts() ──
✖ dplyr::filter() masks stats::filter()
✖ dplyr::lag()    masks stats::lag()
Loading required package: data.table

Attaching package: ‘data.table’

The following objects are masked from ‘package:dplyr’:

    between, first, last

The following object is masked from ‘package:purrr’:

    transpose

processing /oak/stanford/groups/mrivas/ukbb24983/imp/pgen/var_QC/ukb24983_imp_chr15_v3_QC.pvar.zst
Loading required package: tidyverse
── Attaching packages ─────────────────────────────────────── tidyverse 1.2.1 ──
✔ ggplot2 3.1.0       ✔ purrr   0.3.1  
✔ tibble  2.0.1       ✔ dplyr   0.8.0.1
✔ tidyr   0.8.3       ✔ stringr 1.4.0  
✔ readr   1.3.1       ✔ forcats 0.4.0  
── Conflicts ────────────────────────────────────────── tidyverse_conflicts() ──
✖ dplyr::filter() masks stats::filter()
✖ dplyr::lag()    masks stats::lag()
Loading required package: data.table

Attaching package: ‘data.table’

The following objects are masked from ‘package:dplyr’:

    between, first, last

The following object is masked from ‘package:purrr’:

    transpose

processing /oak/stanford/groups/mrivas/ukbb24983/imp/pgen/var_QC/ukb24983_imp_chr16_v3_QC.pvar.zst
Loading required package: tidyverse
── Attaching packages ─────────────────────────────────────── tidyverse 1.2.1 ──
✔ ggplot2 3.1.0       ✔ purrr   0.3.1  
✔ tibble  2.0.1       ✔ dplyr   0.8.0.1
✔ tidyr   0.8.3       ✔ stringr 1.4.0  
✔ readr   1.3.1       ✔ forcats 0.4.0  
── Conflicts ────────────────────────────────────────── tidyverse_conflicts() ──
✖ dplyr::filter() masks stats::filter()
✖ dplyr::lag()    masks stats::lag()
Loading required package: data.table

Attaching package: ‘data.table’

The following objects are masked from ‘package:dplyr’:

    between, first, last

The following object is masked from ‘package:purrr’:

    transpose

processing /oak/stanford/groups/mrivas/ukbb24983/imp/pgen/var_QC/ukb24983_imp_chr17_v3_QC.pvar.zst
Loading required package: tidyverse
── Attaching packages ─────────────────────────────────────── tidyverse 1.2.1 ──
✔ ggplot2 3.1.0       ✔ purrr   0.3.1  
✔ tibble  2.0.1       ✔ dplyr   0.8.0.1
✔ tidyr   0.8.3       ✔ stringr 1.4.0  
✔ readr   1.3.1       ✔ forcats 0.4.0  
── Conflicts ────────────────────────────────────────── tidyverse_conflicts() ──
✖ dplyr::filter() masks stats::filter()
✖ dplyr::lag()    masks stats::lag()
Loading required package: data.table

Attaching package: ‘data.table’

The following objects are masked from ‘package:dplyr’:

    between, first, last

The following object is masked from ‘package:purrr’:

    transpose

processing /oak/stanford/groups/mrivas/ukbb24983/imp/pgen/var_QC/ukb24983_imp_chr18_v3_QC.pvar.zst
Loading required package: tidyverse
── Attaching packages ─────────────────────────────────────── tidyverse 1.2.1 ──
✔ ggplot2 3.1.0       ✔ purrr   0.3.1  
✔ tibble  2.0.1       ✔ dplyr   0.8.0.1
✔ tidyr   0.8.3       ✔ stringr 1.4.0  
✔ readr   1.3.1       ✔ forcats 0.4.0  
── Conflicts ────────────────────────────────────────── tidyverse_conflicts() ──
✖ dplyr::filter() masks stats::filter()
✖ dplyr::lag()    masks stats::lag()
Loading required package: data.table

Attaching package: ‘data.table’

The following objects are masked from ‘package:dplyr’:

    between, first, last

The following object is masked from ‘package:purrr’:

    transpose

processing /oak/stanford/groups/mrivas/ukbb24983/imp/pgen/var_QC/ukb24983_imp_chr19_v3_QC.pvar.zst
Loading required package: tidyverse
── Attaching packages ─────────────────────────────────────── tidyverse 1.2.1 ──
✔ ggplot2 3.1.0       ✔ purrr   0.3.1  
✔ tibble  2.0.1       ✔ dplyr   0.8.0.1
✔ tidyr   0.8.3       ✔ stringr 1.4.0  
✔ readr   1.3.1       ✔ forcats 0.4.0  
── Conflicts ────────────────────────────────────────── tidyverse_conflicts() ──
✖ dplyr::filter() masks stats::filter()
✖ dplyr::lag()    masks stats::lag()
Loading required package: data.table

Attaching package: ‘data.table’

The following objects are masked from ‘package:dplyr’:

    between, first, last

The following object is masked from ‘package:purrr’:

    transpose

processing /oak/stanford/groups/mrivas/ukbb24983/imp/pgen/var_QC/ukb24983_imp_chr20_v3_QC.pvar.zst
Loading required package: tidyverse
── Attaching packages ─────────────────────────────────────── tidyverse 1.2.1 ──
✔ ggplot2 3.1.0       ✔ purrr   0.3.1  
✔ tibble  2.0.1       ✔ dplyr   0.8.0.1
✔ tidyr   0.8.3       ✔ stringr 1.4.0  
✔ readr   1.3.1       ✔ forcats 0.4.0  
── Conflicts ────────────────────────────────────────── tidyverse_conflicts() ──
✖ dplyr::filter() masks stats::filter()
✖ dplyr::lag()    masks stats::lag()
Loading required package: data.table

Attaching package: ‘data.table’

The following objects are masked from ‘package:dplyr’:

    between, first, last

The following object is masked from ‘package:purrr’:

    transpose

processing /oak/stanford/groups/mrivas/ukbb24983/imp/pgen/var_QC/ukb24983_imp_chr21_v3_QC.pvar.zst
Loading required package: tidyverse
── Attaching packages ─────────────────────────────────────── tidyverse 1.2.1 ──
✔ ggplot2 3.1.0       ✔ purrr   0.3.1  
✔ tibble  2.0.1       ✔ dplyr   0.8.0.1
✔ tidyr   0.8.3       ✔ stringr 1.4.0  
✔ readr   1.3.1       ✔ forcats 0.4.0  
── Conflicts ────────────────────────────────────────── tidyverse_conflicts() ──
✖ dplyr::filter() masks stats::filter()
✖ dplyr::lag()    masks stats::lag()
Loading required package: data.table

Attaching package: ‘data.table’

The following objects are masked from ‘package:dplyr’:

    between, first, last

The following object is masked from ‘package:purrr’:

    transpose

processing /oak/stanford/groups/mrivas/ukbb24983/imp/pgen/var_QC/ukb24983_imp_chr22_v3_QC.pvar.zst
Loading required package: tidyverse
── Attaching packages ─────────────────────────────────────── tidyverse 1.2.1 ──
✔ ggplot2 3.1.0       ✔ purrr   0.3.1  
✔ tibble  2.0.1       ✔ dplyr   0.8.0.1
✔ tidyr   0.8.3       ✔ stringr 1.4.0  
✔ readr   1.3.1       ✔ forcats 0.4.0  
── Conflicts ────────────────────────────────────────── tidyverse_conflicts() ──
✖ dplyr::filter() masks stats::filter()
✖ dplyr::lag()    masks stats::lag()
Loading required package: data.table

Attaching package: ‘data.table’

The following objects are masked from ‘package:dplyr’:

    between, first, last

The following object is masked from ‘package:purrr’:

    transpose

processing /oak/stanford/groups/mrivas/ukbb24983/imp/pgen/var_QC/ukb24983_imp_chrX_v3_QC.pvar.zst
Loading required package: tidyverse
── Attaching packages ─────────────────────────────────────── tidyverse 1.2.1 ──
✔ ggplot2 3.1.0       ✔ purrr   0.3.1  
✔ tibble  2.0.1       ✔ dplyr   0.8.0.1
✔ tidyr   0.8.3       ✔ stringr 1.4.0  
✔ readr   1.3.1       ✔ forcats 0.4.0  
── Conflicts ────────────────────────────────────────── tidyverse_conflicts() ──
✖ dplyr::filter() masks stats::filter()
✖ dplyr::lag()    masks stats::lag()
Loading required package: data.table

Attaching package: ‘data.table’

The following objects are masked from ‘package:dplyr’:

    between, first, last

The following object is masked from ‘package:purrr’:

    transpose

processing /oak/stanford/groups/mrivas/ukbb24983/imp/pgen/var_QC/ukb24983_imp_chrXY_v3_QC.pvar.zst
Loading required package: tidyverse
── Attaching packages ─────────────────────────────────────── tidyverse 1.2.1 ──
✔ ggplot2 3.1.0       ✔ purrr   0.3.1  
✔ tibble  2.0.1       ✔ dplyr   0.8.0.1
✔ tidyr   0.8.3       ✔ stringr 1.4.0  
✔ readr   1.3.1       ✔ forcats 0.4.0  
── Conflicts ────────────────────────────────────────── tidyverse_conflicts() ──
✖ dplyr::filter() masks stats::filter()
✖ dplyr::lag()    masks stats::lag()
Loading required package: data.table

Attaching package: ‘data.table’

The following objects are masked from ‘package:dplyr’:

    between, first, last

The following object is masked from ‘package:purrr’:

    transpose

/lscratch/ytanigaw/tmp-slurm_script-20191015-102646-Nfr5ihDSgF/ukb24983_cal_cALL_v2_hg19
/lscratch/ytanigaw/tmp-slurm_script-20191015-102646-Nfr5ihDSgF/ukb_hla_v3
/lscratch/ytanigaw/tmp-slurm_script-20191015-102646-Nfr5ihDSgF/cnv
/lscratch/ytanigaw/tmp-slurm_script-20191015-102646-Nfr5ihDSgF/ukb24983_imp_chr1_v3_QC
/lscratch/ytanigaw/tmp-slurm_script-20191015-102646-Nfr5ihDSgF/ukb24983_imp_chr2_v3_QC
/lscratch/ytanigaw/tmp-slurm_script-20191015-102646-Nfr5ihDSgF/ukb24983_imp_chr3_v3_QC
/lscratch/ytanigaw/tmp-slurm_script-20191015-102646-Nfr5ihDSgF/ukb24983_imp_chr4_v3_QC
/lscratch/ytanigaw/tmp-slurm_script-20191015-102646-Nfr5ihDSgF/ukb24983_imp_chr5_v3_QC
/lscratch/ytanigaw/tmp-slurm_script-20191015-102646-Nfr5ihDSgF/ukb24983_imp_chr6_v3_QC
/lscratch/ytanigaw/tmp-slurm_script-20191015-102646-Nfr5ihDSgF/ukb24983_imp_chr7_v3_QC
/lscratch/ytanigaw/tmp-slurm_script-20191015-102646-Nfr5ihDSgF/ukb24983_imp_chr8_v3_QC
/lscratch/ytanigaw/tmp-slurm_script-20191015-102646-Nfr5ihDSgF/ukb24983_imp_chr9_v3_QC
/lscratch/ytanigaw/tmp-slurm_script-20191015-102646-Nfr5ihDSgF/ukb24983_imp_chr10_v3_QC
/lscratch/ytanigaw/tmp-slurm_script-20191015-102646-Nfr5ihDSgF/ukb24983_imp_chr11_v3_QC
/lscratch/ytanigaw/tmp-slurm_script-20191015-102646-Nfr5ihDSgF/ukb24983_imp_chr12_v3_QC
/lscratch/ytanigaw/tmp-slurm_script-20191015-102646-Nfr5ihDSgF/ukb24983_imp_chr13_v3_QC
/lscratch/ytanigaw/tmp-slurm_script-20191015-102646-Nfr5ihDSgF/ukb24983_imp_chr14_v3_QC
/lscratch/ytanigaw/tmp-slurm_script-20191015-102646-Nfr5ihDSgF/ukb24983_imp_chr15_v3_QC
/lscratch/ytanigaw/tmp-slurm_script-20191015-102646-Nfr5ihDSgF/ukb24983_imp_chr16_v3_QC
/lscratch/ytanigaw/tmp-slurm_script-20191015-102646-Nfr5ihDSgF/ukb24983_imp_chr17_v3_QC
/lscratch/ytanigaw/tmp-slurm_script-20191015-102646-Nfr5ihDSgF/ukb24983_imp_chr18_v3_QC
/lscratch/ytanigaw/tmp-slurm_script-20191015-102646-Nfr5ihDSgF/ukb24983_imp_chr19_v3_QC
/lscratch/ytanigaw/tmp-slurm_script-20191015-102646-Nfr5ihDSgF/ukb24983_imp_chr20_v3_QC
/lscratch/ytanigaw/tmp-slurm_script-20191015-102646-Nfr5ihDSgF/ukb24983_imp_chr21_v3_QC
/lscratch/ytanigaw/tmp-slurm_script-20191015-102646-Nfr5ihDSgF/ukb24983_imp_chr22_v3_QC
/lscratch/ytanigaw/tmp-slurm_script-20191015-102646-Nfr5ihDSgF/ukb24983_imp_chrX_v3_QC
/lscratch/ytanigaw/tmp-slurm_script-20191015-102646-Nfr5ihDSgF/ukb24983_imp_chrXY_v3_QC
Warning: Variants 'i1_137' and 'cnv260' have the same position.
Warning: Variants 'cnv504' and 'cal138' have the same position.
Warning: Variants 'i1_244' and 'cnv867' have the same position.
862 more same-position warnings: see log file.
Warning: 4224012 het. haploid genotypes present (see
/oak/stanford/groups/mrivas/ukbb/24983/array_imp_combined/pgen/ukb24983_ukb24983_cal_hla_cnv_imp.hh
); many commands treat these as missing.
Warning: Nonmissing nonmale Y chromosome genotype(s) present; many commands
treat these as missing.
