
The following have been reloaded with a version change:
  1) plink2/20190402 => plink2/20190402-non-AVX2

PLINK v2.00a2LM 64-bit Intel (2 Apr 2019)      www.cog-genomics.org/plink/2.0/
(C) 2005-2019 Shaun Purcell, Christopher Chang   GNU General Public License v3
Logging to /oak/stanford/groups/mrivas/ukbb24983/cal/gwas/9796/24611/white_british/ukb24983_v2.BIN_FC1002159.genotyped.both_arrays.log.
Options in effect:
  --bpfile /oak/stanford/groups/mrivas/private_data/ukbb/24983/cal/pgen/ukb24983_cal_cALL_v2
  --chr 1-22
  --covar /oak/stanford/groups/mrivas/ukbb24983/sqc/ukb24983_GWAS_covar.phe
  --covar-name age sex Array PC1-PC4
  --extract /oak/stanford/groups/mrivas/ukbb24983/sqc/both_array_variants.txt
  --glm firth-fallback hide-covar omit-ref
  --keep /oak/stanford/groups/mrivas/ukbb24983/sqc/population_stratification/ukb24983_white_british.phe
  --out /oak/stanford/groups/mrivas/ukbb24983/cal/gwas/9796/24611/white_british/ukb24983_v2.BIN_FC1002159.genotyped.both_arrays
  --pheno /oak/stanford/groups/mrivas/ukbb24983/phenotypedata/9796/24611/phe/BIN_FC1002159.phe
  --pheno-quantile-normalize
  --remove /oak/stanford/groups/mrivas/ukbb24983/sqc/ukb24983_v2.not_used_in_pca.phe

Start time: Fri Apr 26 09:33:41 2019
257541 MiB RAM detected; reserving 128770 MiB for main workspace.
Using up to 16 threads (change this with --threads).
488377 samples (264861 females, 223509 males, 7 ambiguous; 488377 founders)
loaded from
/oak/stanford/groups/mrivas/private_data/ukbb/24983/cal/pgen/ukb24983_cal_cALL_v2.fam.
784256 out of 805426 variants loaded from
/oak/stanford/groups/mrivas/private_data/ukbb/24983/cal/pgen/ukb24983_cal_cALL_v2.bim.
1 binary phenotype loaded (15680 cases, 421992 controls).
--extract: 728270 variants remaining.
--keep: 337151 samples remaining.
--remove: 337151 samples remaining.
7 covariates loaded from /oak/stanford/groups/mrivas/ukbb24983/sqc/ukb24983_GWAS_covar.phe.
337151 samples (181034 females, 156117 males; 337151 founders) remaining after
main filters.
10143 cases and 296014 controls remaining after main filters.
--pheno-quantile-normalize: No quantitative phenotypes affected.
728270 variants remaining after main filters.
--glm logistic-Firth hybrid regression on phenotype 'PHENO1': 0%8%16%slurmstepd: error: *** JOB 41236332 ON sh-27-29 CANCELLED AT 2019-04-26T14:03:39 ***
