#CHROM	POS	ID	REF	ALT	FASTA_REF
4	7435305	Affx-24919403	T	C	A
7	150896003	Affx-29977087	T	G	C
12	53011955	Affx-8165091	T	C	G
21	46354975	Affx-18140622	A	G	C
22	39218764	Affx-19589717	T	C	G
M	73	Affx-79504644	A	G	G
M	150	Affx-52321525	C	T	T
M	263	Affx-34461957	A	G	G
M	456	Affx-79381653	C	T	T
M	547	Affx-89025725	A	T	G
M	709	Affx-34462196	G	A	C
M	750	Affx-79381656	A	G	G
M	769	Affx-34462230	G	A	C
M	827	Affx-89025774	A	G	T
M	980	Affx-91439598	T	C	A
M	1018	Affx-89025772	G	A	T
M	1243	Affx-34461684	T	C	C
M	1391	Affx-89025736	T	C	G
M	1406	Affx-89025696	T	C	A
M	1438	Affx-34461788	A	G	C
M	1719	Affx-79381658	G	A	T
M	1721	Affx-79443409	C	T	G
M	1736	Affx-79381659	A	G	C
M	1811	Affx-89025771	A	G	T
M	2158	Affx-34461927	T	C	A
M	2218	Affx-89025695	C	T	A
M	2416	Affx-34461942	T	C	C
M	2483	Affx-34461948	T	C	A
M	2758	Affx-34461963	G	A	C
M	2885	Affx-34461972	T	C	A
M	3010	Affx-34461976	G	A	C
M	3027	Affx-79443412	T	C	A
M	3197	Affx-79381660	T	C	G
M	3243	Affx-89025759	A	G	g
M	3308	Affx-89025737	T	G	a
M	3348	Affx-34461994	A	G	T
M	3394	Affx-34461996	T	C	C
M	3395	Affx-89025777	A	G	T
M	3460	Affx-89025722	G	A	C
M	3531	Affx-89025718	G	A	C
M	3594	Affx-89025741	C	T	T
M	3697	Affx-89025710	G	A	C
M	3733	Affx-89025781	G	A	T
M	3736	Affx-89025762	G	A	A
M	3796	Affx-89025739	A	G	C
M	3834	Affx-92047845	G	A	T
M	3866	Affx-89025682	T	C	A
M	3918	Affx-79381665	G	A	A
M	3936	Affx-92047846	C	T	G
M	3946	Affx-89025738	G	A	C
M	3949	Affx-89025729	T	C	A
M	3990	Affx-92047847	C	T	A
M	3992	Affx-79381667	C	T	A
M	4024	Affx-34462030	A	G	T
M	4093	Affx-89025770	A	G	G
M	4104	Affx-89025723	A	G	T
M	4160	Affx-89025755	T	C	C
M	4216	Affx-89025684	T	C	A
M	4300	Affx-89025714	A	G	T
M	4310	Affx-92047848	A	G	G
M	4336	Affx-79381668	T	C	c
M	4529	Affx-92047849	A	T	C
M	4561	Affx-34462060	T	C	G
M	4580	Affx-34462062	G	A	T
M	4639	Affx-89025699	T	C	A
M	4646	Affx-79443430	T	C	A
M	4715	Affx-89025744	A	G	G
M	4769	Affx-34462075	A	G	T
M	4793	Affx-89025751	A	G	T
M	4820	Affx-79381669	G	A	A
M	4824	Affx-79381670	A	G	T
M	5004	Affx-79381672	T	C	C
M	5046	Affx-34462094	G	A	A
M	5147	Affx-89025778	G	A	C
M	5178	Affx-89025691	C	A	G
M	5231	Affx-89025748	G	A	T
M	5263	Affx-34462105	C	T	G
M	5360	Affx-92047850	C	T	T
M	5390	Affx-79381673	A	G	T
M	5442	Affx-79381674	T	C	A
M	5656	Affx-34462122	A	G	T
M	5951	Affx-34462135	A	G	G
M	5999	Affx-79443437	T	C	C
M	6047	Affx-79443438	A	G	T
M	6221	Affx-79381678	T	C	C
M	6253	Affx-92047851	T	C	A
M	6455	Affx-86887358	C	T	T
M	6528	Affx-89025708	C	T	A
M	6734	Affx-34462179	G	A	T
M	6752	Affx-34462180	A	G	T
M	6776	Affx-34462182	T	C	A
M	7055	Affx-34462191	A	G	G
M	7175	Affx-34462202	T	C	C
M	7256	Affx-89025713	C	T	A
M	7276	Affx-92047852	C	T	T
M	7476	Affx-79443447	C	T	g
M	7657	Affx-89025775	T	C	A
M	7768	Affx-79381679	A	G	T
M	8206	Affx-89025740	G	A	T
M	8269	Affx-89025766	G	A	A
M	8448	Affx-92047859	T	C	A
M	8616	Affx-79381680	G	T	T
M	8655	Affx-92047860	C	T	T
M	8697	Affx-89025732	G	A	T
M	8869	Affx-34462282	A	G	T
M	8993	Affx-89025719	T	G	C
M	8994	Affx-89025749	G	A	T
M	9042	Affx-34462293	C	T	A
M	9055	Affx-89025685	G	A	C
M	9072	Affx-34462296	A	G	C
M	9093	Affx-34462299	A	G	C
M	9123	Affx-92047864	G	A	T
M	9221	Affx-89025773	A	G	C
M	9377	Affx-79381681	A	G	G
M	9477	Affx-89025765	G	A	A
M	9647	Affx-89025758	T	C	C
M	9716	Affx-34462338	T	C	G
M	9899	Affx-79381685	T	C	A
M	10044	Affx-34461570	A	G	C
M	10142	Affx-92047861	C	T	A
M	10217	Affx-92047862	A	G	T
M	10310	Affx-79381688	G	A	T
M	10321	Affx-79381689	T	C	G
M	10394	Affx-92047863	C	T	A
M	10550	Affx-34461593	A	G	T
M	10688	Affx-34461600	G	A	T
M	10822	Affx-89025752	C	T	A
M	10873	Affx-79381693	T	C	C
M	10915	Affx-79381694	T	C	G
M	11025	Affx-89025768	T	C	C
M	11251	Affx-34461623	A	G	T
M	11299	Affx-89025753	T	C	C
M	11377	Affx-79381695	G	A	A
M	11467	Affx-79381696	A	G	T
M	11485	Affx-89025734	T	C	G
M	11778	Affx-89025779	G	A	C
M	11812	Affx-34461648	A	G	T
M	11899	Affx-79381697	T	C	C
M	11914	Affx-34461653	G	A	C
M	11947	Affx-92047855	A	G	C
M	12372	Affx-34461680	G	A	T
M	12397	Affx-89025681	A	G	T
M	12406	Affx-89025686	G	A	C
M	12501	Affx-86886472	G	A	T
M	12612	Affx-34461691	A	G	T
M	12669	Affx-34461695	C	T	A
M	12705	Affx-79381700	C	T	T
M	12810	Affx-89025760	A	G	G
M	12879	Affx-89025712	T	C	G
M	13020	Affx-92047856	T	C	G
M	13101	Affx-92047857	A	C	C
M	13104	Affx-52321475	A	G	G
M	13117	Affx-89025747	A	G	C
M	13500	Affx-89025728	T	C	G
M	13506	Affx-89025716	C	T	A
M	13759	Affx-79443499	G	A	C
M	13789	Affx-34461750	T	C	C
M	13879	Affx-89025700	T	C	A
M	13966	Affx-34461763	A	G	T
M	14016	Affx-89025754	G	A	A
M	14070	Affx-92047858	A	G	C
M	14133	Affx-79443502	A	G	T
M	14139	Affx-92047853	A	G	T
M	14167	Affx-89025746	C	T	T
M	14178	Affx-79381706	T	C	A
M	14318	Affx-86496743	T	C	A
M	14484	Affx-89025717	T	C	A
M	14550	Affx-89025780	T	C	A
M	14582	Affx-79381708	A	G	T
M	14620	Affx-92047865	C	T	A
M	14766	Affx-89025679	C	T	A
M	14793	Affx-89025687	A	G	C
M	14798	Affx-34461803	T	C	A
M	14869	Affx-92047866	G	A	T
M	14872	Affx-79443511	C	T	T
M	14905	Affx-34461806	G	A	T
M	15148	Affx-92047867	G	A	C
M	15218	Affx-89025745	A	G	G
M	15244	Affx-89025761	A	G	G
M	15250	Affx-89025726	C	T	A
M	15257	Affx-79381710	G	A	A
M	15301	Affx-79381711	G	A	T
M	15535	Affx-34461832	C	T	A
M	15693	Affx-89025690	T	C	A
M	15784	Affx-79381713	T	C	C
M	15812	Affx-89025698	G	A	C
M	15930	Affx-79381717	G	A	A
M	16145	Affx-79381720	G	A	T
M	16153	Affx-34461862	G	A	T
M	16162	Affx-34461864	A	G	T
M	16172	Affx-89025721	T	C	A
M	16243	Affx-89025720	T	C	A
M	16298	Affx-79443528	T	C	C
M	16337	Affx-92047842	C	T	A
M	16356	Affx-79443531	T	C	C
M	16362	Affx-79443532	T	C	C
