BIN100020
BIN100240
BIN100260
BIN100280
BIN100320
BIN100350
BIN100360
BIN100390
BIN100460
BIN100470
BIN100480
BIN100510
BIN100580
BIN100760
BIN100880
BIN100890
BIN100940
BIN1020483
BIN102080
BIN102130
BIN102250
BIN102400
BIN102520
BIN102700
BIN102800
BIN102930
BIN103000
BIN103120
BIN103130
BIN103140
BIN103990
BIN104400
BIN104670
BIN1210
BIN12139
BIN12188
BIN1518
BIN1618
BIN1677
BIN19
BIN1920
BIN1930
BIN1940
BIN1950
BIN1960
BIN1970
BIN1980
BIN1990
BIN2000
BIN2010
BIN2020
BIN2030
BIN2040
BIN20401
BIN20404
BIN20406
BIN20415
BIN20417
BIN20419
BIN20421
BIN20422
BIN20423
BIN20425
BIN20426
BIN20427
BIN20428
BIN20429
BIN20431
BIN20432
BIN20435
BIN20437
BIN20441
BIN20445
BIN20446
BIN20447
BIN20448
BIN20449
BIN20450
BIN20456
BIN20457
BIN20463
BIN20466
BIN20468
BIN20471
BIN20474
BIN20477
BIN20480
BIN20481
BIN20483
BIN20484
BIN20486
BIN20496
BIN20499
BIN20500
BIN20501
BIN20502
BIN20503
BIN20504
BIN20532
BIN20533
BIN20534
BIN20535
BIN20538
BIN20540
BIN20541
BIN20542
BIN2090
BIN2100
BIN21024
BIN21026
BIN21027
BIN21035
BIN21038
BIN21062
BIN21063
BIN21064
BIN21065
BIN21066
BIN21067
BIN21068
BIN21070
BIN21071
BIN21073
BIN21074
BIN21075
BIN21076
BIN2188
BIN2207
BIN22126
BIN22127
BIN22128
BIN22129
BIN22130
BIN22132
BIN22133
BIN22134
BIN22135
BIN22136
BIN22137
BIN22139
BIN22140
BIN22502
BIN22504
BIN2257
BIN23050
BIN23051
BIN23052
BIN23053
BIN23054
BIN23055
BIN23056
BIN23057
BIN23058
BIN23059
BIN23060
BIN23061
BIN23062
BIN23063
BIN23064
BIN23065
BIN23066
BIN23067
BIN23068
BIN23069
BIN23070
BIN23071
BIN23073
BIN23074
BIN23075
BIN2316
BIN2335
BIN2415
BIN2443
BIN2453
BIN2463
BIN2473
BIN2774
BIN2814
BIN3081
BIN3393
BIN3404
BIN3414
BIN3571
BIN3591
BIN3606
BIN3616
BIN3741
BIN3751
BIN3773
BIN3799
BIN4041
BIN4067
BIN4092
BIN4093
BIN4095
BIN4096
BIN41215
BIN4232
BIN4243
BIN4598
BIN4631
BIN4642
BIN4653
BIN4728
BIN4792
BIN5181
BIN5324
BIN5325
BIN5326
BIN5327
BIN5328
BIN5452
BIN5463
BIN5474
BIN5485
BIN5496
BIN5529
BIN5674
BIN6014
BIN6015
BIN6016
BIN6017
BIN_FC10000120
BIN_FC10001140
BIN_FC10001150
BIN_FC10001249
BIN_FC10001259
BIN_FC10001418
BIN_FC10001428
BIN_FC10001448
BIN_FC10001468
BIN_FC10001508
BIN_FC10001538
BIN_FC10001628
BIN_FC10001677
BIN_FC10001707
BIN_FC10001727
BIN_FC10001757
BIN_FC10001767
BIN_FC10001777
BIN_FC10001787
BIN_FC10001797
BIN_FC10001835
BIN_FC10001920
BIN_FC10001930
BIN_FC10001940
BIN_FC10001950
BIN_FC10001960
BIN_FC10001970
BIN_FC10001980
BIN_FC10001990
BIN_FC10002000
BIN_FC10002010
BIN_FC10002020
BIN_FC10002030
BIN_FC10002040
BIN_FC100020544
BIN_FC10002090
BIN_FC10002100
BIN_FC10002159
BIN_FC10002188
BIN_FC10002207
BIN_FC10002227
BIN_FC10002257
BIN_FC10002267
BIN_FC10002316
BIN_FC10002335
BIN_FC10002345
BIN_FC10002365
BIN_FC10002415
BIN_FC10002443
BIN_FC10002453
BIN_FC10002463
BIN_FC10002473
BIN_FC10002492
BIN_FC10002644
BIN_FC10002654
BIN_FC10002674
BIN_FC10002694
BIN_FC10002774
BIN_FC10002784
BIN_FC10002814
BIN_FC10002834
BIN_FC10002844
BIN_FC10002877
BIN_FC10002907
BIN_FC10002956
BIN_FC10002986
BIN_FC10003005
BIN_FC10003082
BIN_FC10003393
BIN_FC10003404
BIN_FC10003414
BIN_FC10003446
BIN_FC10003486
BIN_FC10003571
BIN_FC10003591
BIN_FC10003616
BIN_FC10003720
BIN_FC10003731
BIN_FC10003741
BIN_FC10003773
BIN_FC10003799
BIN_FC10003912
BIN_FC10003942
BIN_FC10004041
BIN_FC10004067
BIN_FC10004501
BIN_FC10004598
BIN_FC10004631
BIN_FC10004642
BIN_FC10004653
BIN_FC10004717
BIN_FC10004728
BIN_FC10004792
BIN_FC10004825
BIN_FC10004836
BIN_FC10005408
BIN_FC10005419
BIN_FC10005441
BIN_FC10005452
BIN_FC10005463
BIN_FC10005474
BIN_FC10005485
BIN_FC10005496
BIN_FC10005507
BIN_FC10005518
BIN_FC10005529
BIN_FC10005540
BIN_FC10005610
BIN_FC10005832
BIN_FC10005843
BIN_FC10005855
BIN_FC10005877
BIN_FC10005890
BIN_FC10005912
BIN_FC10005934
BIN_FC10005959
BIN_FC10006074
BIN_FC10006075
BIN_FC10006119
BIN_FC10006151
BIN_FC10006152
BIN_FC10006153
BIN_FC10006154
BIN_FC10006155
BIN_FC10006156
BIN_FC10006157
BIN_FC10006160
BIN_FC10006164
BIN_FC10006179
BIN_FC10006205
BIN_FC10010016
BIN_FC100100920
BIN_FC10010105
BIN_FC10010114
BIN_FC10010793
BIN_FC10010895
BIN_FC10012187
BIN_FC10012323
BIN_FC1001747
BIN_FC10020018
BIN_FC10020116
BIN_FC10020117
BIN_FC10020126
BIN_FC10020165
BIN_FC10020167
BIN_FC10020169
BIN_FC10020171
BIN_FC10020173
BIN_FC10020175
BIN_FC10020177
BIN_FC10020179
BIN_FC10020181
BIN_FC10020183
BIN_FC10020185
BIN_FC10020187
BIN_FC10020189
BIN_FC10020193
BIN_FC10020458
BIN_FC10020459
BIN_FC10020462
BIN_FC10020487
BIN_FC10020488
BIN_FC10020489
BIN_FC10020490
BIN_FC10020491
BIN_FC10020492
BIN_FC10020521
BIN_FC10020522
BIN_FC10020523
BIN_FC10020524
BIN_FC10020525
BIN_FC10020526
BIN_FC10020527
BIN_FC10020528
BIN_FC10020529
BIN_FC10020530
BIN_FC10020531
BIN_FC10020536
BIN_FC10020537
BIN_FC10020539
BIN_FC10020544
BIN_FC10020546
BIN_FC10020547
BIN_FC10020548
BIN_FC10020549
BIN_FC10020550
BIN_FC10020551
BIN_FC10020552
BIN_FC10021050
BIN_FC10021057
BIN_FC10021072
BIN_FC1002159
BIN_FC1002247
BIN_FC10022506
BIN_FC1002306
BIN_FC1002395
BIN_FC1002724
BIN_FC10041226
BIN_FC1004803
BIN_FC1005149
BIN_FC1005152
BIN_FC1005155
BIN_FC1005164
BIN_FC1006144
BIN_FC1006148
BIN_FC1006149
BIN_FC1006150
BIN_FC1006152
BIN_FC1006153
BIN_FC1006154
BIN_FC1006155
BIN_FC1006177
BIN_FC1006179
BIN_FC10100920
BIN_FC10110005
BIN_FC110020544
BIN_FC11006152
BIN_FC11006154
BIN_FC11006155
BIN_FC11006179
BIN_FC120020544
BIN_FC12006152
BIN_FC12006154
BIN_FC12006155
BIN_FC12006179
BIN_FC130020544
BIN_FC13006155
BIN_FC140020544
BIN_FC14006155
BIN_FC150020544
BIN_FC15006155
BIN_FC160020544
BIN_FC16006155
BIN_FC170020544
BIN_FC17006155
BIN_FC18006155
BIN_FC19006155
BIN_FC20000120
BIN_FC20001140
BIN_FC20001150
BIN_FC20001249
BIN_FC20001418
BIN_FC20001428
BIN_FC20001448
BIN_FC20001468
BIN_FC20001508
BIN_FC20001538
BIN_FC20001628
BIN_FC20001727
BIN_FC20001757
BIN_FC20002267
BIN_FC20002654
BIN_FC20002877
BIN_FC20003082
BIN_FC20003446
BIN_FC20003486
BIN_FC20004825
BIN_FC20004836
BIN_FC20005408
BIN_FC20005419
BIN_FC20005441
BIN_FC20005507
BIN_FC20005518
BIN_FC20005540
BIN_FC20005610
BIN_FC20005832
BIN_FC20005843
BIN_FC20005855
BIN_FC20005877
BIN_FC20005890
BIN_FC20005912
BIN_FC20005934
BIN_FC20006074
BIN_FC20006075
BIN_FC20006119
BIN_FC20006151
BIN_FC20006156
BIN_FC20006157
BIN_FC20006160
BIN_FC20006164
BIN_FC20006205
BIN_FC20012187
BIN_FC20012323
BIN_FC2001747
BIN_FC20020018
BIN_FC20020116
BIN_FC20020117
BIN_FC20020126
BIN_FC20020462
BIN_FC20020487
BIN_FC20020488
BIN_FC20020489
BIN_FC20020490
BIN_FC20020491
BIN_FC20020492
BIN_FC20020521
BIN_FC20020522
BIN_FC20020523
BIN_FC20020524
BIN_FC20020525
BIN_FC20020526
BIN_FC20020527
BIN_FC20020528
BIN_FC20020529
BIN_FC20020530
BIN_FC20020531
BIN_FC20020537
BIN_FC20020539
BIN_FC20020544
BIN_FC20020546
BIN_FC20020547
BIN_FC20020548
BIN_FC20020549
BIN_FC20020550
BIN_FC20020551
BIN_FC20020552
BIN_FC20021072
BIN_FC2002247
BIN_FC20022506
BIN_FC20041226
BIN_FC2006144
BIN_FC2006148
BIN_FC2006149
BIN_FC2006150
BIN_FC2006152
BIN_FC2006153
BIN_FC2006154
BIN_FC2006155
BIN_FC2006177
BIN_FC2006179
BIN_FC20100920
BIN_FC30001140
BIN_FC30001150
BIN_FC30001249
BIN_FC30001418
BIN_FC30001428
BIN_FC30001448
BIN_FC30001468
BIN_FC30001508
BIN_FC30001628
BIN_FC30001727
BIN_FC30001757
BIN_FC30002267
BIN_FC30002654
BIN_FC30002877
BIN_FC30003446
BIN_FC30003486
BIN_FC30004825
BIN_FC30004836
BIN_FC30005507
BIN_FC30005540
BIN_FC30006151
BIN_FC30006156
BIN_FC30006157
BIN_FC30006160
BIN_FC30006164
BIN_FC30012187
BIN_FC30012323
BIN_FC3001747
BIN_FC30020116
BIN_FC30020117
BIN_FC30020126
BIN_FC30020462
BIN_FC30020487
BIN_FC30020488
BIN_FC30020489
BIN_FC30020490
BIN_FC30020491
BIN_FC30020492
BIN_FC30020521
BIN_FC30020522
BIN_FC30020523
BIN_FC30020524
BIN_FC30020525
BIN_FC30020526
BIN_FC30020527
BIN_FC30020528
BIN_FC30020529
BIN_FC30020530
BIN_FC30020531
BIN_FC30020537
BIN_FC30020539
BIN_FC30020544
BIN_FC30020546
BIN_FC30020547
BIN_FC30020548
BIN_FC30020549
BIN_FC30020550
BIN_FC30020551
BIN_FC30021072
BIN_FC3002247
BIN_FC30022506
BIN_FC30041226
BIN_FC3006144
BIN_FC3006148
BIN_FC3006149
BIN_FC3006150
BIN_FC3006152
BIN_FC3006153
BIN_FC3006155
BIN_FC3006177
BIN_FC30100920
BIN_FC40001140
BIN_FC40001249
BIN_FC40001418
BIN_FC40001428
BIN_FC40001448
BIN_FC40001468
BIN_FC40001508
BIN_FC40001727
BIN_FC40002267
BIN_FC40002654
BIN_FC40003486
BIN_FC40006151
BIN_FC40006156
BIN_FC40006157
BIN_FC40006160
BIN_FC40006164
BIN_FC4001747
BIN_FC40020126
BIN_FC40020462
BIN_FC40020487
BIN_FC40020488
BIN_FC40020489
BIN_FC40020490
BIN_FC40020491
BIN_FC40020521
BIN_FC40020522
BIN_FC40020523
BIN_FC40020524
BIN_FC40020525
BIN_FC40020537
BIN_FC40020539
BIN_FC40020544
BIN_FC40020546
BIN_FC40020548
BIN_FC40020549
BIN_FC40021072
BIN_FC4002395
BIN_FC4006144
BIN_FC4006148
BIN_FC4006149
BIN_FC4006150
BIN_FC4006152
BIN_FC4006153
BIN_FC4006155
BIN_FC4006177
BIN_FC40100920
BIN_FC50001418
BIN_FC50001468
BIN_FC50002267
BIN_FC50002654
BIN_FC50006151
BIN_FC50006157
BIN_FC50006160
BIN_FC50006164
BIN_FC5001747
BIN_FC50020126
BIN_FC50020462
BIN_FC50020488
BIN_FC50020491
BIN_FC50020521
BIN_FC50020522
BIN_FC50020523
BIN_FC50020524
BIN_FC50020525
BIN_FC50020544
BIN_FC50020548
BIN_FC5002395
BIN_FC5006148
BIN_FC5006149
BIN_FC5006152
BIN_FC5006153
BIN_FC5006155
BIN_FC5006177
BIN_FC50100920
BIN_FC60001418
BIN_FC60002654
BIN_FC60006151
BIN_FC60006160
BIN_FC60006164
BIN_FC6001747
BIN_FC60020126
BIN_FC60020544
BIN_FC60020548
BIN_FC6002395
BIN_FC6006149
BIN_FC6006152
BIN_FC6006153
BIN_FC6006154
BIN_FC6006155
BIN_FC6006177
BIN_FC6006179
BIN_FC60100920
BIN_FC70002654
BIN_FC70006151
BIN_FC7001747
BIN_FC70020544
BIN_FC70020548
BIN_FC7006152
BIN_FC7006153
BIN_FC7006154
BIN_FC7006155
BIN_FC7006179
BIN_FC70100920
BIN_FC80020544
BIN_FC80020548
BIN_FC8006152
BIN_FC8006153
BIN_FC8006154
BIN_FC8006155
BIN_FC8006179
BIN_FC80100920
BIN_FC90020544
BIN_FC90020548
BIN_FC9006152
BIN_FC9006153
BIN_FC9006154
BIN_FC9006155
BIN_FC9006179
BIN_FC90100920
cancer1011
cancer1020
cancer1047
cancer1048
cancer1050
cancer1051
cancer1052
cancer1053
cancer1055
cancer1056
cancer1059
cancer1060
cancer1063
cancer1064
cancer1065
cancer1066
cancer1067
FH1001
FH1002
FH1019
FH1044
FH1065
FH1113
FH1220
FH1262
FH1263
FH1286
HC0
HC1
HC10
HC100
HC1000
HC1001
HC1002
HC1003
HC1004
HC1005
HC1006
HC1007
HC1008
HC1009
HC101
HC1010
HC1011
HC1012
HC1013
HC1014
HC1015
HC1016
HC1017
HC1018
HC1019
HC102
HC1020
HC1021
HC1022
HC1023
HC1024
HC1025
HC1026
HC1027
HC1028
HC1029
HC103
HC1030
HC1031
HC1032
HC1033
HC1034
HC1035
HC1036
HC1037
HC1038
HC1039
HC104
HC1040
HC1041
HC1042
HC1043
HC1045
HC1047
HC1048
HC1049
HC105
HC1050
HC1051
HC1052
HC1053
HC1054
HC1055
HC1056
HC1057
HC1058
HC1059
HC106
HC1060
HC1061
HC1062
HC1063
HC1064
HC1065
HC1066
HC1067
HC1068
HC1069
HC1070
HC1071
HC1072
HC1073
HC1074
HC1075
HC1076
HC1077
HC1078
HC1079
HC108
HC1080
HC1081
HC1082
HC1083
HC1084
HC1085
HC1086
HC1087
HC1088
HC1089
HC109
HC1090
HC1091
HC1092
HC1093
HC1094
HC1095
HC1096
HC1097
HC1098
HC1099
HC11
HC110
HC1100
HC1101
HC1102
HC1103
HC1104
HC1105
HC1106
HC1107
HC1108
HC1109
HC111
HC1110
HC1111
HC1112
HC1113
HC1114
HC1115
HC1117
HC1118
HC1119
HC112
HC1120
HC1121
HC1122
HC1123
HC1124
HC1125
HC1126
HC1127
HC1128
HC1129
HC113
HC1130
HC1132
HC1133
HC1134
HC1137
HC1138
HC1139
HC114
HC1140
HC1141
HC1142
HC1143
HC1144
HC1145
HC1146
HC1148
HC1149
HC115
HC1150
HC1151
HC1152
HC1153
HC1154
HC1155
HC1156
HC1157
HC1158
HC1159
HC116
HC1160
HC1161
HC1162
HC1163
HC1164
HC1165
HC1166
HC1167
HC1169
HC117
HC1170
HC1171
HC1172
HC1173
HC1174
HC1176
HC1177
HC1178
HC1179
HC118
HC1180
HC1181
HC1182
HC1183
HC1184
HC1185
HC1186
HC1187
HC1188
HC1189
HC119
HC1190
HC1191
HC1192
HC1193
HC1195
HC1196
HC1197
HC1198
HC1199
HC120
HC1200
HC1201
HC1202
HC1203
HC1204
HC1205
HC1206
HC1207
HC1208
HC1209
HC121
HC1211
HC1212
HC1213
HC1214
HC1215
HC1216
HC1217
HC1218
HC1219
HC122
HC1220
HC1221
HC1222
HC1223
HC1224
HC1225
HC1226
HC1227
HC1228
HC1229
HC123
HC1230
HC1231
HC1232
HC1233
HC1234
HC1235
HC1236
HC1237
HC1238
HC1239
HC1240
HC1241
HC1242
HC1243
HC1244
HC1245
HC1246
HC1247
HC1248
HC1249
HC125
HC1250
HC1251
HC1252
HC1253
HC1255
HC1256
HC1257
HC1259
HC126
HC1260
HC1261
HC1263
HC1264
HC1265
HC1266
HC1267
HC1268
HC1269
HC127
HC1270
HC1271
HC1272
HC1273
HC1274
HC1275
HC1276
HC1277
HC1278
HC1279
HC128
HC1280
HC1281
HC1282
HC1283
HC1284
HC1285
HC1286
HC1287
HC1288
HC1289
HC129
HC1290
HC1293
HC1294
HC1295
HC1296
HC1297
HC1298
HC1299
HC13
HC130
HC1300
HC1301
HC1302
HC1303
HC1304
HC1305
HC1307
HC1308
HC1309
HC131
HC1310
HC1311
HC1312
HC1313
HC1314
HC1315
HC1317
HC1318
HC1319
HC132
HC1321
HC1322
HC1328
HC1329
HC1332
HC1333
HC1334
HC1335
HC1336
HC1337
HC1492
HC1493
HC1494
HC1495
HC1496
HC1497
HC1498
HC1499
HC15
HC150
HC1500
HC1501
HC1502
HC1503
HC1504
HC1505
HC1506
HC1507
HC1508
HC1509
HC151
HC1510
HC1511
HC1512
HC1513
HC1514
HC1515
HC1516
HC1518
HC152
HC1520
HC1521
HC1522
HC1523
HC1525
HC1526
HC1527
HC1528
HC1529
HC153
HC1530
HC1531
HC1534
HC1536
HC1537
HC1538
HC1539
HC154
HC1540
HC1541
HC1542
HC1543
HC1544
HC1545
HC1546
HC1547
HC1548
HC155
HC1550
HC1551
HC1552
HC1553
HC1554
HC1555
HC1556
HC1557
HC1558
HC1559
HC156
HC1560
HC1561
HC1563
HC1564
HC1565
HC157
HC1570
HC1572
HC1573
HC1574
HC1575
HC1576
HC1577
HC1578
HC1579
HC158
HC1580
HC1581
HC1582
HC1583
HC1584
HC1585
HC1586
HC1587
HC1588
HC1589
HC159
HC1590
HC1591
HC1592
HC16
HC160
HC162
HC163
HC164
HC165
HC166
HC167
HC168
HC169
HC17
HC170
HC171
HC172
HC173
HC174
HC175
HC176
HC177
HC178
HC179
HC18
HC180
HC181
HC182
HC183
HC184
HC185
HC186
HC187
HC188
HC189
HC19
HC190
HC191
HC192
HC193
HC194
HC195
HC196
HC197
HC198
HC199
HC2
HC20
HC200
HC201
HC202
HC203
HC204
HC206
HC207
HC208
HC209
HC21
HC210
HC211
HC212
HC213
HC214
HC215
HC216
HC217
HC218
HC219
HC22
HC220
HC221
HC222
HC223
HC224
HC225
HC226
HC228
HC229
HC23
HC230
HC231
HC233
HC234
HC235
HC237
HC238
HC239
HC24
HC240
HC241
HC242
HC243
HC244
HC245
HC246
HC247
HC248
HC249
HC346
HC347
HC348
HC349
HC35
HC350
HC351
HC352
HC353
HC354
HC355
HC356
HC357
HC358
HC359
HC36
HC360
HC361
HC362
HC363
HC364
HC365
HC366
HC368
HC369
HC37
HC370
HC371
HC373
HC374
HC375
HC376
HC377
HC378
HC379
HC38
HC380
HC381
HC382
HC383
HC384
HC385
HC386
HC387
HC388
HC389
HC39
HC390
HC391
HC392
HC393
HC394
HC395
HC396
HC397
HC398
HC4
HC40
HC400
HC401
HC404
HC406
HC407
HC409
HC41
HC411
HC412
HC413
HC414
HC416
HC417
HC418
HC419
HC42
HC420
HC421
HC422
HC423
HC427
HC428
HC429
HC43
HC430
HC431
HC432
HC433
HC434
HC435
HC436
HC437
HC438
HC439
HC44
HC440
HC441
HC442
HC443
HC444
HC445
HC447
HC448
HC449
HC45
HC450
HC451
HC452
HC453
HC454
HC455
HC456
HC457
HC458
HC459
HC46
HC460
HC464
HC468
HC469
HC47
HC471
HC474
HC475
HC476
HC478
HC479
HC48
HC480
HC481
HC484
HC485
HC486
HC489
HC49
HC490
HC491
HC493
HC496
HC497
HC499
HC5
HC50
HC502
HC503
HC504
HC505
HC51
HC511
HC513
HC516
HC517
HC518
HC519
HC52
HC525
HC526
HC529
HC53
HC530
HC531
HC532
HC533
HC534
HC535
HC536
HC537
HC538
HC54
HC540
HC541
HC542
HC545
HC546
HC547
HC548
HC549
HC55
HC550
HC551
HC552
HC553
HC554
HC555
HC56
HC561
HC564
HC565
HC566
HC567
HC568
HC57
HC571
HC574
HC575
HC577
HC58
HC586
HC59
HC590
HC591
HC592
HC593
HC594
HC595
HC597
HC599
HC6
HC60
HC600
HC602
HC603
HC604
HC605
HC607
HC608
HC609
HC61
HC610
HC612
HC613
HC614
HC615
HC617
HC618
HC619
HC62
HC620
HC624
HC625
HC626
HC627
HC628
HC629
HC63
HC631
HC632
HC634
HC635
HC636
HC637
HC638
HC639
HC64
HC640
HC641
HC642
HC643
HC644
HC645
HC646
HC647
HC648
HC649
HC651
HC652
HC653
HC654
HC655
HC656
HC657
HC658
HC659
HC66
HC660
HC661
HC662
HC663
HC664
HC665
HC666
HC667
HC668
HC67
HC674
HC676
HC678
HC679
HC68
HC680
HC681
HC682
HC684
HC685
HC686
HC688
HC689
HC69
HC690
HC692
HC694
HC695
HC696
HC697
HC699
HC7
HC70
HC700
HC701
HC702
HC703
HC704
HC705
HC706
HC707
HC708
HC709
HC71
HC710
HC711
HC712
HC713
HC715
HC716
HC717
HC718
HC719
HC72
HC720
HC721
HC722
HC723
HC724
HC725
HC726
HC728
HC729
HC73
HC730
HC731
HC732
HC734
HC736
HC737
HC738
HC739
HC740
HC741
HC742
HC743
HC744
HC745
HC746
HC747
HC748
HC749
HC75
HC750
HC751
HC752
HC753
HC754
HC756
HC758
HC759
HC760
HC761
HC762
HC763
HC764
HC767
HC768
HC77
HC772
HC773
HC774
HC778
HC779
HC78
HC781
HC783
HC784
HC785
HC786
HC787
HC788
HC789
HC79
HC790
HC791
HC792
HC794
HC795
HC796
HC797
HC798
HC799
HC8
HC80
HC800
HC801
HC802
HC804
HC805
HC806
HC808
HC809
HC81
HC810
HC812
HC813
HC814
HC817
HC818
HC819
HC82
HC820
HC821
HC822
HC823
HC824
HC825
HC826
HC827
HC828
HC829
HC83
HC831
HC832
HC833
HC834
HC835
HC836
HC837
HC838
HC839
HC84
HC840
HC841
HC842
HC843
HC844
HC846
HC847
HC848
HC849
HC850
HC851
HC852
HC853
HC854
HC855
HC856
HC857
HC858
HC859
HC86
HC860
HC861
HC862
HC863
HC864
HC865
HC866
HC867
HC868
HC869
HC87
HC870
HC871
HC872
HC873
HC874
HC875
HC876
HC878
HC879
HC88
HC880
HC881
HC882
HC884
HC885
HC887
HC888
HC889
HC89
HC890
HC891
HC892
HC893
HC894
HC895
HC896
HC897
HC898
HC899
HC9
HC900
HC901
HC902
HC903
HC904
HC906
HC909
HC91
HC910
HC911
HC912
HC915
HC917
HC918
HC919
HC92
HC920
HC921
HC923
HC924
HC926
HC927
HC93
HC931
HC933
HC935
HC937
HC938
HC94
HC940
HC943
HC945
HC947
HC948
HC949
HC95
HC951
HC954
HC96
HC960
HC961
HC962
HC963
HC964
HC965
HC966
HC967
HC969
HC989
HC990
HC991
HC992
INI100010
INI1001
INI100150
INI100160
INI100170
INI100180
INI100190
INI100200
INI100210
INI100220
INI100230
INI100250
INI100270
INI100290
INI100300
INI1003063
INI1003064
INI100310
INI100330
INI100370
INI100380
INI100400
INI100410
INI100420
INI100430
INI100440
INI100490
INI100500
INI100520
INI100530
INI100540
INI100550
INI100560
INI100590
INI100630
INI100670
INI100710
INI100720
INI100730
INI100740
INI100770
INI100800
INI100810
INI100820
INI100830
INI100840
INI100850
INI100860
INI100900
INI100910
INI100950
INI101020
INI101090
INI1011
INI101160
INI101230
INI101240
INI101250
INI101260
INI101270
INI101310
INI101350
INI101390
INI101430
INI101470
INI101510
INI101550
INI101970
INI101980
INI101990
INI102
INI102000
INI102010
INI102020
INI102030
INI102040
INI102050
INI102060
INI102070
INI102090
INI1021
INI102120
INI102140
INI102150
INI102170
INI102180
INI102190
INI102200
INI102210
INI102220
INI102230
INI102260
INI102270
INI102280
INI102290
INI102300
INI102310
INI102320
INI102330
INI102340
INI102350
INI102360
INI102370
INI102380
INI102410
INI102420
INI102430
INI102440
INI102450
INI102460
INI102470
INI102480
INI102490
INI102500
INI102530
INI102540
INI102620
INI102710
INI102720
INI102730
INI102740
INI102750
INI102760
INI102770
INI102780
INI102810
INI102820
INI102830
INI102840
INI102850
INI102860
INI102870
INI102880
INI102890
INI102900
INI102910
INI102940
INI102950
INI102960
INI102970
INI102980
INI103010
INI103020
INI103030
INI103040
INI103050
INI103060
INI103070
INI103080
INI103090
INI1031
INI103100
INI103150
INI103160
INI103170
INI103180
INI103190
INI103200
INI103210
INI103220
INI103230
INI103260
INI103270
INI103280
INI103290
INI104000
INI104010
INI104020
INI104030
INI104050
INI104060
INI104070
INI104080
INI104090
INI104100
INI104110
INI104120
INI104130
INI104140
INI104150
INI104160
INI104170
INI104180
INI104190
INI104200
INI104210
INI104220
INI104230
INI104240
INI104250
INI104260
INI104270
INI104280
INI104290
INI104300
INI104310
INI104320
INI104330
INI104340
INI104350
INI104360
INI104370
INI104380
INI104410
INI104420
INI104430
INI104440
INI104450
INI104460
INI104470
INI104480
INI104490
INI104500
INI104510
INI104520
INI104530
INI104540
INI104550
INI104560
INI104570
INI104580
INI104590
INI104900
INI104910
INI104920
INI1050
INI1060
INI10612
INI10694
INI10695
INI10696
INI1100
INI1110
INI1120
INI1130
INI1160
INI12144
INI12336
INI12338
INI12340
INI12654
INI1269
INI1279
INI1289
INI1299
INI1309
INI1319
INI134
INI135
INI137
INI1438
INI1458
INI1488
INI1498
INI1518
INI1528
INI1548
INI1568
INI1578
INI1588
INI1598
INI1608
INI1737
INI1807
INI1845
INI1873
INI1883
INI189
INI20015
INI20016
INI20019
INI20021
INI20022
INI20121
INI20127
INI20150
INI20151
INI20153
INI20154
INI20191
INI20403
INI20405
INI20407
INI20408
INI20409
INI20410
INI20411
INI20412
INI20413
INI20414
INI20416
INI20418
INI20420
INI20433
INI20434
INI20436
INI20438
INI20439
INI20440
INI20442
INI20453
INI20454
INI20460
INI20461
INI20465
INI20467
INI20470
INI20473
INI20476
INI20479
INI20482
INI20485
INI20494
INI20495
INI20496
INI20497
INI20498
INI20505
INI20506
INI20507
INI20508
INI20509
INI20510
INI20511
INI20512
INI20513
INI20514
INI20515
INI20516
INI20517
INI20518
INI20519
INI20520
INI21001
INI21002
INI21021
INI21025
INI21028
INI21029
INI21030
INI21031
INI21032
INI21033
INI21034
INI21036
INI21037
INI21039
INI21040
INI21041
INI21042
INI21043
INI21044
INI21045
INI21047
INI21048
INI21049
INI21051
INI21052
INI21053
INI21054
INI21055
INI21056
INI21058
INI21059
INI21060
INI21061
INI2139
INI2149
INI22146
INI22147
INI22148
INI22149
INI22150
INI22152
INI22153
INI22154
INI22155
INI22156
INI22157
INI22159
INI22160
INI2217
INI22330
INI22331
INI22332
INI22333
INI22334
INI22335
INI22336
INI22337
INI22338
INI2237
INI22400
INI22401
INI22402
INI22403
INI22404
INI22405
INI22406
INI22407
INI22408
INI22409
INI22410
INI22420
INI22421
INI22422
INI22423
INI22424
INI22425
INI22426
INI22427
INI22503
INI22505
INI22670
INI22671
INI22672
INI22673
INI22674
INI22675
INI22676
INI22677
INI22678
INI22679
INI22680
INI22681
INI23000
INI23001
INI23002
INI23003
INI23004
INI23005
INI23006
INI23007
INI23008
INI23009
INI23010
INI23011
INI23012
INI23013
INI23014
INI23015
INI23016
INI23017
INI23018
INI23019
INI23020
INI23021
INI23022
INI23023
INI23024
INI23025
INI23026
INI23027
INI23028
INI23029
INI23030
INI23031
INI23032
INI23033
INI23034
INI23035
INI23036
INI23037
INI23038
INI23039
INI23040
INI23041
INI23042
INI23043
INI23044
INI23098
INI23099
INI23100
INI23101
INI23102
INI23104
INI23105
INI23106
INI23107
INI23108
INI23109
INI23110
INI23111
INI23112
INI23113
INI23114
INI23115
INI23116
INI23117
INI23118
INI23119
INI23120
INI23121
INI23122
INI23123
INI23124
INI23125
INI23126
INI23127
INI23128
INI23129
INI23130
INI23200
INI23201
INI23202
INI23206
INI23208
INI23209
INI23210
INI23212
INI23213
INI23214
INI23215
INI23216
INI23220
INI23221
INI23222
INI23223
INI23224
INI23225
INI23244
INI23245
INI23246
INI23247
INI23248
INI23249
INI23250
INI23251
INI23252
INI23253
INI23254
INI23255
INI23256
INI23257
INI23258
INI23259
INI23260
INI23261
INI23262
INI23263
INI23264
INI23265
INI23266
INI23267
INI23268
INI23269
INI23270
INI23271
INI23272
INI23273
INI23274
INI23275
INI23276
INI23277
INI23278
INI23279
INI23280
INI23281
INI23282
INI23283
INI23284
INI23285
INI23286
INI23287
INI23288
INI23289
INI23290
INI23291
INI23292
INI23293
INI23295
INI23296
INI23298
INI23299
INI23300
INI23302
INI23304
INI23305
INI23307
INI23309
INI23311
INI23313
INI23314
INI23315
INI23316
INI23317
INI23318
INI24003
INI24004
INI24005
INI24006
INI24007
INI24008
INI24009
INI24010
INI24011
INI24012
INI24013
INI24015
INI24016
INI24017
INI24018
INI24019
INI24020
INI24021
INI24022
INI24023
INI24024
INI2405
INI25000
INI25001
INI25002
INI25003
INI25004
INI25005
INI25006
INI25007
INI25008
INI25009
INI25010
INI25011
INI25012
INI25013
INI25014
INI25015
INI25016
INI25017
INI25018
INI25019
INI25020
INI25021
INI25022
INI25023
INI25024
INI25025
INI25026
INI25027
INI25028
INI25029
INI25030
INI25031
INI25032
INI25033
INI25034
INI25035
INI25036
INI25037
INI25038
INI25039
INI25040
INI25042
INI25044
INI25046
INI25048
INI25050
INI25052
INI25054
INI25056
INI25057
INI25058
INI25059
INI25060
INI25061
INI25062
INI25063
INI25064
INI25065
INI25066
INI25067
INI25068
INI25069
INI25070
INI25071
INI25072
INI25073
INI25074
INI25075
INI25076
INI25077
INI25078
INI25079
INI25080
INI25081
INI25082
INI25083
INI25084
INI25085
INI25086
INI25087
INI25088
INI25089
INI25090
INI25091
INI25092
INI25093
INI25094
INI25095
INI25096
INI25097
INI25098
INI25099
INI25100
INI25101
INI25102
INI25103
INI25344
INI25345
INI25346
INI25347
INI25348
INI25349
INI25350
INI25351
INI25352
INI25353
INI25354
INI25355
INI25356
INI25357
INI25358
INI25359
INI25360
INI25361
INI25362
INI25363
INI25364
INI25365
INI25366
INI25367
INI25368
INI25369
INI25370
INI25371
INI25372
INI25373
INI25374
INI25375
INI25376
INI25377
INI25378
INI25379
INI25380
INI25381
INI25382
INI25383
INI25384
INI25385
INI25386
INI25387
INI25388
INI25389
INI25390
INI25391
INI25440
INI25441
INI25442
INI25443
INI25444
INI25445
INI25446
INI25447
INI25448
INI25449
INI25450
INI25451
INI25452
INI25453
INI25454
INI25455
INI25456
INI25457
INI25458
INI25459
INI25460
INI25461
INI25462
INI25463
INI25464
INI25465
INI25466
INI25467
INI25468
INI25469
INI25470
INI25471
INI25472
INI25473
INI25474
INI25475
INI25476
INI25477
INI25478
INI25479
INI25482
INI25483
INI25488
INI25489
INI25490
INI25491
INI25492
INI25493
INI25494
INI25495
INI25496
INI25497
INI25498
INI25499
INI25500
INI25501
INI25502
INI25503
INI25504
INI25505
INI25506
INI25507
INI25508
INI25509
INI25510
INI25511
INI25512
INI25513
INI25514
INI25515
INI25516
INI25517
INI25518
INI25519
INI25520
INI25521
INI25522
INI25523
INI25524
INI25525
INI25526
INI25527
INI25528
INI25529
INI25530
INI25531
INI25532
INI25533
INI25534
INI25535
INI25536
INI25537
INI25538
INI25539
INI25540
INI25541
INI25542
INI25543
INI25544
INI25545
INI25546
INI25547
INI25548
INI25549
INI25550
INI25551
INI25552
INI25553
INI25554
INI25555
INI25556
INI25557
INI25558
INI25559
INI25560
INI25561
INI25562
INI25563
INI25564
INI25565
INI25566
INI25567
INI25568
INI25569
INI25570
INI25571
INI25572
INI25573
INI25574
INI25575
INI25576
INI25577
INI25578
INI25579
INI25580
INI25581
INI25582
INI25583
INI25584
INI25585
INI25586
INI25587
INI25588
INI25589
INI25590
INI25591
INI25592
INI25593
INI25594
INI25595
INI25596
INI25597
INI25598
INI25599
INI25600
INI25601
INI25602
INI25603
INI25604
INI25605
INI25606
INI25607
INI25608
INI25609
INI25610
INI25611
INI25612
INI25613
INI25614
INI25615
INI25616
INI25617
INI25618
INI25619
INI25620
INI25621
INI25622
INI25623
INI25624
INI25625
INI25626
INI25627
INI25628
INI25629
INI25630
INI25631
INI25632
INI25633
INI25634
INI25635
INI25636
INI25637
INI25638
INI25639
INI25640
INI25641
INI25642
INI25643
INI25644
INI25645
INI25646
INI25647
INI25648
INI25649
INI25650
INI25651
INI25652
INI25653
INI25654
INI25655
INI25656
INI25657
INI25658
INI25659
INI25660
INI25661
INI25662
INI25663
INI25664
INI25665
INI25666
INI25667
INI25668
INI25669
INI25670
INI25671
INI25672
INI25673
INI25674
INI25675
INI25676
INI25677
INI25678
INI25679
INI25680
INI25681
INI25682
INI25683
INI25684
INI25685
INI25686
INI25687
INI25688
INI25689
INI25690
INI25691
INI25692
INI25693
INI25694
INI25695
INI25696
INI25697
INI25698
INI25699
INI25700
INI25701
INI25702
INI25703
INI25704
INI25705
INI25706
INI25707
INI25708
INI25709
INI25710
INI25711
INI25712
INI25713
INI25714
INI25715
INI25716
INI25717
INI25718
INI25719
INI25720
INI25721
INI25722
INI25723
INI25724
INI25725
INI25726
INI25727
INI25728
INI25729
INI25730
INI25734
INI25735
INI25741
INI25742
INI25744
INI25761
INI25762
INI25763
INI25764
INI25765
INI25766
INI25767
INI25768
INI25780
INI25781
INI25782
INI25783
INI25784
INI25785
INI25786
INI25787
INI25788
INI25789
INI25790
INI25791
INI25792
INI25793
INI25794
INI25795
INI25796
INI25797
INI25798
INI25799
INI25800
INI25801
INI25802
INI25803
INI25804
INI25805
INI25806
INI25807
INI25808
INI25809
INI25810
INI25811
INI25812
INI25813
INI25814
INI25815
INI25816
INI25817
INI25818
INI25819
INI25820
INI25821
INI25822
INI25823
INI25824
INI25825
INI25826
INI25827
INI25828
INI25829
INI25830
INI25831
INI25832
INI25833
INI25834
INI25835
INI25836
INI25837
INI25838
INI25839
INI25840
INI25841
INI25842
INI25843
INI25844
INI25845
INI25846
INI25847
INI25848
INI25849
INI25850
INI25851
INI25852
INI25853
INI25854
INI25855
INI25856
INI25857
INI25858
INI25859
INI25860
INI25861
INI25862
INI25863
INI25864
INI25865
INI25866
INI25867
INI25868
INI25869
INI25870
INI25871
INI25872
INI25873
INI25874
INI25875
INI25876
INI25877
INI25878
INI25879
INI25880
INI25881
INI25882
INI25883
INI25884
INI25885
INI25886
INI25887
INI25888
INI25889
INI25890
INI25891
INI25892
INI25893
INI25894
INI25895
INI25896
INI25897
INI25898
INI25899
INI25900
INI25901
INI25902
INI25903
INI25904
INI25905
INI25906
INI25907
INI25908
INI25909
INI25910
INI25911
INI25912
INI25913
INI25914
INI25915
INI25916
INI25917
INI25918
INI25919
INI25920
INI2624
INI2634
INI26410
INI26411
INI26412
INI26413
INI26414
INI26415
INI26416
INI26417
INI26418
INI26419
INI26420
INI26421
INI26422
INI26423
INI26424
INI26425
INI26426
INI26427
INI26428
INI26429
INI26430
INI26431
INI26432
INI26433
INI26434
INI2714
INI2734
INI2744
INI2794
INI2824
INI2867
INI2887
INI2897
INI2926
INI2946
INI2966
INI2976
INI30000
INI30010
INI30020
INI30030
INI30040
INI30050
INI30060
INI30070
INI30080
INI30090
INI30100
INI30110
INI30120
INI30130
INI30140
INI30150
INI30160
INI30170
INI30180
INI30190
INI30200
INI30210
INI30220
INI30230
INI30240
INI30250
INI30260
INI30270
INI30280
INI30290
INI30300
INI30500
INI30510
INI30520
INI30530
INI30600
INI30610
INI3062
INI30620
INI3063
INI30630
INI3064
INI30640
INI30650
INI30660
INI30670
INI30680
INI30690
INI30700
INI30710
INI30720
INI30730
INI30740
INI30750
INI30760
INI3077
INI30770
INI30780
INI30790
INI30800
INI30810
INI30820
INI3083
INI30830
INI3084
INI30840
INI3085
INI30850
INI3086
INI30860
INI30870
INI30880
INI30890
INI30897
INI3143
INI3144
INI3146
INI3147
INI3148
INI3160
INI3436
INI3456
INI3526
INI3536
INI3546
INI3581
INI3627
INI3637
INI3647
INI3659
INI3669
INI3680
INI3700
INI3710
INI3761
INI3786
INI3829
INI3839
INI3849
INI3882
INI3894
INI3972
INI3982
INI3992
INI40007
INI40008
INI40009
INI4012
INI4022
INI4056
INI4079
INI4080
INI4100
INI4101
INI4103
INI4104
INI4105
INI4106
INI4119
INI4120
INI4122
INI4123
INI4124
INI4125
INI4138
INI4139
INI4140
INI4141
INI4142
INI4143
INI4144
INI4145
INI4146
INI4147
INI4194
INI4195
INI4196
INI4198
INI4199
INI4230
INI4233
INI4241
INI4244
INI4270
INI4277
INI4282
INI4407
INI4418
INI4429
INI4440
INI4451
INI4462
INI46
INI4609
INI4620
INI4689
INI47
INI4700
INI48
INI4814
INI49
INI50
INI5057
INI5078
INI5079
INI5084
INI5085
INI5086
INI5087
INI5088
INI5089
INI5096
INI5097
INI5098
INI5099
INI5100
INI5101
INI5102
INI5103
INI5104
INI5105
INI5106
INI5107
INI5108
INI5109
INI5110
INI5111
INI5112
INI5113
INI5114
INI5115
INI5116
INI5117
INI5118
INI5119
INI5132
INI5133
INI5134
INI5135
INI5156
INI5157
INI5158
INI5159
INI5160
INI5161
INI5162
INI5163
INI5199
INI5201
INI5206
INI5208
INI5237
INI5251
INI5254
INI5255
INI5256
INI5257
INI5262
INI5263
INI5264
INI5265
INI5274
INI5276
INI5292
INI5306
INI5364
INI5375
INI5386
INI5430
INI5901
INI5923
INI5945
INI6183
INI6194
INI767
INI77
INI78
INI84
INI87
INI874
INI884
INI894
INI904
INI914
INI924
INI93
INI94
INI943
INI95
INI971
INI981
INI991
QT_FC10001239
QT_FC10001478
QT_FC10003466
QT_FC10003476
QT_FC10003496
QT_FC10003506
QT_FC1001170
QT_FC1001180
QT_FC1001190
QT_FC1001200
QT_FC1001220
QT_FC1001329
QT_FC1001339
QT_FC1001349
QT_FC1001359
QT_FC1001369
QT_FC1001379
QT_FC1001389
QT_FC1001408
QT_FC1001558
QT_FC1001687
QT_FC1001697
QT_FC1001717
QT_FC10020018
QT_FC10020458
QT_FC10020459
QT_FC1002050
QT_FC10020536
QT_FC1002060
QT_FC1002070
QT_FC1002080
QT_FC10021050
QT_FC10021057
QT_FC1002110
QT_FC1002178
QT_FC1002296
QT_FC1002306
QT_FC1002375
QT_FC1002385
QT_FC1002395
QT_FC1002936
QT_FC1003476
QT_FC1004526
QT_FC1004537
QT_FC1004548
QT_FC1004559
QT_FC1004570
QT_FC1004581
QT_FC1004803
QT_FC1005663
QT_FC21050
QT_FC21057
